[ 2017-12-06T15:36:54+08:00 ] 127.0.0.1 /six/index.php
INFO: [ app_init ] --START--
INFO: Run Behavior\BuildLiteBehavior [ RunTime:0.000015s ]
INFO: [ app_init ] --END-- [ RunTime:0.014795s ]
INFO: [ app_begin ] --START--
INFO: Run Behavior\ReadHtmlCacheBehavior [ RunTime:0.023559s ]
INFO: [ app_begin ] --END-- [ RunTime:0.023802s ]
SQL: SHOW COLUMNS FROM `category` [ RunTime:0.7380s ]
SQL: SELECT * FROM `category`  [ RunTime:0.0358s ]
INFO: [ view_parse ] --START--
INFO: [ template_filter ] --START--
INFO: Run Behavior\ContentReplaceBehavior [ RunTime:0.084903s ]
INFO: [ template_filter ] --END-- [ RunTime:0.085197s ]
INFO: Run Behavior\ParseTemplateBehavior [ RunTime:0.209280s ]
INFO: [ view_parse ] --END-- [ RunTime:0.209482s ]
INFO: [ view_filter ] --START--
INFO: Run Behavior\WriteHtmlCacheBehavior [ RunTime:0.013250s ]
INFO: [ view_filter ] --END-- [ RunTime:0.013332s ]
INFO: [ app_end ] --START--
INFO: Run Behavior\ShowPageTraceBehavior [ RunTime:0.052416s ]
INFO: [ app_end ] --END-- [ RunTime:0.052604s ]

[ 2017-12-06T15:37:02+08:00 ] 127.0.0.1 /six/index.php/Home/Index/login.html
INFO: [ app_init ] --START--
INFO: Run Behavior\BuildLiteBehavior [ RunTime:0.000023s ]
INFO: [ app_init ] --END-- [ RunTime:0.001610s ]
INFO: [ app_begin ] --START--
INFO: Run Behavior\ReadHtmlCacheBehavior [ RunTime:0.001103s ]
INFO: [ app_begin ] --END-- [ RunTime:0.001247s ]
INFO: [ view_parse ] --START--
INFO: [ template_filter ] --START--
INFO: Run Behavior\ContentReplaceBehavior [ RunTime:0.000095s ]
INFO: [ template_filter ] --END-- [ RunTime:0.000223s ]
INFO: Run Behavior\ParseTemplateBehavior [ RunTime:0.078540s ]
INFO: [ view_parse ] --END-- [ RunTime:0.078675s ]
INFO: [ view_filter ] --START--
INFO: Run Behavior\WriteHtmlCacheBehavior [ RunTime:0.000617s ]
INFO: [ view_filter ] --END-- [ RunTime:0.000686s ]
INFO: [ app_end ] --START--
INFO: Run Behavior\ShowPageTraceBehavior [ RunTime:0.000974s ]
INFO: [ app_end ] --END-- [ RunTime:0.001057s ]

[ 2017-12-06T20:33:52+08:00 ] 127.0.0.1 /six/index.php
INFO: [ app_init ] --START--
INFO: Run Behavior\BuildLiteBehavior [ RunTime:0.000028s ]
INFO: [ app_init ] --END-- [ RunTime:0.006372s ]
INFO: [ app_begin ] --START--
INFO: Run Behavior\ReadHtmlCacheBehavior [ RunTime:0.015014s ]
INFO: [ app_begin ] --END-- [ RunTime:0.015185s ]
SQL: SHOW COLUMNS FROM `category` [ RunTime:0.0637s ]
SQL: SELECT * FROM `category`  [ RunTime:0.0021s ]
INFO: [ view_parse ] --START--
INFO: [ template_filter ] --START--
INFO: Run Behavior\ContentReplaceBehavior [ RunTime:0.000427s ]
INFO: [ template_filter ] --END-- [ RunTime:0.000502s ]
INFO: Run Behavior\ParseTemplateBehavior [ RunTime:0.111405s ]
INFO: [ view_parse ] --END-- [ RunTime:0.111495s ]
INFO: [ view_filter ] --START--
INFO: Run Behavior\WriteHtmlCacheBehavior [ RunTime:0.018429s ]
INFO: [ view_filter ] --END-- [ RunTime:0.018545s ]
INFO: [ app_end ] --START--
INFO: Run Behavior\ShowPageTraceBehavior [ RunTime:0.007911s ]
INFO: [ app_end ] --END-- [ RunTime:0.008026s ]

