[ 2017-12-19T11:29:48+08:00 ] 127.0.0.1 /six/index.php
INFO: [ app_init ] --START--
INFO: Run Behavior\BuildLiteBehavior [ RunTime:0.000040s ]
INFO: [ app_init ] --END-- [ RunTime:0.006374s ]
INFO: [ app_begin ] --START--
INFO: Run Behavior\ReadHtmlCacheBehavior [ RunTime:0.015434s ]
INFO: [ app_begin ] --END-- [ RunTime:0.015506s ]
SQL: SHOW COLUMNS FROM `category` [ RunTime:0.0968s ]
SQL: SELECT * FROM `category`  [ RunTime:0.0011s ]
INFO: [ view_parse ] --START--
INFO: [ template_filter ] --START--
INFO: Run Behavior\ContentReplaceBehavior [ RunTime:0.000351s ]
INFO: [ template_filter ] --END-- [ RunTime:0.000419s ]
INFO: Run Behavior\ParseTemplateBehavior [ RunTime:0.103284s ]
INFO: [ view_parse ] --END-- [ RunTime:0.103345s ]
INFO: [ view_filter ] --START--
INFO: Run Behavior\WriteHtmlCacheBehavior [ RunTime:0.040298s ]
INFO: [ view_filter ] --END-- [ RunTime:0.040361s ]
INFO: [ app_end ] --START--
INFO: Run Behavior\ShowPageTraceBehavior [ RunTime:0.052705s ]
INFO: [ app_end ] --END-- [ RunTime:0.052784s ]

[ 2017-12-19T19:12:02+08:00 ] 127.0.0.1 /six/index.php/home/Index/find
INFO: [ app_init ] --START--
INFO: Run Behavior\BuildLiteBehavior [ RunTime:0.000013s ]
INFO: [ app_init ] --END-- [ RunTime:0.000506s ]
INFO: [ app_begin ] --START--
INFO: Run Behavior\ReadHtmlCacheBehavior [ RunTime:0.000591s ]
INFO: [ app_begin ] --END-- [ RunTime:0.000646s ]
INFO: [ view_parse ] --START--
INFO: [ template_filter ] --START--
INFO: Run Behavior\ContentReplaceBehavior [ RunTime:0.000035s ]
INFO: [ template_filter ] --END-- [ RunTime:0.000087s ]
NOTIC: [8] Undefined variable: res E:\wamp\apache\htdocs\six\Application\Runtime\Cache\Home\6406bbca4ca8df1530d012b5201fd7a7.php 第 20 行.
INFO: Run Behavior\ParseTemplateBehavior [ RunTime:0.058064s ]
INFO: [ view_parse ] --END-- [ RunTime:0.058121s ]
INFO: [ view_filter ] --START--
INFO: Run Behavior\WriteHtmlCacheBehavior [ RunTime:0.000531s ]
INFO: [ view_filter ] --END-- [ RunTime:0.000574s ]
INFO: [ app_end ] --START--
INFO: Run Behavior\ShowPageTraceBehavior [ RunTime:0.000583s ]
INFO: [ app_end ] --END-- [ RunTime:0.000634s ]

[ 2017-12-19T19:12:07+08:00 ] 127.0.0.1 /six/index.php/Home/Find/find_do.html
INFO: [ app_init ] --START--
INFO: Run Behavior\BuildLiteBehavior [ RunTime:0.000012s ]
INFO: [ app_init ] --END-- [ RunTime:0.000534s ]
INFO: [ app_begin ] --START--
INFO: Run Behavior\ReadHtmlCacheBehavior [ RunTime:0.000597s ]
INFO: [ app_begin ] --END-- [ RunTime:0.000649s ]

[ 2017-12-19T19:12:14+08:00 ] 127.0.0.1 /six/index.php/Home/Index/index.html
INFO: [ app_init ] --START--
INFO: Run Behavior\BuildLiteBehavior [ RunTime:0.000013s ]
INFO: [ app_init ] --END-- [ RunTime:0.000494s ]
INFO: [ app_begin ] --START--
INFO: Run Behavior\ReadHtmlCacheBehavior [ RunTime:0.000536s ]
INFO: [ app_begin ] --END-- [ RunTime:0.000597s ]
SQL: SHOW COLUMNS FROM `category` [ RunTime:0.0054s ]
SQL: SELECT * FROM `category`  [ RunTime:0.0013s ]
INFO: [ view_parse ] --START--
INFO: [ template_filter ] --START--
INFO: Run Behavior\ContentReplaceBehavior [ RunTime:0.000330s ]
INFO: [ template_filter ] --END-- [ RunTime:0.000401s ]
INFO: Run Behavior\ParseTemplateBehavior [ RunTime:0.170704s ]
INFO: [ view_parse ] --END-- [ RunTime:0.170769s ]
INFO: [ view_filter ] --START--
INFO: Run Behavior\WriteHtmlCacheBehavior [ RunTime:0.000433s ]
INFO: [ view_filter ] --END-- [ RunTime:0.000481s ]
INFO: [ app_end ] --START--
INFO: Run Behavior\ShowPageTraceBehavior [ RunTime:0.000612s ]
INFO: [ app_end ] --END-- [ RunTime:0.000676s ]

[ 2017-12-19T19:12:16+08:00 ] 127.0.0.1 /six/index.php/Home/Goods/goodsList/cat_id/3.html
INFO: [ app_init ] --START--
INFO: Run Behavior\BuildLiteBehavior [ RunTime:0.000012s ]
INFO: [ app_init ] --END-- [ RunTime:0.000439s ]
INFO: [ app_begin ] --START--
INFO: Run Behavior\ReadHtmlCacheBehavior [ RunTime:0.000486s ]
INFO: [ app_begin ] --END-- [ RunTime:0.000539s ]
SQL: SHOW COLUMNS FROM `category` [ RunTime:0.0052s ]
SQL: SELECT * FROM `category`  [ RunTime:0.0012s ]
SQL: SHOW COLUMNS FROM `goods` [ RunTime:0.0061s ]
SQL: SELECT * FROM `goods` WHERE ( cat_id in (3,11,12) )  [ RunTime:0.0735s ]
INFO: [ view_parse ] --START--
INFO: [ template_filter ] --START--
INFO: Run Behavior\ContentReplaceBehavior [ RunTime:0.000310s ]
INFO: [ template_filter ] --END-- [ RunTime:0.000398s ]
INFO: Run Behavior\ParseTemplateBehavior [ RunTime:0.064546s ]
INFO: [ view_parse ] --END-- [ RunTime:0.064671s ]
INFO: [ view_filter ] --START--
INFO: Run Behavior\WriteHtmlCacheBehavior [ RunTime:0.000526s ]
INFO: [ view_filter ] --END-- [ RunTime:0.000595s ]
INFO: [ app_end ] --START--
INFO: Run Behavior\ShowPageTraceBehavior [ RunTime:0.000915s ]
INFO: [ app_end ] --END-- [ RunTime:0.001012s ]

[ 2017-12-19T19:12:19+08:00 ] 127.0.0.1 /six/index.php/Home/Index/product/goods_id/33.html
INFO: [ app_init ] --START--
INFO: Run Behavior\BuildLiteBehavior [ RunTime:0.000014s ]
INFO: [ app_init ] --END-- [ RunTime:0.000435s ]
INFO: [ app_begin ] --START--
INFO: Run Behavior\ReadHtmlCacheBehavior [ RunTime:0.000510s ]
INFO: [ app_begin ] --END-- [ RunTime:0.000575s ]
SQL: SHOW COLUMNS FROM `goods` [ RunTime:0.0050s ]
SQL: SELECT * FROM `goods` WHERE ( goods_id='33' ) LIMIT 1   [ RunTime:0.0012s ]
SQL: SHOW COLUMNS FROM `goods_attr` [ RunTime:0.0057s ]
SQL: SELECT g.goods_attr_id,g.goods_id,g.attr_id,g.attr_values,g.price,a.attr_type,a.attr_name FROM goods_attr g INNER JOIN attribute a on g.attr_id=a.attr_id  WHERE ( g.goods_id='33' )  [ RunTime:0.0270s ]
INFO: [ view_parse ] --START--
INFO: [ template_filter ] --START--
INFO: Run Behavior\ContentReplaceBehavior [ RunTime:0.000368s ]
INFO: [ template_filter ] --END-- [ RunTime:0.000451s ]
INFO: Run Behavior\ParseTemplateBehavior [ RunTime:0.040146s ]
INFO: [ view_parse ] --END-- [ RunTime:0.040212s ]
INFO: [ view_filter ] --START--
INFO: Run Behavior\WriteHtmlCacheBehavior [ RunTime:0.000353s ]
INFO: [ view_filter ] --END-- [ RunTime:0.000396s ]
INFO: [ app_end ] --START--
INFO: Run Behavior\ShowPageTraceBehavior [ RunTime:0.000654s ]
INFO: [ app_end ] --END-- [ RunTime:0.000725s ]

[ 2017-12-19T19:21:28+08:00 ] 127.0.0.1 /six/index.php/Home/Cart/cartAdd?goods_id=33&num=1&goods_attr_id%5B%5D=45&goods_attr_id%5B%5D=47&goods_values%5B%5D=%E5%B1%8F%E5%B9%95%E5%A4%A7%E5%B0%8F%EF%BC%9A14%E5%AF%B8&goods_values%5B%5D=%E5%86%85%E5%AD%98%EF%BC%9A32G
INFO: [ app_init ] --START--
INFO: Run Behavior\BuildLiteBehavior [ RunTime:0.000022s ]
INFO: [ app_init ] --END-- [ RunTime:0.000782s ]
INFO: [ app_begin ] --START--
INFO: Run Behavior\ReadHtmlCacheBehavior [ RunTime:0.001023s ]
INFO: [ app_begin ] --END-- [ RunTime:0.001120s ]
SQL: SHOW COLUMNS FROM `goods` [ RunTime:0.0092s ]
SQL: SELECT * FROM `goods` WHERE ( goods_id='33' ) LIMIT 1   [ RunTime:0.0018s ]
SQL: SHOW COLUMNS FROM `goods_attr` [ RunTime:0.0073s ]
SQL: SELECT sum(price) as price FROM `goods_attr` WHERE ( goods_attr_id in (45,47) )  [ RunTime:0.0410s ]
SQL: SHOW COLUMNS FROM `product` [ RunTime:0.0125s ]
SQL: SELECT * FROM `product` WHERE ( goods_id='33' and goods_attr='45,47' ) LIMIT 1   [ RunTime:0.0028s ]
SQL: SHOW COLUMNS FROM `cart` [ RunTime:0.0091s ]
SQL: SELECT * FROM `cart` WHERE ( user_id='1' and goods_id='33' and goods_attr_id='45,47' ) LIMIT 1   [ RunTime:0.0013s ]
SQL: INSERT INTO `cart` (`user_id`,`goods_id`,`goods_sn`,`product_id`,`goods_name`,`goods_price`,`goods_number`,`goods_attr`,`goods_attr_id`) VALUES ('1','33','ECS000032','18','99999','3100','1','屏幕大小：14寸,内存：32G','45,47') [ RunTime:0.0443s ]

[ 2017-12-19T19:21:30+08:00 ] 127.0.0.1 /six/index.php/Home/Cart/buyCar.html
INFO: [ app_init ] --START--
INFO: Run Behavior\BuildLiteBehavior [ RunTime:0.000011s ]
INFO: [ app_init ] --END-- [ RunTime:0.000427s ]
INFO: [ app_begin ] --START--
INFO: Run Behavior\ReadHtmlCacheBehavior [ RunTime:0.000512s ]
INFO: [ app_begin ] --END-- [ RunTime:0.000564s ]
SQL: SHOW COLUMNS FROM `cart` [ RunTime:0.0056s ]
SQL: SELECT * FROM `cart`  [ RunTime:0.0010s ]
INFO: [ view_parse ] --START--
INFO: [ template_filter ] --START--
INFO: Run Behavior\ContentReplaceBehavior [ RunTime:0.000226s ]
INFO: [ template_filter ] --END-- [ RunTime:0.000297s ]
INFO: Run Behavior\ParseTemplateBehavior [ RunTime:0.038272s ]
INFO: [ view_parse ] --END-- [ RunTime:0.038336s ]
INFO: [ view_filter ] --START--
INFO: Run Behavior\WriteHtmlCacheBehavior [ RunTime:0.000436s ]
INFO: [ view_filter ] --END-- [ RunTime:0.000481s ]
INFO: [ app_end ] --START--
INFO: Run Behavior\ShowPageTraceBehavior [ RunTime:0.000729s ]
INFO: [ app_end ] --END-- [ RunTime:0.000791s ]

[ 2017-12-19T19:21:47+08:00 ] 127.0.0.1 /six/index.php/Home/Index/index.html
INFO: [ app_init ] --START--
INFO: Run Behavior\BuildLiteBehavior [ RunTime:0.000016s ]
INFO: [ app_init ] --END-- [ RunTime:0.000450s ]
INFO: [ app_begin ] --START--
INFO: Run Behavior\ReadHtmlCacheBehavior [ RunTime:0.000538s ]
INFO: [ app_begin ] --END-- [ RunTime:0.000596s ]
SQL: SHOW COLUMNS FROM `category` [ RunTime:0.0048s ]
SQL: SELECT * FROM `category`  [ RunTime:0.0012s ]
INFO: [ view_parse ] --START--
INFO: [ template_filter ] --START--
INFO: Run Behavior\ContentReplaceBehavior [ RunTime:0.000357s ]
INFO: [ template_filter ] --END-- [ RunTime:0.000426s ]
INFO: Run Behavior\ParseTemplateBehavior [ RunTime:0.027866s ]
INFO: [ view_parse ] --END-- [ RunTime:0.027928s ]
INFO: [ view_filter ] --START--
INFO: Run Behavior\WriteHtmlCacheBehavior [ RunTime:0.000508s ]
INFO: [ view_filter ] --END-- [ RunTime:0.000588s ]
INFO: [ app_end ] --START--
INFO: Run Behavior\ShowPageTraceBehavior [ RunTime:0.001342s ]
INFO: [ app_end ] --END-- [ RunTime:0.001445s ]

[ 2017-12-19T19:24:08+08:00 ] 127.0.0.1 /six/index.php/Home/Goods/goodsList/cat_id/3.html
INFO: [ app_init ] --START--
INFO: Run Behavior\BuildLiteBehavior [ RunTime:0.000013s ]
INFO: [ app_init ] --END-- [ RunTime:0.000493s ]
INFO: [ app_begin ] --START--
INFO: Run Behavior\ReadHtmlCacheBehavior [ RunTime:0.000786s ]
INFO: [ app_begin ] --END-- [ RunTime:0.000867s ]
SQL: SHOW COLUMNS FROM `category` [ RunTime:0.0053s ]
SQL: SELECT * FROM `category`  [ RunTime:0.0013s ]
SQL: SHOW COLUMNS FROM `goods` [ RunTime:0.0059s ]
SQL: SELECT * FROM `goods` WHERE ( cat_id in (3,11,12) )  [ RunTime:0.0013s ]
INFO: [ view_parse ] --START--
INFO: [ template_filter ] --START--
INFO: Run Behavior\ContentReplaceBehavior [ RunTime:0.000274s ]
INFO: [ template_filter ] --END-- [ RunTime:0.000341s ]
INFO: Run Behavior\ParseTemplateBehavior [ RunTime:0.017505s ]
INFO: [ view_parse ] --END-- [ RunTime:0.017580s ]
INFO: [ view_filter ] --START--
INFO: Run Behavior\WriteHtmlCacheBehavior [ RunTime:0.000790s ]
INFO: [ view_filter ] --END-- [ RunTime:0.000855s ]
INFO: [ app_end ] --START--
INFO: Run Behavior\ShowPageTraceBehavior [ RunTime:0.000798s ]
INFO: [ app_end ] --END-- [ RunTime:0.000885s ]

[ 2017-12-19T19:24:14+08:00 ] 127.0.0.1 /six/index.php/Home/Index/product/goods_id/33.html
INFO: [ app_init ] --START--
INFO: Run Behavior\BuildLiteBehavior [ RunTime:0.000014s ]
INFO: [ app_init ] --END-- [ RunTime:0.000463s ]
INFO: [ app_begin ] --START--
INFO: Run Behavior\ReadHtmlCacheBehavior [ RunTime:0.000667s ]
INFO: [ app_begin ] --END-- [ RunTime:0.000740s ]
SQL: SHOW COLUMNS FROM `goods` [ RunTime:0.0057s ]
SQL: SELECT * FROM `goods` WHERE ( goods_id='33' ) LIMIT 1   [ RunTime:0.0010s ]
SQL: SHOW COLUMNS FROM `goods_attr` [ RunTime:0.0049s ]
SQL: SELECT g.goods_attr_id,g.goods_id,g.attr_id,g.attr_values,g.price,a.attr_type,a.attr_name FROM goods_attr g INNER JOIN attribute a on g.attr_id=a.attr_id  WHERE ( g.goods_id='33' )  [ RunTime:0.0013s ]
INFO: [ view_parse ] --START--
INFO: [ template_filter ] --START--
INFO: Run Behavior\ContentReplaceBehavior [ RunTime:0.000388s ]
INFO: [ template_filter ] --END-- [ RunTime:0.000592s ]
INFO: Run Behavior\ParseTemplateBehavior [ RunTime:0.067008s ]
INFO: [ view_parse ] --END-- [ RunTime:0.067093s ]
INFO: [ view_filter ] --START--
INFO: Run Behavior\WriteHtmlCacheBehavior [ RunTime:0.000484s ]
INFO: [ view_filter ] --END-- [ RunTime:0.000545s ]
INFO: [ app_end ] --START--
INFO: Run Behavior\ShowPageTraceBehavior [ RunTime:0.000737s ]
INFO: [ app_end ] --END-- [ RunTime:0.000819s ]

[ 2017-12-19T19:24:16+08:00 ] 127.0.0.1 /six/index.php/Home/Cart/cartAdd?goods_id=33&num=1&goods_attr_id%5B%5D=45&goods_attr_id%5B%5D=47&goods_values%5B%5D=%E5%B1%8F%E5%B9%95%E5%A4%A7%E5%B0%8F%EF%BC%9A14%E5%AF%B8&goods_values%5B%5D=%E5%86%85%E5%AD%98%EF%BC%9A32G
INFO: [ app_init ] --START--
INFO: Run Behavior\BuildLiteBehavior [ RunTime:0.000012s ]
INFO: [ app_init ] --END-- [ RunTime:0.000437s ]
INFO: [ app_begin ] --START--
INFO: Run Behavior\ReadHtmlCacheBehavior [ RunTime:0.000522s ]
INFO: [ app_begin ] --END-- [ RunTime:0.000572s ]
SQL: SHOW COLUMNS FROM `goods` [ RunTime:0.0048s ]
SQL: SELECT * FROM `goods` WHERE ( goods_id='33' ) LIMIT 1   [ RunTime:0.0010s ]
SQL: SHOW COLUMNS FROM `goods_attr` [ RunTime:0.0044s ]
SQL: SELECT sum(price) as price FROM `goods_attr` WHERE ( goods_attr_id in (45,47) )  [ RunTime:0.0011s ]
SQL: SHOW COLUMNS FROM `product` [ RunTime:0.0043s ]
SQL: SELECT * FROM `product` WHERE ( goods_id='33' and goods_attr='45,47' ) LIMIT 1   [ RunTime:0.0013s ]
SQL: SHOW COLUMNS FROM `cart` [ RunTime:0.0046s ]
SQL: SELECT * FROM `cart` WHERE ( user_id='1' and goods_id='33' and goods_attr_id='45,47' ) LIMIT 1   [ RunTime:0.0010s ]
SQL: UPDATE `cart` SET `user_id`='1',`session_id`='',`goods_id`='33',`goods_sn`='ECS000032',`product_id`='18',`goods_name`='99999',`goods_price`='3100.00',`goods_number`='2',`goods_attr`='屏幕大小：14寸,内存：32G',`goods_attr_id`='45,47' WHERE `cart_id` = 11 [ RunTime:0.1018s ]

[ 2017-12-19T19:24:17+08:00 ] 127.0.0.1 /six/index.php/Home/Cart/buyCar.html
INFO: [ app_init ] --START--
INFO: Run Behavior\BuildLiteBehavior [ RunTime:0.000013s ]
INFO: [ app_init ] --END-- [ RunTime:0.000432s ]
INFO: [ app_begin ] --START--
INFO: Run Behavior\ReadHtmlCacheBehavior [ RunTime:0.000524s ]
INFO: [ app_begin ] --END-- [ RunTime:0.000576s ]
SQL: SHOW COLUMNS FROM `cart` [ RunTime:0.0053s ]
SQL: SELECT * FROM `cart`  [ RunTime:0.0011s ]
INFO: [ view_parse ] --START--
INFO: [ template_filter ] --START--
INFO: Run Behavior\ContentReplaceBehavior [ RunTime:0.000249s ]
INFO: [ template_filter ] --END-- [ RunTime:0.000313s ]
INFO: Run Behavior\ParseTemplateBehavior [ RunTime:0.016781s ]
INFO: [ view_parse ] --END-- [ RunTime:0.016853s ]
INFO: [ view_filter ] --START--
INFO: Run Behavior\WriteHtmlCacheBehavior [ RunTime:0.000469s ]
INFO: [ view_filter ] --END-- [ RunTime:0.000517s ]
INFO: [ app_end ] --START--
INFO: Run Behavior\ShowPageTraceBehavior [ RunTime:0.000649s ]
INFO: [ app_end ] --END-- [ RunTime:0.000717s ]

[ 2017-12-19T19:24:22+08:00 ] 127.0.0.1 /six/index.php/Home/Cart/changeNum?num=2&cart_id=11
INFO: [ app_init ] --START--
INFO: Run Behavior\BuildLiteBehavior [ RunTime:0.000014s ]
INFO: [ app_init ] --END-- [ RunTime:0.000482s ]
INFO: [ app_begin ] --START--
INFO: Run Behavior\ReadHtmlCacheBehavior [ RunTime:0.000602s ]
INFO: [ app_begin ] --END-- [ RunTime:0.000668s ]
SQL: SHOW COLUMNS FROM `cart` [ RunTime:0.0044s ]
SQL: UPDATE `cart` SET `goods_number`='2' WHERE `cart_id` = 11 [ RunTime:0.0007s ]
INFO: [ app_end ] --START--
INFO: Run Behavior\ShowPageTraceBehavior [ RunTime:0.000646s ]
INFO: [ app_end ] --END-- [ RunTime:0.000698s ]

[ 2017-12-19T19:24:22+08:00 ] 127.0.0.1 /six/index.php/Home/Cart/changeNum?num=3&cart_id=11
INFO: [ app_init ] --START--
INFO: Run Behavior\BuildLiteBehavior [ RunTime:0.000014s ]
INFO: [ app_init ] --END-- [ RunTime:0.000477s ]
INFO: [ app_begin ] --START--
INFO: Run Behavior\ReadHtmlCacheBehavior [ RunTime:0.000540s ]
INFO: [ app_begin ] --END-- [ RunTime:0.000591s ]
SQL: SHOW COLUMNS FROM `cart` [ RunTime:0.0046s ]
SQL: UPDATE `cart` SET `goods_number`='3' WHERE `cart_id` = 11 [ RunTime:0.0516s ]
SQL: SELECT * FROM `cart` WHERE ( user_id='1' )  [ RunTime:0.0008s ]

[ 2017-12-19T19:24:23+08:00 ] 127.0.0.1 /six/index.php/Home/Cart/changeNum?num=4&cart_id=11
INFO: [ app_init ] --START--
INFO: Run Behavior\BuildLiteBehavior [ RunTime:0.000011s ]
INFO: [ app_init ] --END-- [ RunTime:0.000431s ]
INFO: [ app_begin ] --START--
INFO: Run Behavior\ReadHtmlCacheBehavior [ RunTime:0.000521s ]
INFO: [ app_begin ] --END-- [ RunTime:0.000568s ]
SQL: SHOW COLUMNS FROM `cart` [ RunTime:0.0052s ]
SQL: UPDATE `cart` SET `goods_number`='4' WHERE `cart_id` = 11 [ RunTime:0.0667s ]
SQL: SELECT * FROM `cart` WHERE ( user_id='1' )  [ RunTime:0.0009s ]

[ 2017-12-19T19:24:29+08:00 ] 127.0.0.1 /six/index.php/Home/Cart/changeNum?num=21&cart_id=11
INFO: [ app_init ] --START--
INFO: Run Behavior\BuildLiteBehavior [ RunTime:0.000037s ]
INFO: [ app_init ] --END-- [ RunTime:0.001181s ]
INFO: [ app_begin ] --START--
INFO: Run Behavior\ReadHtmlCacheBehavior [ RunTime:0.000763s ]
INFO: [ app_begin ] --END-- [ RunTime:0.000842s ]
SQL: SHOW COLUMNS FROM `cart` [ RunTime:0.0076s ]
SQL: UPDATE `cart` SET `goods_number`='21' WHERE `cart_id` = 11 [ RunTime:0.0535s ]
SQL: SELECT * FROM `cart` WHERE ( user_id='1' )  [ RunTime:0.0009s ]

[ 2017-12-19T19:24:33+08:00 ] 127.0.0.1 /six/index.php/Home/Cart/buyCar_two
INFO: [ app_init ] --START--
INFO: Run Behavior\BuildLiteBehavior [ RunTime:0.000015s ]
INFO: [ app_init ] --END-- [ RunTime:0.000489s ]
INFO: [ app_begin ] --START--
INFO: Run Behavior\ReadHtmlCacheBehavior [ RunTime:0.001558s ]
INFO: [ app_begin ] --END-- [ RunTime:0.001653s ]
SQL: SHOW COLUMNS FROM `user_address` [ RunTime:0.0062s ]
SQL: SELECT * FROM `user_address` WHERE ( user_id='1' )  [ RunTime:0.0010s ]
SQL: SHOW COLUMNS FROM `region` [ RunTime:0.0050s ]
SQL: SELECT * FROM `region` WHERE ( region_id in (1,2,37,410) )  [ RunTime:0.0793s ]
SQL: SELECT * FROM `region` WHERE ( region_id in (1,2,20,500) )  [ RunTime:0.0006s ]
SQL: SELECT * FROM `region` WHERE ( region_id in (0,2,50,501) )  [ RunTime:0.0006s ]
SQL: SHOW COLUMNS FROM `cart` [ RunTime:0.0046s ]
SQL: SELECT * FROM `cart`  [ RunTime:0.0013s ]
SQL: SHOW COLUMNS FROM `user_c` [ RunTime:0.0047s ]
SQL: SELECT * FROM user_c u LEFT JOIN coupon c ON u.coupon_id=c.coupon_id LEFT JOIN conditions cc ON c.condition_id=cc.condition_id WHERE user_id='1' [ RunTime:0.0025s ]
SQL: SELECT * FROM `region` WHERE ( parent_id=0 )  [ RunTime:0.0005s ]
INFO: [ view_parse ] --START--
INFO: [ template_filter ] --START--
INFO: Run Behavior\ContentReplaceBehavior [ RunTime:0.000247s ]
INFO: [ template_filter ] --END-- [ RunTime:0.000308s ]
INFO: Run Behavior\ParseTemplateBehavior [ RunTime:0.037672s ]
INFO: [ view_parse ] --END-- [ RunTime:0.037738s ]
INFO: [ view_filter ] --START--
INFO: Run Behavior\WriteHtmlCacheBehavior [ RunTime:0.000451s ]
INFO: [ view_filter ] --END-- [ RunTime:0.000505s ]
INFO: [ app_end ] --START--
INFO: Run Behavior\ShowPageTraceBehavior [ RunTime:0.000736s ]
INFO: [ app_end ] --END-- [ RunTime:0.000807s ]

[ 2017-12-19T19:28:35+08:00 ] 127.0.0.1 /six/index.php/Home/Order/addOrder.html
INFO: [ app_init ] --START--
INFO: Run Behavior\BuildLiteBehavior [ RunTime:0.000015s ]
INFO: [ app_init ] --END-- [ RunTime:0.000430s ]
INFO: [ app_begin ] --START--
INFO: Run Behavior\ReadHtmlCacheBehavior [ RunTime:0.000708s ]
INFO: [ app_begin ] --END-- [ RunTime:0.000768s ]
SQL: SHOW COLUMNS FROM `user_address` [ RunTime:0.0111s ]
SQL: SELECT * FROM `user_address` WHERE ( user_id='1' and address_id=3 ) LIMIT 1   [ RunTime:0.0021s ]
SQL: SHOW COLUMNS FROM `cart` [ RunTime:0.0055s ]
SQL: SELECT * FROM `cart` WHERE ( user_id='1' )  [ RunTime:0.0011s ]
SQL: SHOW COLUMNS FROM `order_info` [ RunTime:0.0046s ]
SQL: INSERT INTO `order_info` (`order_sn`,`user_id`,`order_status`,`pay_status`,`shipping_name`,`shipping_id`,`consignee`,`country`,`province`,`city`,`district`,`tel`,`address`,`pay_id`,`pay_name`,`goods_amount`,`order_amount`) VALUES ('15136829142423','1','1','0','申通快递','1','岩岩','0','2','20','500','12356','八维','1','余额支付','68250','68250') [ RunTime:0.0009s ]
SQL: SHOW COLUMNS FROM `order_goods` [ RunTime:0.0055s ]
SQL: INSERT INTO `order_goods` (`goods_id`,`goods_sn`,`product_id`,`goods_name`,`goods_price`,`goods_number`,`goods_attr`,`goods_attr_id`,`order_id`) VALUES ('33','ECS000032','17','99999','3150.00','1','屏幕大小：14寸,内存：128G','45,48','58'),('33','ECS000032','18','99999','3100.00','21','屏幕大小：14寸,内存：32G','45,47','58') [ RunTime:0.0008s ]
SQL: SHOW COLUMNS FROM `product` [ RunTime:0.0048s ]
SQL: SELECT * FROM `product` WHERE ( goods_id=33 and goods_attr='45,48' ) LIMIT 1   [ RunTime:0.0010s ]
SQL: UPDATE `product` SET `goods_id`='33',`goods_attr`='45,48',`product_number`='142',`product_sn`='' WHERE `product_id` = 17 [ RunTime:0.0005s ]
SQL: SELECT * FROM `product` WHERE ( goods_id=33 and goods_attr='45,47' ) LIMIT 1   [ RunTime:0.0005s ]
SQL: UPDATE `product` SET `goods_id`='33',`goods_attr`='45,47',`product_number`='120',`product_sn`='' WHERE `product_id` = 18 [ RunTime:0.0004s ]

[ 2017-12-19T19:28:35+08:00 ] 127.0.0.1 /six/index.php/Home/Order/sellOrder/order_sn/15136829142423.html
INFO: [ app_init ] --START--
INFO: Run Behavior\BuildLiteBehavior [ RunTime:0.000014s ]
INFO: [ app_init ] --END-- [ RunTime:0.000484s ]
INFO: [ app_begin ] --START--
INFO: Run Behavior\ReadHtmlCacheBehavior [ RunTime:0.000591s ]
INFO: [ app_begin ] --END-- [ RunTime:0.000654s ]
INFO: [ app_end ] --START--
INFO: Run Behavior\ShowPageTraceBehavior [ RunTime:0.000752s ]
INFO: [ app_end ] --END-- [ RunTime:0.000823s ]

[ 2017-12-19T19:28:41+08:00 ] 127.0.0.1 /six/index.php/Home/Order/addOrder.html
INFO: [ app_init ] --START--
INFO: Run Behavior\BuildLiteBehavior [ RunTime:0.000013s ]
INFO: [ app_init ] --END-- [ RunTime:0.000462s ]
INFO: [ app_begin ] --START--
INFO: Run Behavior\ReadHtmlCacheBehavior [ RunTime:0.000564s ]
INFO: [ app_begin ] --END-- [ RunTime:0.000619s ]
SQL: SHOW COLUMNS FROM `user_address` [ RunTime:0.0049s ]
SQL: SELECT * FROM `user_address` WHERE ( user_id='1' and address_id=3 ) LIMIT 1   [ RunTime:0.0010s ]
SQL: SHOW COLUMNS FROM `cart` [ RunTime:0.0044s ]
SQL: SELECT * FROM `cart` WHERE ( user_id='1' )  [ RunTime:0.0011s ]
SQL: SHOW COLUMNS FROM `order_info` [ RunTime:0.0051s ]
SQL: INSERT INTO `order_info` (`order_sn`,`user_id`,`order_status`,`pay_status`,`shipping_name`,`shipping_id`,`consignee`,`country`,`province`,`city`,`district`,`tel`,`address`,`pay_id`,`pay_name`,`goods_amount`,`order_amount`) VALUES ('15136829212595','1','1','0','申通快递','1','岩岩','0','2','20','500','12356','八维','1','余额支付','68250','68250') [ RunTime:0.0007s ]
SQL: SHOW COLUMNS FROM `order_goods` [ RunTime:0.0046s ]
SQL: INSERT INTO `order_goods` (`goods_id`,`goods_sn`,`product_id`,`goods_name`,`goods_price`,`goods_number`,`goods_attr`,`goods_attr_id`,`order_id`) VALUES ('33','ECS000032','17','99999','3150.00','1','屏幕大小：14寸,内存：128G','45,48','59'),('33','ECS000032','18','99999','3100.00','21','屏幕大小：14寸,内存：32G','45,47','59') [ RunTime:0.0008s ]
SQL: SHOW COLUMNS FROM `product` [ RunTime:0.0041s ]
SQL: SELECT * FROM `product` WHERE ( goods_id=33 and goods_attr='45,48' ) LIMIT 1   [ RunTime:0.0011s ]
SQL: UPDATE `product` SET `goods_id`='33',`goods_attr`='45,48',`product_number`='141',`product_sn`='' WHERE `product_id` = 17 [ RunTime:0.0012s ]
SQL: SELECT * FROM `product` WHERE ( goods_id=33 and goods_attr='45,47' ) LIMIT 1   [ RunTime:0.0007s ]
SQL: UPDATE `product` SET `goods_id`='33',`goods_attr`='45,47',`product_number`='99',`product_sn`='' WHERE `product_id` = 18 [ RunTime:0.0005s ]

[ 2017-12-19T19:28:41+08:00 ] 127.0.0.1 /six/index.php/Home/Order/sellOrder/order_sn/15136829212595.html
INFO: [ app_init ] --START--
INFO: Run Behavior\BuildLiteBehavior [ RunTime:0.000012s ]
INFO: [ app_init ] --END-- [ RunTime:0.000460s ]
INFO: [ app_begin ] --START--
INFO: Run Behavior\ReadHtmlCacheBehavior [ RunTime:0.000631s ]
INFO: [ app_begin ] --END-- [ RunTime:0.000695s ]
INFO: [ app_end ] --START--
INFO: Run Behavior\ShowPageTraceBehavior [ RunTime:0.000946s ]
INFO: [ app_end ] --END-- [ RunTime:0.001019s ]

[ 2017-12-19T19:29:50+08:00 ] 127.0.0.1 /six/index.php/Home/Order/sellOrder/order_sn/15136829212595.html
INFO: [ app_init ] --START--
INFO: Run Behavior\BuildLiteBehavior [ RunTime:0.000013s ]
INFO: [ app_init ] --END-- [ RunTime:0.000461s ]
INFO: [ app_begin ] --START--
INFO: Run Behavior\ReadHtmlCacheBehavior [ RunTime:0.000702s ]
INFO: [ app_begin ] --END-- [ RunTime:0.000773s ]
INFO: [ app_end ] --START--
INFO: Run Behavior\ShowPageTraceBehavior [ RunTime:0.000666s ]
INFO: [ app_end ] --END-- [ RunTime:0.000731s ]

[ 2017-12-19T19:29:53+08:00 ] 127.0.0.1 /six/index.php/Home/Cart/buyCar_two
INFO: [ app_init ] --START--
INFO: Run Behavior\BuildLiteBehavior [ RunTime:0.000016s ]
INFO: [ app_init ] --END-- [ RunTime:0.000565s ]
INFO: [ app_begin ] --START--
INFO: Run Behavior\ReadHtmlCacheBehavior [ RunTime:0.000551s ]
INFO: [ app_begin ] --END-- [ RunTime:0.000621s ]
SQL: SHOW COLUMNS FROM `user_address` [ RunTime:0.0048s ]
SQL: SELECT * FROM `user_address` WHERE ( user_id='1' )  [ RunTime:0.0018s ]
SQL: SHOW COLUMNS FROM `region` [ RunTime:0.0048s ]
SQL: SELECT * FROM `region` WHERE ( region_id in (1,2,37,410) )  [ RunTime:0.0011s ]
SQL: SELECT * FROM `region` WHERE ( region_id in (0,2,20,500) )  [ RunTime:0.0006s ]
SQL: SELECT * FROM `region` WHERE ( region_id in (1,2,50,501) )  [ RunTime:0.0005s ]
SQL: SHOW COLUMNS FROM `cart` [ RunTime:0.0044s ]
SQL: SELECT * FROM `cart`  [ RunTime:0.0012s ]
SQL: SHOW COLUMNS FROM `user_c` [ RunTime:0.0054s ]
SQL: SELECT * FROM user_c u LEFT JOIN coupon c ON u.coupon_id=c.coupon_id LEFT JOIN conditions cc ON c.condition_id=cc.condition_id WHERE user_id='1' [ RunTime:0.0013s ]
SQL: SELECT * FROM `region` WHERE ( parent_id=0 )  [ RunTime:0.0005s ]
INFO: [ view_parse ] --START--
INFO: [ template_filter ] --START--
INFO: Run Behavior\ContentReplaceBehavior [ RunTime:0.000206s ]
INFO: [ template_filter ] --END-- [ RunTime:0.000265s ]
INFO: Run Behavior\ParseTemplateBehavior [ RunTime:0.017903s ]
INFO: [ view_parse ] --END-- [ RunTime:0.017971s ]
INFO: [ view_filter ] --START--
INFO: Run Behavior\WriteHtmlCacheBehavior [ RunTime:0.000446s ]
INFO: [ view_filter ] --END-- [ RunTime:0.000490s ]
INFO: [ app_end ] --START--
INFO: Run Behavior\ShowPageTraceBehavior [ RunTime:0.000723s ]
INFO: [ app_end ] --END-- [ RunTime:0.000790s ]

[ 2017-12-19T19:29:54+08:00 ] 127.0.0.1 /six/index.php/Home/Order/addOrder.html
INFO: [ app_init ] --START--
INFO: Run Behavior\BuildLiteBehavior [ RunTime:0.000012s ]
INFO: [ app_init ] --END-- [ RunTime:0.000395s ]
INFO: [ app_begin ] --START--
INFO: Run Behavior\ReadHtmlCacheBehavior [ RunTime:0.000518s ]
INFO: [ app_begin ] --END-- [ RunTime:0.000570s ]
SQL: SHOW COLUMNS FROM `user_address` [ RunTime:0.0057s ]
SQL: SELECT * FROM `user_address` WHERE ( user_id='1' and address_id=5 ) LIMIT 1   [ RunTime:0.0010s ]
SQL: SHOW COLUMNS FROM `cart` [ RunTime:0.0042s ]
SQL: SELECT * FROM `cart` WHERE ( user_id='1' )  [ RunTime:0.0010s ]
SQL: SHOW COLUMNS FROM `order_info` [ RunTime:0.0050s ]
SQL: INSERT INTO `order_info` (`order_sn`,`user_id`,`order_status`,`pay_status`,`shipping_name`,`shipping_id`,`consignee`,`country`,`province`,`city`,`district`,`tel`,`address`,`pay_id`,`pay_name`,`goods_amount`,`order_amount`) VALUES ('15136829946404','1','1','0','申通快递','1','张岩','1','2','50','501','54165','迈阿密','1','余额支付','68250','68250') [ RunTime:0.0013s ]
SQL: SHOW COLUMNS FROM `order_goods` [ RunTime:0.0045s ]
SQL: INSERT INTO `order_goods` (`goods_id`,`goods_sn`,`product_id`,`goods_name`,`goods_price`,`goods_number`,`goods_attr`,`goods_attr_id`,`order_id`) VALUES ('33','ECS000032','17','99999','3150.00','1','屏幕大小：14寸,内存：128G','45,48','60'),('33','ECS000032','18','99999','3100.00','21','屏幕大小：14寸,内存：32G','45,47','60') [ RunTime:0.0007s ]
SQL: SHOW COLUMNS FROM `product` [ RunTime:0.0048s ]
SQL: SELECT * FROM `product` WHERE ( goods_id=33 and goods_attr='45,48' ) LIMIT 1   [ RunTime:0.0011s ]
SQL: UPDATE `product` SET `goods_id`='33',`goods_attr`='45,48',`product_number`='140',`product_sn`='' WHERE `product_id` = 17 [ RunTime:0.0005s ]
SQL: SELECT * FROM `product` WHERE ( goods_id=33 and goods_attr='45,47' ) LIMIT 1   [ RunTime:0.0014s ]
SQL: UPDATE `product` SET `goods_id`='33',`goods_attr`='45,47',`product_number`='78',`product_sn`='' WHERE `product_id` = 18 [ RunTime:0.0006s ]

[ 2017-12-19T19:29:54+08:00 ] 127.0.0.1 /six/index.php/Home/Order/sellOrder/order_sn/15136829946404.html
INFO: [ app_init ] --START--
INFO: Run Behavior\BuildLiteBehavior [ RunTime:0.000013s ]
INFO: [ app_init ] --END-- [ RunTime:0.000408s ]
INFO: [ app_begin ] --START--
INFO: Run Behavior\ReadHtmlCacheBehavior [ RunTime:0.000555s ]
INFO: [ app_begin ] --END-- [ RunTime:0.000620s ]
INFO: [ app_end ] --START--
INFO: Run Behavior\ShowPageTraceBehavior [ RunTime:0.000537s ]
INFO: [ app_end ] --END-- [ RunTime:0.000595s ]

[ 2017-12-19T19:30:15+08:00 ] 127.0.0.1 /six/index.php/Home/Order/sellOrder/order_sn/15136829946404.html
INFO: [ app_init ] --START--
INFO: Run Behavior\BuildLiteBehavior [ RunTime:0.000014s ]
INFO: [ app_init ] --END-- [ RunTime:0.000509s ]
INFO: [ app_begin ] --START--
INFO: Run Behavior\ReadHtmlCacheBehavior [ RunTime:0.000592s ]
INFO: [ app_begin ] --END-- [ RunTime:0.000651s ]
INFO: [ app_end ] --START--
INFO: Run Behavior\ShowPageTraceBehavior [ RunTime:0.000618s ]
INFO: [ app_end ] --END-- [ RunTime:0.000688s ]

[ 2017-12-19T19:30:20+08:00 ] 127.0.0.1 /six/index.php/Home/Cart/buyCar_two
INFO: [ app_init ] --START--
INFO: Run Behavior\BuildLiteBehavior [ RunTime:0.000015s ]
INFO: [ app_init ] --END-- [ RunTime:0.000476s ]
INFO: [ app_begin ] --START--
INFO: Run Behavior\ReadHtmlCacheBehavior [ RunTime:0.000489s ]
INFO: [ app_begin ] --END-- [ RunTime:0.000542s ]
SQL: SHOW COLUMNS FROM `user_address` [ RunTime:0.0047s ]
SQL: SELECT * FROM `user_address` WHERE ( user_id='1' )  [ RunTime:0.0019s ]
SQL: SHOW COLUMNS FROM `region` [ RunTime:0.0063s ]
SQL: SELECT * FROM `region` WHERE ( region_id in (1,2,37,410) )  [ RunTime:0.0010s ]
SQL: SELECT * FROM `region` WHERE ( region_id in (0,2,20,500) )  [ RunTime:0.0005s ]
SQL: SELECT * FROM `region` WHERE ( region_id in (1,2,50,501) )  [ RunTime:0.0005s ]
SQL: SHOW COLUMNS FROM `cart` [ RunTime:0.0046s ]
SQL: SELECT * FROM `cart`  [ RunTime:0.0036s ]
SQL: SHOW COLUMNS FROM `user_c` [ RunTime:0.0045s ]
SQL: SELECT * FROM user_c u LEFT JOIN coupon c ON u.coupon_id=c.coupon_id LEFT JOIN conditions cc ON c.condition_id=cc.condition_id WHERE user_id='1' [ RunTime:0.0013s ]
SQL: SELECT * FROM `region` WHERE ( parent_id=0 )  [ RunTime:0.0005s ]
INFO: [ view_parse ] --START--
INFO: [ template_filter ] --START--
INFO: Run Behavior\ContentReplaceBehavior [ RunTime:0.000228s ]
INFO: [ template_filter ] --END-- [ RunTime:0.000287s ]
INFO: Run Behavior\ParseTemplateBehavior [ RunTime:0.020625s ]
INFO: [ view_parse ] --END-- [ RunTime:0.020690s ]
INFO: [ view_filter ] --START--
INFO: Run Behavior\WriteHtmlCacheBehavior [ RunTime:0.000464s ]
INFO: [ view_filter ] --END-- [ RunTime:0.000513s ]
INFO: [ app_end ] --START--
INFO: Run Behavior\ShowPageTraceBehavior [ RunTime:0.001752s ]
INFO: [ app_end ] --END-- [ RunTime:0.001939s ]

[ 2017-12-19T19:30:22+08:00 ] 127.0.0.1 /six/index.php/Home/Order/addOrder.html
INFO: [ app_init ] --START--
INFO: Run Behavior\BuildLiteBehavior [ RunTime:0.000012s ]
INFO: [ app_init ] --END-- [ RunTime:0.000433s ]
INFO: [ app_begin ] --START--
INFO: Run Behavior\ReadHtmlCacheBehavior [ RunTime:0.000488s ]
INFO: [ app_begin ] --END-- [ RunTime:0.000548s ]
SQL: SHOW COLUMNS FROM `user_address` [ RunTime:0.0057s ]
SQL: SELECT * FROM `user_address` WHERE ( user_id='1' and address_id=5 ) LIMIT 1   [ RunTime:0.0011s ]
SQL: SHOW COLUMNS FROM `cart` [ RunTime:0.0065s ]
SQL: SELECT * FROM `cart` WHERE ( user_id='1' )  [ RunTime:0.0013s ]
SQL: SHOW COLUMNS FROM `order_info` [ RunTime:0.0058s ]
SQL: INSERT INTO `order_info` (`order_sn`,`user_id`,`order_status`,`pay_status`,`shipping_name`,`shipping_id`,`consignee`,`country`,`province`,`city`,`district`,`tel`,`address`,`pay_id`,`pay_name`,`goods_amount`,`order_amount`) VALUES ('15136830218387','1','1','0','申通快递','1','张岩','1','2','50','501','54165','迈阿密','1','余额支付','68250','68250') [ RunTime:0.0006s ]
SQL: SHOW COLUMNS FROM `order_goods` [ RunTime:0.0062s ]
SQL: INSERT INTO `order_goods` (`goods_id`,`goods_sn`,`product_id`,`goods_name`,`goods_price`,`goods_number`,`goods_attr`,`goods_attr_id`,`order_id`) VALUES ('33','ECS000032','17','99999','3150.00','1','屏幕大小：14寸,内存：128G','45,48','61'),('33','ECS000032','18','99999','3100.00','21','屏幕大小：14寸,内存：32G','45,47','61') [ RunTime:0.0009s ]
SQL: SHOW COLUMNS FROM `product` [ RunTime:0.0058s ]
SQL: SELECT * FROM `product` WHERE ( goods_id=33 and goods_attr='45,48' ) LIMIT 1   [ RunTime:0.0012s ]
SQL: UPDATE `product` SET `goods_id`='33',`goods_attr`='45,48',`product_number`='139',`product_sn`='' WHERE `product_id` = 17 [ RunTime:0.0006s ]
SQL: SELECT * FROM `product` WHERE ( goods_id=33 and goods_attr='45,47' ) LIMIT 1   [ RunTime:0.0005s ]
SQL: UPDATE `product` SET `goods_id`='33',`goods_attr`='45,47',`product_number`='57',`product_sn`='' WHERE `product_id` = 18 [ RunTime:0.0010s ]

[ 2017-12-19T19:30:22+08:00 ] 127.0.0.1 /six/index.php/Home/Order/sellOrder/order_sn/15136830218387.html
INFO: [ app_init ] --START--
INFO: Run Behavior\BuildLiteBehavior [ RunTime:0.000012s ]
INFO: [ app_init ] --END-- [ RunTime:0.000423s ]
INFO: [ app_begin ] --START--
INFO: Run Behavior\ReadHtmlCacheBehavior [ RunTime:0.000549s ]
INFO: [ app_begin ] --END-- [ RunTime:0.000617s ]
INFO: [ app_end ] --START--
INFO: Run Behavior\ShowPageTraceBehavior [ RunTime:0.000533s ]
INFO: [ app_end ] --END-- [ RunTime:0.000590s ]

[ 2017-12-19T19:33:56+08:00 ] 127.0.0.1 /six/index.php/Home/Order/sellOrder/order_sn/15136830218387.html
INFO: [ app_init ] --START--
INFO: Run Behavior\BuildLiteBehavior [ RunTime:0.000013s ]
INFO: [ app_init ] --END-- [ RunTime:0.000507s ]
INFO: [ app_begin ] --START--
INFO: Run Behavior\ReadHtmlCacheBehavior [ RunTime:0.000648s ]
INFO: [ app_begin ] --END-- [ RunTime:0.000702s ]
INFO: [ app_end ] --START--
INFO: Run Behavior\ShowPageTraceBehavior [ RunTime:0.000769s ]
INFO: [ app_end ] --END-- [ RunTime:0.000843s ]

[ 2017-12-19T19:40:46+08:00 ] 127.0.0.1 /six/index.php/Home/Goods/goodsList/cat_id/21.html
INFO: [ app_init ] --START--
INFO: Run Behavior\BuildLiteBehavior [ RunTime:0.000016s ]
INFO: [ app_init ] --END-- [ RunTime:0.000575s ]
INFO: [ app_begin ] --START--
INFO: Run Behavior\ReadHtmlCacheBehavior [ RunTime:0.000768s ]
INFO: [ app_begin ] --END-- [ RunTime:0.000839s ]
SQL: SHOW COLUMNS FROM `category` [ RunTime:0.0056s ]
SQL: SELECT * FROM `category`  [ RunTime:0.0012s ]
SQL: SHOW COLUMNS FROM `goods` [ RunTime:0.0061s ]
SQL: SELECT * FROM `goods` WHERE ( cat_id in (21) )  [ RunTime:0.0011s ]
INFO: [ view_parse ] --START--
INFO: [ template_filter ] --START--
INFO: Run Behavior\ContentReplaceBehavior [ RunTime:0.000265s ]
INFO: [ template_filter ] --END-- [ RunTime:0.000338s ]
INFO: Run Behavior\ParseTemplateBehavior [ RunTime:0.016578s ]
INFO: [ view_parse ] --END-- [ RunTime:0.016641s ]
INFO: [ view_filter ] --START--
INFO: Run Behavior\WriteHtmlCacheBehavior [ RunTime:0.000442s ]
INFO: [ view_filter ] --END-- [ RunTime:0.000489s ]
INFO: [ app_end ] --START--
INFO: Run Behavior\ShowPageTraceBehavior [ RunTime:0.001000s ]
INFO: [ app_end ] --END-- [ RunTime:0.001089s ]

[ 2017-12-19T19:40:54+08:00 ] 127.0.0.1 /six/index.php/Home/Goods/goodsList/cat_id/3.html
INFO: [ app_init ] --START--
INFO: Run Behavior\BuildLiteBehavior [ RunTime:0.000012s ]
INFO: [ app_init ] --END-- [ RunTime:0.000452s ]
INFO: [ app_begin ] --START--
INFO: Run Behavior\ReadHtmlCacheBehavior [ RunTime:0.000599s ]
INFO: [ app_begin ] --END-- [ RunTime:0.000653s ]
SQL: SHOW COLUMNS FROM `category` [ RunTime:0.0069s ]
SQL: SELECT * FROM `category`  [ RunTime:0.0013s ]
SQL: SHOW COLUMNS FROM `goods` [ RunTime:0.0057s ]
SQL: SELECT * FROM `goods` WHERE ( cat_id in (3,11,12) )  [ RunTime:0.0013s ]
INFO: [ view_parse ] --START--
INFO: [ template_filter ] --START--
INFO: Run Behavior\ContentReplaceBehavior [ RunTime:0.000258s ]
INFO: [ template_filter ] --END-- [ RunTime:0.000344s ]
INFO: Run Behavior\ParseTemplateBehavior [ RunTime:0.018518s ]
INFO: [ view_parse ] --END-- [ RunTime:0.018581s ]
INFO: [ view_filter ] --START--
INFO: Run Behavior\WriteHtmlCacheBehavior [ RunTime:0.000501s ]
INFO: [ view_filter ] --END-- [ RunTime:0.000554s ]
INFO: [ app_end ] --START--
INFO: Run Behavior\ShowPageTraceBehavior [ RunTime:0.001018s ]
INFO: [ app_end ] --END-- [ RunTime:0.001119s ]

[ 2017-12-19T19:40:56+08:00 ] 127.0.0.1 /six/index.php/Home/Index/product/goods_id/33.html
INFO: [ app_init ] --START--
INFO: Run Behavior\BuildLiteBehavior [ RunTime:0.000013s ]
INFO: [ app_init ] --END-- [ RunTime:0.000401s ]
INFO: [ app_begin ] --START--
INFO: Run Behavior\ReadHtmlCacheBehavior [ RunTime:0.000543s ]
INFO: [ app_begin ] --END-- [ RunTime:0.000603s ]
SQL: SHOW COLUMNS FROM `goods` [ RunTime:0.0054s ]
SQL: SELECT * FROM `goods` WHERE ( goods_id='33' ) LIMIT 1   [ RunTime:0.0010s ]
SQL: SHOW COLUMNS FROM `goods_attr` [ RunTime:0.0045s ]
SQL: SELECT g.goods_attr_id,g.goods_id,g.attr_id,g.attr_values,g.price,a.attr_type,a.attr_name FROM goods_attr g INNER JOIN attribute a on g.attr_id=a.attr_id  WHERE ( g.goods_id='33' )  [ RunTime:0.0011s ]
INFO: [ view_parse ] --START--
INFO: [ template_filter ] --START--
INFO: Run Behavior\ContentReplaceBehavior [ RunTime:0.000274s ]
INFO: [ template_filter ] --END-- [ RunTime:0.000332s ]
INFO: Run Behavior\ParseTemplateBehavior [ RunTime:0.019386s ]
INFO: [ view_parse ] --END-- [ RunTime:0.019451s ]
INFO: [ view_filter ] --START--
INFO: Run Behavior\WriteHtmlCacheBehavior [ RunTime:0.000402s ]
INFO: [ view_filter ] --END-- [ RunTime:0.000447s ]
INFO: [ app_end ] --START--
INFO: Run Behavior\ShowPageTraceBehavior [ RunTime:0.001596s ]
INFO: [ app_end ] --END-- [ RunTime:0.001735s ]

