[ 2017-11-20T07:49:59+08:00 ] ::1 /month6/1031/
INFO: [ app_init ] --START--
INFO: Run Behavior\BuildLiteBehavior [ RunTime:0.000000s ]
INFO: [ app_init ] --END-- [ RunTime:0.001000s ]
INFO: [ app_begin ] --START--
INFO: Run Behavior\ReadHtmlCacheBehavior [ RunTime:0.000000s ]
INFO: [ app_begin ] --END-- [ RunTime:0.002000s ]
SQL: SHOW COLUMNS FROM `category` [ RunTime:0.0530s ]
SQL: SELECT * FROM `category`  [ RunTime:0.0000s ]
INFO: [ view_parse ] --START--
INFO: [ template_filter ] --START--
INFO: Run Behavior\ContentReplaceBehavior [ RunTime:0.000000s ]
INFO: [ template_filter ] --END-- [ RunTime:0.000000s ]
INFO: Run Behavior\ParseTemplateBehavior [ RunTime:0.088005s ]
INFO: [ view_parse ] --END-- [ RunTime:0.088005s ]
INFO: [ view_filter ] --START--
INFO: Run Behavior\WriteHtmlCacheBehavior [ RunTime:0.000000s ]
INFO: [ view_filter ] --END-- [ RunTime:0.000000s ]
INFO: [ app_end ] --START--
INFO: Run Behavior\ShowPageTraceBehavior [ RunTime:0.002000s ]
INFO: [ app_end ] --END-- [ RunTime:0.002000s ]

[ 2017-11-20T07:50:02+08:00 ] ::1 /month6/1031/index.php/Home/Goods/goodsList/cat_id/1.html
INFO: [ app_init ] --START--
INFO: Run Behavior\BuildLiteBehavior [ RunTime:0.000000s ]
INFO: [ app_init ] --END-- [ RunTime:0.001000s ]
INFO: [ app_begin ] --START--
INFO: Run Behavior\ReadHtmlCacheBehavior [ RunTime:0.001000s ]
INFO: [ app_begin ] --END-- [ RunTime:0.001000s ]
SQL: SHOW COLUMNS FROM `category` [ RunTime:0.0040s ]
SQL: SELECT * FROM `category`  [ RunTime:0.0010s ]
SQL: SHOW COLUMNS FROM `goods` [ RunTime:0.0830s ]
SQL: SELECT * FROM `goods` WHERE ( cat_id in (1,4,19,20,7,17,18) )  [ RunTime:0.0050s ]
INFO: [ view_parse ] --START--
INFO: [ template_filter ] --START--
INFO: Run Behavior\ContentReplaceBehavior [ RunTime:0.000000s ]
INFO: [ template_filter ] --END-- [ RunTime:0.000000s ]
INFO: Run Behavior\ParseTemplateBehavior [ RunTime:0.088005s ]
INFO: [ view_parse ] --END-- [ RunTime:0.088005s ]
INFO: [ view_filter ] --START--
INFO: Run Behavior\WriteHtmlCacheBehavior [ RunTime:0.001000s ]
INFO: [ view_filter ] --END-- [ RunTime:0.001000s ]
INFO: [ app_end ] --START--
INFO: Run Behavior\ShowPageTraceBehavior [ RunTime:0.002000s ]
INFO: [ app_end ] --END-- [ RunTime:0.002000s ]

[ 2017-11-20T07:50:04+08:00 ] ::1 /month6/1031/index.php/Home/Index/product/goods_id/1.html
INFO: [ app_init ] --START--
INFO: Run Behavior\BuildLiteBehavior [ RunTime:0.000000s ]
INFO: [ app_init ] --END-- [ RunTime:0.001000s ]
INFO: [ app_begin ] --START--
INFO: Run Behavior\ReadHtmlCacheBehavior [ RunTime:0.002000s ]
INFO: [ app_begin ] --END-- [ RunTime:0.002000s ]
SQL: SHOW COLUMNS FROM `goods` [ RunTime:0.0050s ]
SQL: SELECT * FROM `goods` WHERE ( goods_id='1' ) LIMIT 1   [ RunTime:0.0010s ]
SQL: SHOW COLUMNS FROM `goods_attr` [ RunTime:0.1870s ]
SQL: SELECT g.goods_attr_id,g.goods_id,g.attr_id,g.attr_values,g.price,a.attr_name,a.attr_type FROM goods_attr g INNER JOIN attribute a on g.attr_id=a.attr_id  WHERE ( goods_id='1' )  [ RunTime:0.1900s ]
INFO: [ view_parse ] --START--
INFO: [ template_filter ] --START--
INFO: Run Behavior\ContentReplaceBehavior [ RunTime:0.001000s ]
INFO: [ template_filter ] --END-- [ RunTime:0.001000s ]
INFO: Run Behavior\ParseTemplateBehavior [ RunTime:0.150009s ]
INFO: [ view_parse ] --END-- [ RunTime:0.150009s ]
INFO: [ view_filter ] --START--
INFO: Run Behavior\WriteHtmlCacheBehavior [ RunTime:0.001000s ]
INFO: [ view_filter ] --END-- [ RunTime:0.002000s ]
INFO: [ app_end ] --START--
INFO: Run Behavior\ShowPageTraceBehavior [ RunTime:0.001000s ]
INFO: [ app_end ] --END-- [ RunTime:0.002000s ]

[ 2017-11-20T07:50:08+08:00 ] ::1 /month6/1031/index.php/Home/Cart/cartAdd?goods_id=1&num=1&goods_attr_id%5B%5D=2&goods_attr_id%5B%5D=4&goods_values%5B%5D=%E5%B1%8F%E5%B9%95%E5%A4%A7%E5%B0%8F%EF%BC%9A5.5&goods_values%5B%5D=%E5%86%85%E5%AD%98%EF%BC%9A32G
INFO: [ app_init ] --START--
INFO: Run Behavior\BuildLiteBehavior [ RunTime:0.000000s ]
INFO: [ app_init ] --END-- [ RunTime:0.001000s ]
INFO: [ app_begin ] --START--
INFO: Run Behavior\ReadHtmlCacheBehavior [ RunTime:0.001000s ]
INFO: [ app_begin ] --END-- [ RunTime:0.001000s ]

[ 2017-11-20T07:50:09+08:00 ] ::1 /month6/1031/index.php/Home/Index/login.html
INFO: [ app_init ] --START--
INFO: Run Behavior\BuildLiteBehavior [ RunTime:0.000000s ]
INFO: [ app_init ] --END-- [ RunTime:0.001000s ]
INFO: [ app_begin ] --START--
INFO: Run Behavior\ReadHtmlCacheBehavior [ RunTime:0.001000s ]
INFO: [ app_begin ] --END-- [ RunTime:0.001000s ]
INFO: [ view_parse ] --START--
INFO: [ template_filter ] --START--
INFO: Run Behavior\ContentReplaceBehavior [ RunTime:0.000000s ]
INFO: [ template_filter ] --END-- [ RunTime:0.000000s ]
INFO: Run Behavior\ParseTemplateBehavior [ RunTime:0.047002s ]
INFO: [ view_parse ] --END-- [ RunTime:0.047002s ]
INFO: [ view_filter ] --START--
INFO: Run Behavior\WriteHtmlCacheBehavior [ RunTime:0.001000s ]
INFO: [ view_filter ] --END-- [ RunTime:0.001000s ]
INFO: [ app_end ] --START--
INFO: Run Behavior\ShowPageTraceBehavior [ RunTime:0.001000s ]
INFO: [ app_end ] --END-- [ RunTime:0.001000s ]

[ 2017-11-20T07:50:23+08:00 ] ::1 /month6/1031/index.php/Home/Index/loginDo
INFO: [ app_init ] --START--
INFO: Run Behavior\BuildLiteBehavior [ RunTime:0.001000s ]
INFO: [ app_init ] --END-- [ RunTime:0.001000s ]
INFO: [ app_begin ] --START--
INFO: Run Behavior\ReadHtmlCacheBehavior [ RunTime:0.001000s ]
INFO: [ app_begin ] --END-- [ RunTime:0.001000s ]
SQL: SHOW COLUMNS FROM `user` [ RunTime:0.1360s ]
SQL: SELECT * FROM `user` WHERE ( user_name='董洋' ) LIMIT 1   [ RunTime:0.0000s ]
INFO: [ view_parse ] --START--
INFO: [ template_filter ] --START--
INFO: Run Behavior\ContentReplaceBehavior [ RunTime:0.000000s ]
INFO: [ template_filter ] --END-- [ RunTime:0.000000s ]
INFO: Run Behavior\ParseTemplateBehavior [ RunTime:0.038002s ]
INFO: [ view_parse ] --END-- [ RunTime:0.038002s ]
INFO: [ view_filter ] --START--
INFO: Run Behavior\WriteHtmlCacheBehavior [ RunTime:0.001000s ]
INFO: [ view_filter ] --END-- [ RunTime:0.002000s ]
INFO: [ app_end ] --START--
INFO: Run Behavior\ShowPageTraceBehavior [ RunTime:0.001000s ]
INFO: [ app_end ] --END-- [ RunTime:0.002000s ]

[ 2017-11-20T07:50:24+08:00 ] ::1 /month6/1031/index.php/Home/Index/product/goods_id/1.html
INFO: [ app_init ] --START--
INFO: Run Behavior\BuildLiteBehavior [ RunTime:0.000000s ]
INFO: [ app_init ] --END-- [ RunTime:0.002000s ]
INFO: [ app_begin ] --START--
INFO: Run Behavior\ReadHtmlCacheBehavior [ RunTime:0.001000s ]
INFO: [ app_begin ] --END-- [ RunTime:0.001000s ]
SQL: SHOW COLUMNS FROM `goods` [ RunTime:0.0050s ]
SQL: SELECT * FROM `goods` WHERE ( goods_id='1' ) LIMIT 1   [ RunTime:0.0010s ]
SQL: SHOW COLUMNS FROM `goods_attr` [ RunTime:0.0040s ]
SQL: SELECT g.goods_attr_id,g.goods_id,g.attr_id,g.attr_values,g.price,a.attr_name,a.attr_type FROM goods_attr g INNER JOIN attribute a on g.attr_id=a.attr_id  WHERE ( goods_id='1' )  [ RunTime:0.0010s ]
INFO: [ view_parse ] --START--
INFO: [ template_filter ] --START--
INFO: Run Behavior\ContentReplaceBehavior [ RunTime:0.000000s ]
INFO: [ template_filter ] --END-- [ RunTime:0.000000s ]
INFO: Run Behavior\ParseTemplateBehavior [ RunTime:0.043003s ]
INFO: [ view_parse ] --END-- [ RunTime:0.044003s ]
INFO: [ view_filter ] --START--
INFO: Run Behavior\WriteHtmlCacheBehavior [ RunTime:0.001000s ]
INFO: [ view_filter ] --END-- [ RunTime:0.002000s ]
INFO: [ app_end ] --START--
INFO: Run Behavior\ShowPageTraceBehavior [ RunTime:0.002000s ]
INFO: [ app_end ] --END-- [ RunTime:0.002000s ]

[ 2017-11-20T07:50:28+08:00 ] ::1 /month6/1031/index.php/Home/Cart/cartAdd?goods_id=1&num=1&goods_attr_id%5B%5D=2&goods_attr_id%5B%5D=4&goods_values%5B%5D=%E5%B1%8F%E5%B9%95%E5%A4%A7%E5%B0%8F%EF%BC%9A5.5&goods_values%5B%5D=%E5%86%85%E5%AD%98%EF%BC%9A32G
INFO: [ app_init ] --START--
INFO: Run Behavior\BuildLiteBehavior [ RunTime:0.001000s ]
INFO: [ app_init ] --END-- [ RunTime:0.001000s ]
INFO: [ app_begin ] --START--
INFO: Run Behavior\ReadHtmlCacheBehavior [ RunTime:0.001000s ]
INFO: [ app_begin ] --END-- [ RunTime:0.001000s ]
SQL: SHOW COLUMNS FROM `goods` [ RunTime:0.0050s ]
SQL: SELECT * FROM `goods` WHERE ( goods_id='1' ) LIMIT 1   [ RunTime:0.0000s ]
SQL: SHOW COLUMNS FROM `goods_attr` [ RunTime:0.0030s ]
SQL: SELECT sum(price) as price FROM `goods_attr` WHERE ( goods_attr_id in (2,4) )  [ RunTime:0.0410s ]
SQL: SHOW COLUMNS FROM `product` [ RunTime:0.0350s ]
SQL: SELECT * FROM `product` WHERE ( goods_id='1' and goods_attr='2,4' ) LIMIT 1   [ RunTime:0.0010s ]
SQL: SHOW COLUMNS FROM `cart` [ RunTime:0.0200s ]
SQL: SELECT * FROM `cart` WHERE ( user_id='1' and goods_id='1' and goods_attr_id='2,4' ) LIMIT 1   [ RunTime:0.0130s ]
SQL: UPDATE `cart` SET `user_id`='1',`session_id`='',`goods_id`='1',`goods_sn`='ECS000032',`product_id`='2',`goods_name`='诺基亚N851',`goods_price`='3310.00',`goods_number`='2',`goods_attr`='屏幕大小：5.5,内存：32G',`goods_attr_id`='2,4' WHERE `cart_id` = 8 [ RunTime:0.0580s ]

[ 2017-11-20T07:50:30+08:00 ] ::1 /month6/1031/index.php/Home/Cart/buyCar.html
INFO: [ app_init ] --START--
INFO: Run Behavior\BuildLiteBehavior [ RunTime:0.000000s ]
INFO: [ app_init ] --END-- [ RunTime:0.001000s ]
INFO: [ app_begin ] --START--
INFO: Run Behavior\ReadHtmlCacheBehavior [ RunTime:0.001000s ]
INFO: [ app_begin ] --END-- [ RunTime:0.001000s ]
SQL: SHOW COLUMNS FROM `cart` [ RunTime:0.0040s ]
SQL: SELECT * FROM `cart`  [ RunTime:0.0010s ]
INFO: [ view_parse ] --START--
INFO: [ template_filter ] --START--
INFO: Run Behavior\ContentReplaceBehavior [ RunTime:0.001000s ]
INFO: [ template_filter ] --END-- [ RunTime:0.001000s ]
INFO: Run Behavior\ParseTemplateBehavior [ RunTime:0.066004s ]
INFO: [ view_parse ] --END-- [ RunTime:0.067004s ]
INFO: [ view_filter ] --START--
INFO: Run Behavior\WriteHtmlCacheBehavior [ RunTime:0.000000s ]
INFO: [ view_filter ] --END-- [ RunTime:0.001000s ]
INFO: [ app_end ] --START--
INFO: Run Behavior\ShowPageTraceBehavior [ RunTime:0.002000s ]
INFO: [ app_end ] --END-- [ RunTime:0.002000s ]

[ 2017-11-20T07:50:32+08:00 ] ::1 /month6/1031/index.php/Home/Cart/buyCar_two
INFO: [ app_init ] --START--
INFO: Run Behavior\BuildLiteBehavior [ RunTime:0.000000s ]
INFO: [ app_init ] --END-- [ RunTime:0.001000s ]
INFO: [ app_begin ] --START--
INFO: Run Behavior\ReadHtmlCacheBehavior [ RunTime:0.001000s ]
INFO: [ app_begin ] --END-- [ RunTime:0.001000s ]
SQL: SHOW COLUMNS FROM `user_address` [ RunTime:0.0660s ]
SQL: SELECT * FROM `user_address` WHERE ( user_id='1' )  [ RunTime:0.0010s ]
SQL: SHOW COLUMNS FROM `region` [ RunTime:0.0350s ]
SQL: SELECT * FROM `region` WHERE ( region_id in (1,2,37,410) )  [ RunTime:0.0120s ]
SQL: SELECT * FROM `region` WHERE ( region_id in (1,2,37,404) )  [ RunTime:0.0010s ]
SQL: SHOW COLUMNS FROM `cart` [ RunTime:0.0040s ]
SQL: SELECT * FROM `cart`  [ RunTime:0.0010s ]
SQL: SELECT * FROM `region` WHERE ( parent_id=0 )  [ RunTime:0.0000s ]
INFO: [ view_parse ] --START--
INFO: [ template_filter ] --START--
INFO: Run Behavior\ContentReplaceBehavior [ RunTime:0.001000s ]
INFO: [ template_filter ] --END-- [ RunTime:0.001000s ]
INFO: Run Behavior\ParseTemplateBehavior [ RunTime:0.089005s ]
INFO: [ view_parse ] --END-- [ RunTime:0.089005s ]
INFO: [ view_filter ] --START--
INFO: Run Behavior\WriteHtmlCacheBehavior [ RunTime:0.001000s ]
INFO: [ view_filter ] --END-- [ RunTime:0.001000s ]
INFO: [ app_end ] --START--
INFO: Run Behavior\ShowPageTraceBehavior [ RunTime:0.001001s ]
INFO: [ app_end ] --END-- [ RunTime:0.002001s ]

[ 2017-11-20T07:50:36+08:00 ] ::1 /month6/1031/index.php/Home/Order/addOrder.html
INFO: [ app_init ] --START--
INFO: Run Behavior\BuildLiteBehavior [ RunTime:0.000000s ]
INFO: [ app_init ] --END-- [ RunTime:0.001000s ]
INFO: [ app_begin ] --START--
INFO: Run Behavior\ReadHtmlCacheBehavior [ RunTime:0.001000s ]
INFO: [ app_begin ] --END-- [ RunTime:0.001000s ]
SQL: SHOW COLUMNS FROM `user_address` [ RunTime:0.0050s ]
SQL: SELECT * FROM `user_address` WHERE ( user_id='1' and address_id=1 ) LIMIT 1   [ RunTime:0.0000s ]
SQL: SHOW COLUMNS FROM `cart` [ RunTime:0.0040s ]
SQL: SELECT * FROM `cart` WHERE ( user_id='1' )  [ RunTime:0.0000s ]
SQL: SHOW COLUMNS FROM `order_info` [ RunTime:0.1080s ]
SQL: INSERT INTO `order_info` (`order_sn`,`user_id`,`order_status`,`pay_status`,`shipping_name`,`shipping_id`,`consignee`,`country`,`province`,`city`,`district`,`tel`,`address`,`pay_id`,`pay_name`,`goods_amount`,`order_amount`) VALUES ('15111354361292','1','1','0','申通快递','1','董洋','1','2','37','410','000000','八维','1','余额支付','6620','6620') [ RunTime:0.0370s ]
SQL: SHOW COLUMNS FROM `order_goods` [ RunTime:0.0470s ]
SQL: INSERT INTO `order_goods` (`goods_id`,`goods_sn`,`product_id`,`goods_name`,`goods_price`,`goods_number`,`goods_attr`,`goods_attr_id`,`order_id`) VALUES ('1','ECS000032','2','诺基亚N851','3310.00','2','屏幕大小：5.5,内存：32G','2,4','24') [ RunTime:0.0020s ]
SQL: SHOW COLUMNS FROM `product` [ RunTime:0.0050s ]
SQL: SELECT * FROM `product` WHERE ( goods_id=1 and goods_attr='2,4' ) LIMIT 1   [ RunTime:0.0000s ]
SQL: UPDATE `product` SET `goods_id`='1',`goods_attr`='2,4',`product_number`='85',`product_sn`='2' WHERE `product_id` = 2 [ RunTime:0.0010s ]

[ 2017-11-20T07:50:36+08:00 ] ::1 /month6/1031/index.php/Home/Cart/buyCar_three/order_sn/15111354361292.html
INFO: [ app_init ] --START--
INFO: Run Behavior\BuildLiteBehavior [ RunTime:0.000000s ]
INFO: [ app_init ] --END-- [ RunTime:0.001000s ]
INFO: [ app_begin ] --START--
INFO: Run Behavior\ReadHtmlCacheBehavior [ RunTime:0.000000s ]
INFO: [ app_begin ] --END-- [ RunTime:0.001000s ]
INFO: [ view_parse ] --START--
INFO: [ template_filter ] --START--
INFO: Run Behavior\ContentReplaceBehavior [ RunTime:0.001000s ]
INFO: [ template_filter ] --END-- [ RunTime:0.001000s ]
INFO: Run Behavior\ParseTemplateBehavior [ RunTime:0.069004s ]
INFO: [ view_parse ] --END-- [ RunTime:0.069004s ]
INFO: [ view_filter ] --START--
INFO: Run Behavior\WriteHtmlCacheBehavior [ RunTime:0.001000s ]
INFO: [ view_filter ] --END-- [ RunTime:0.001000s ]
INFO: [ app_end ] --START--
INFO: Run Behavior\ShowPageTraceBehavior [ RunTime:0.001000s ]
INFO: [ app_end ] --END-- [ RunTime:0.001000s ]

[ 2017-11-20T07:50:47+08:00 ] ::1 /month6/1031/index.php/Home/Order/sellOrder/order_sn/15111354361292.html
INFO: [ app_init ] --START--
INFO: Run Behavior\BuildLiteBehavior [ RunTime:0.000000s ]
INFO: [ app_init ] --END-- [ RunTime:0.001000s ]
INFO: [ app_begin ] --START--
INFO: Run Behavior\ReadHtmlCacheBehavior [ RunTime:0.001000s ]
INFO: [ app_begin ] --END-- [ RunTime:0.001000s ]
INFO: [ app_end ] --START--
INFO: Run Behavior\ShowPageTraceBehavior [ RunTime:0.001000s ]
INFO: [ app_end ] --END-- [ RunTime:0.001000s ]

[ 2017-11-20T07:52:11+08:00 ] ::1 /month6/1031/index.php/Home/Order/changeOrder?body=1511phpG&buyer_email=15153198091&buyer_id=2088912045866166&exterface=create_direct_pay_by_user&is_success=T&notify_id=RqPnCoPT3K9%252Fvwbh3Ih30l60tmJPi9UPgyCu%252FLSohRZzRfS6OUzjV1k0jCF3h7v8y8qz&notify_time=2017-11-20+07%3A52%3A07&notify_type=trade_status_sync&out_trade_no=15111354361292&payment_type=1&seller_email=itbing%40sina.cn&seller_id=2088121321528708&subject=%E8%AE%A2%E5%8D%95&total_fee=0.01&trade_no=2017112021001104160288552274&trade_status=TRADE_SUCCESS&sign=f2f7886adb25a6775d194bd0dffa46fb&sign_type=MD5
INFO: [ app_init ] --START--
INFO: Run Behavior\BuildLiteBehavior [ RunTime:0.000000s ]
INFO: [ app_init ] --END-- [ RunTime:0.001000s ]
INFO: [ app_begin ] --START--
INFO: Run Behavior\ReadHtmlCacheBehavior [ RunTime:0.001000s ]
INFO: [ app_begin ] --END-- [ RunTime:0.001000s ]
SQL: SHOW COLUMNS FROM `order_info` [ RunTime:0.0040s ]
SQL: UPDATE `order_info` SET `pay_status`='1' WHERE ( order_sn='' ) [ RunTime:0.0000s ]
INFO: [ app_end ] --START--
INFO: Run Behavior\ShowPageTraceBehavior [ RunTime:0.001000s ]
INFO: [ app_end ] --END-- [ RunTime:0.002000s ]

[ 2017-11-20T07:53:26+08:00 ] ::1 /month6/1031/index.php/Home/Order/changeOrder?body=1511phpG&buyer_email=15153198091&buyer_id=2088912045866166&exterface=create_direct_pay_by_user&is_success=T&notify_id=RqPnCoPT3K9%252Fvwbh3Ih30l60tmJPi9UPgyCu%252FLSohRZzRfS6OUzjV1k0jCF3h7v8y8qz&notify_time=2017-11-20+07%3A52%3A07&notify_type=trade_status_sync&out_trade_no=15111354361292&payment_type=1&seller_email=itbing%40sina.cn&seller_id=2088121321528708&subject=%E8%AE%A2%E5%8D%95&total_fee=0.01&trade_no=2017112021001104160288552274&trade_status=TRADE_SUCCESS&sign=f2f7886adb25a6775d194bd0dffa46fb&sign_type=MD5
INFO: [ app_init ] --START--
INFO: Run Behavior\BuildLiteBehavior [ RunTime:0.000000s ]
INFO: [ app_init ] --END-- [ RunTime:0.001000s ]
INFO: [ app_begin ] --START--
INFO: Run Behavior\ReadHtmlCacheBehavior [ RunTime:0.002000s ]
INFO: [ app_begin ] --END-- [ RunTime:0.002000s ]
SQL: SHOW COLUMNS FROM `order_info` [ RunTime:0.0060s ]
SQL: UPDATE `order_info` SET `pay_status`='1' WHERE ( order_sn='15111354361292' ) [ RunTime:0.0620s ]

[ 2017-11-20T07:53:33+08:00 ] ::1 /month6/1031/
INFO: [ app_init ] --START--
INFO: Run Behavior\BuildLiteBehavior [ RunTime:0.000000s ]
INFO: [ app_init ] --END-- [ RunTime:0.002000s ]
INFO: [ app_begin ] --START--
INFO: Run Behavior\ReadHtmlCacheBehavior [ RunTime:0.001000s ]
INFO: [ app_begin ] --END-- [ RunTime:0.001000s ]
SQL: SHOW COLUMNS FROM `category` [ RunTime:0.0060s ]
SQL: SELECT * FROM `category`  [ RunTime:0.0010s ]
INFO: [ view_parse ] --START--
INFO: [ template_filter ] --START--
INFO: Run Behavior\ContentReplaceBehavior [ RunTime:0.001000s ]
INFO: [ template_filter ] --END-- [ RunTime:0.001000s ]
INFO: Run Behavior\ParseTemplateBehavior [ RunTime:0.063003s ]
INFO: [ view_parse ] --END-- [ RunTime:0.064003s ]
INFO: [ view_filter ] --START--
INFO: Run Behavior\WriteHtmlCacheBehavior [ RunTime:0.001000s ]
INFO: [ view_filter ] --END-- [ RunTime:0.002000s ]
INFO: [ app_end ] --START--
INFO: Run Behavior\ShowPageTraceBehavior [ RunTime:0.001000s ]
INFO: [ app_end ] --END-- [ RunTime:0.002000s ]

[ 2017-11-20T07:53:36+08:00 ] ::1 /month6/1031/index.php/Home/Goods/goodsList/cat_id/1.html
INFO: [ app_init ] --START--
INFO: Run Behavior\BuildLiteBehavior [ RunTime:0.000000s ]
INFO: [ app_init ] --END-- [ RunTime:0.001000s ]
INFO: [ app_begin ] --START--
INFO: Run Behavior\ReadHtmlCacheBehavior [ RunTime:0.001000s ]
INFO: [ app_begin ] --END-- [ RunTime:0.001000s ]
SQL: SHOW COLUMNS FROM `category` [ RunTime:0.0060s ]
SQL: SELECT * FROM `category`  [ RunTime:0.0010s ]
SQL: SHOW COLUMNS FROM `goods` [ RunTime:0.0050s ]
SQL: SELECT * FROM `goods` WHERE ( cat_id in (1,4,19,20,7,17,18) )  [ RunTime:0.0010s ]
INFO: [ view_parse ] --START--
INFO: [ template_filter ] --START--
INFO: Run Behavior\ContentReplaceBehavior [ RunTime:0.000000s ]
INFO: [ template_filter ] --END-- [ RunTime:0.000000s ]
INFO: Run Behavior\ParseTemplateBehavior [ RunTime:0.039002s ]
INFO: [ view_parse ] --END-- [ RunTime:0.040002s ]
INFO: [ view_filter ] --START--
INFO: Run Behavior\WriteHtmlCacheBehavior [ RunTime:0.001000s ]
INFO: [ view_filter ] --END-- [ RunTime:0.001000s ]
INFO: [ app_end ] --START--
INFO: Run Behavior\ShowPageTraceBehavior [ RunTime:0.001000s ]
INFO: [ app_end ] --END-- [ RunTime:0.002000s ]

[ 2017-11-20T07:53:38+08:00 ] ::1 /month6/1031/index.php/Home/Index/product/goods_id/1.html
INFO: [ app_init ] --START--
INFO: Run Behavior\BuildLiteBehavior [ RunTime:0.000000s ]
INFO: [ app_init ] --END-- [ RunTime:0.001000s ]
INFO: [ app_begin ] --START--
INFO: Run Behavior\ReadHtmlCacheBehavior [ RunTime:0.001000s ]
INFO: [ app_begin ] --END-- [ RunTime:0.001000s ]
SQL: SHOW COLUMNS FROM `goods` [ RunTime:0.0060s ]
SQL: SELECT * FROM `goods` WHERE ( goods_id='1' ) LIMIT 1   [ RunTime:0.0020s ]
SQL: SHOW COLUMNS FROM `goods_attr` [ RunTime:0.0060s ]
SQL: SELECT g.goods_attr_id,g.goods_id,g.attr_id,g.attr_values,g.price,a.attr_name,a.attr_type FROM goods_attr g INNER JOIN attribute a on g.attr_id=a.attr_id  WHERE ( goods_id='1' )  [ RunTime:0.0010s ]
INFO: [ view_parse ] --START--
INFO: [ template_filter ] --START--
INFO: Run Behavior\ContentReplaceBehavior [ RunTime:0.000000s ]
INFO: [ template_filter ] --END-- [ RunTime:0.001000s ]
INFO: Run Behavior\ParseTemplateBehavior [ RunTime:0.046002s ]
INFO: [ view_parse ] --END-- [ RunTime:0.047002s ]
INFO: [ view_filter ] --START--
INFO: Run Behavior\WriteHtmlCacheBehavior [ RunTime:0.000000s ]
INFO: [ view_filter ] --END-- [ RunTime:0.001000s ]
INFO: [ app_end ] --START--
INFO: Run Behavior\ShowPageTraceBehavior [ RunTime:0.006001s ]
INFO: [ app_end ] --END-- [ RunTime:0.008001s ]

[ 2017-11-20T07:53:40+08:00 ] ::1 /month6/1031/index.php/Home/Cart/cartAdd?goods_id=1&num=1&goods_attr_id%5B%5D=2&goods_attr_id%5B%5D=4&goods_values%5B%5D=%E5%B1%8F%E5%B9%95%E5%A4%A7%E5%B0%8F%EF%BC%9A5.5&goods_values%5B%5D=%E5%86%85%E5%AD%98%EF%BC%9A32G
INFO: [ app_init ] --START--
INFO: Run Behavior\BuildLiteBehavior [ RunTime:0.000000s ]
INFO: [ app_init ] --END-- [ RunTime:0.001000s ]
INFO: [ app_begin ] --START--
INFO: Run Behavior\ReadHtmlCacheBehavior [ RunTime:0.001000s ]
INFO: [ app_begin ] --END-- [ RunTime:0.001000s ]
SQL: SHOW COLUMNS FROM `goods` [ RunTime:0.0050s ]
SQL: SELECT * FROM `goods` WHERE ( goods_id='1' ) LIMIT 1   [ RunTime:0.0010s ]
SQL: SHOW COLUMNS FROM `goods_attr` [ RunTime:0.0050s ]
SQL: SELECT sum(price) as price FROM `goods_attr` WHERE ( goods_attr_id in (2,4) )  [ RunTime:0.0000s ]
SQL: SHOW COLUMNS FROM `product` [ RunTime:0.0060s ]
SQL: SELECT * FROM `product` WHERE ( goods_id='1' and goods_attr='2,4' ) LIMIT 1   [ RunTime:0.0010s ]
SQL: SHOW COLUMNS FROM `cart` [ RunTime:0.0050s ]
SQL: SELECT * FROM `cart` WHERE ( user_id='1' and goods_id='1' and goods_attr_id='2,4' ) LIMIT 1   [ RunTime:0.0010s ]
SQL: UPDATE `cart` SET `user_id`='1',`session_id`='',`goods_id`='1',`goods_sn`='ECS000032',`product_id`='2',`goods_name`='诺基亚N851',`goods_price`='3310.00',`goods_number`='3',`goods_attr`='屏幕大小：5.5,内存：32G',`goods_attr_id`='2,4' WHERE `cart_id` = 8 [ RunTime:0.0630s ]

[ 2017-11-20T07:53:42+08:00 ] ::1 /month6/1031/index.php/Home/Cart/buyCar.html
INFO: [ app_init ] --START--
INFO: Run Behavior\BuildLiteBehavior [ RunTime:0.000000s ]
INFO: [ app_init ] --END-- [ RunTime:0.001000s ]
INFO: [ app_begin ] --START--
INFO: Run Behavior\ReadHtmlCacheBehavior [ RunTime:0.001000s ]
INFO: [ app_begin ] --END-- [ RunTime:0.001000s ]
SQL: SHOW COLUMNS FROM `cart` [ RunTime:0.0070s ]
SQL: SELECT * FROM `cart`  [ RunTime:0.0010s ]
INFO: [ view_parse ] --START--
INFO: [ template_filter ] --START--
INFO: Run Behavior\ContentReplaceBehavior [ RunTime:0.000000s ]
INFO: [ template_filter ] --END-- [ RunTime:0.001000s ]
INFO: Run Behavior\ParseTemplateBehavior [ RunTime:0.031002s ]
INFO: [ view_parse ] --END-- [ RunTime:0.031002s ]
INFO: [ view_filter ] --START--
INFO: Run Behavior\WriteHtmlCacheBehavior [ RunTime:0.001000s ]
INFO: [ view_filter ] --END-- [ RunTime:0.001000s ]
INFO: [ app_end ] --START--
INFO: Run Behavior\ShowPageTraceBehavior [ RunTime:0.001000s ]
INFO: [ app_end ] --END-- [ RunTime:0.001000s ]

[ 2017-11-20T07:53:43+08:00 ] ::1 /month6/1031/index.php/Home/Cart/buyCar_two
INFO: [ app_init ] --START--
INFO: Run Behavior\BuildLiteBehavior [ RunTime:0.000000s ]
INFO: [ app_init ] --END-- [ RunTime:0.001000s ]
INFO: [ app_begin ] --START--
INFO: Run Behavior\ReadHtmlCacheBehavior [ RunTime:0.001000s ]
INFO: [ app_begin ] --END-- [ RunTime:0.001000s ]
SQL: SHOW COLUMNS FROM `user_address` [ RunTime:0.0250s ]
SQL: SELECT * FROM `user_address` WHERE ( user_id='1' )  [ RunTime:0.0010s ]
SQL: SHOW COLUMNS FROM `region` [ RunTime:0.0050s ]
SQL: SELECT * FROM `region` WHERE ( region_id in (1,2,37,410) )  [ RunTime:0.0010s ]
SQL: SELECT * FROM `region` WHERE ( region_id in (1,2,37,404) )  [ RunTime:0.0000s ]
SQL: SHOW COLUMNS FROM `cart` [ RunTime:0.0040s ]
SQL: SELECT * FROM `cart`  [ RunTime:0.0000s ]
SQL: SELECT * FROM `region` WHERE ( parent_id=0 )  [ RunTime:0.0010s ]
INFO: [ view_parse ] --START--
INFO: [ template_filter ] --START--
INFO: Run Behavior\ContentReplaceBehavior [ RunTime:0.000000s ]
INFO: [ template_filter ] --END-- [ RunTime:0.000000s ]
INFO: Run Behavior\ParseTemplateBehavior [ RunTime:0.040002s ]
INFO: [ view_parse ] --END-- [ RunTime:0.041002s ]
INFO: [ view_filter ] --START--
INFO: Run Behavior\WriteHtmlCacheBehavior [ RunTime:0.001000s ]
INFO: [ view_filter ] --END-- [ RunTime:0.001000s ]
INFO: [ app_end ] --START--
INFO: Run Behavior\ShowPageTraceBehavior [ RunTime:0.001000s ]
INFO: [ app_end ] --END-- [ RunTime:0.002000s ]

[ 2017-11-20T07:53:46+08:00 ] ::1 /month6/1031/index.php/Home/Order/addOrder.html
INFO: [ app_init ] --START--
INFO: Run Behavior\BuildLiteBehavior [ RunTime:0.000000s ]
INFO: [ app_init ] --END-- [ RunTime:0.001000s ]
INFO: [ app_begin ] --START--
INFO: Run Behavior\ReadHtmlCacheBehavior [ RunTime:0.001000s ]
INFO: [ app_begin ] --END-- [ RunTime:0.001000s ]
SQL: SHOW COLUMNS FROM `user_address` [ RunTime:0.0050s ]
SQL: SELECT * FROM `user_address` WHERE ( user_id='1' and address_id=1 ) LIMIT 1   [ RunTime:0.0000s ]
SQL: SHOW COLUMNS FROM `cart` [ RunTime:0.0060s ]
SQL: SELECT * FROM `cart` WHERE ( user_id='1' )  [ RunTime:0.0000s ]
SQL: SHOW COLUMNS FROM `order_info` [ RunTime:0.0060s ]
SQL: INSERT INTO `order_info` (`order_sn`,`user_id`,`order_status`,`pay_status`,`shipping_name`,`shipping_id`,`consignee`,`country`,`province`,`city`,`district`,`tel`,`address`,`pay_id`,`pay_name`,`goods_amount`,`order_amount`) VALUES ('15111356268554','1','1','0','申通快递','1','董洋','1','2','37','410','000000','八维','1','余额支付','9930','9930') [ RunTime:0.0010s ]
SQL: SHOW COLUMNS FROM `order_goods` [ RunTime:0.0050s ]
SQL: INSERT INTO `order_goods` (`goods_id`,`goods_sn`,`product_id`,`goods_name`,`goods_price`,`goods_number`,`goods_attr`,`goods_attr_id`,`order_id`) VALUES ('1','ECS000032','2','诺基亚N851','3310.00','3','屏幕大小：5.5,内存：32G','2,4','25') [ RunTime:0.0000s ]
SQL: SHOW COLUMNS FROM `product` [ RunTime:0.0050s ]
SQL: SELECT * FROM `product` WHERE ( goods_id=1 and goods_attr='2,4' ) LIMIT 1   [ RunTime:0.0010s ]
SQL: UPDATE `product` SET `goods_id`='1',`goods_attr`='2,4',`product_number`='82',`product_sn`='2' WHERE `product_id` = 2 [ RunTime:0.0010s ]

[ 2017-11-20T07:53:47+08:00 ] ::1 /month6/1031/index.php/Home/Cart/buyCar_three/order_sn/15111356268554.html
INFO: [ app_init ] --START--
INFO: Run Behavior\BuildLiteBehavior [ RunTime:0.000000s ]
INFO: [ app_init ] --END-- [ RunTime:0.002000s ]
INFO: [ app_begin ] --START--
INFO: Run Behavior\ReadHtmlCacheBehavior [ RunTime:0.001000s ]
INFO: [ app_begin ] --END-- [ RunTime:0.001000s ]
INFO: [ view_parse ] --START--
INFO: [ template_filter ] --START--
INFO: Run Behavior\ContentReplaceBehavior [ RunTime:0.001000s ]
INFO: [ template_filter ] --END-- [ RunTime:0.001000s ]
INFO: Run Behavior\ParseTemplateBehavior [ RunTime:0.082004s ]
INFO: [ view_parse ] --END-- [ RunTime:0.082004s ]
INFO: [ view_filter ] --START--
INFO: Run Behavior\WriteHtmlCacheBehavior [ RunTime:0.000000s ]
INFO: [ view_filter ] --END-- [ RunTime:0.002001s ]
INFO: [ app_end ] --START--
INFO: Run Behavior\ShowPageTraceBehavior [ RunTime:0.001000s ]
INFO: [ app_end ] --END-- [ RunTime:0.002000s ]

[ 2017-11-20T07:53:56+08:00 ] ::1 /month6/1031/index.php/Home/Order/sellOrder/order_sn/15111356268554.html
INFO: [ app_init ] --START--
INFO: Run Behavior\BuildLiteBehavior [ RunTime:0.000000s ]
INFO: [ app_init ] --END-- [ RunTime:0.001000s ]
INFO: [ app_begin ] --START--
INFO: Run Behavior\ReadHtmlCacheBehavior [ RunTime:0.001000s ]
INFO: [ app_begin ] --END-- [ RunTime:0.001000s ]
INFO: [ app_end ] --START--
INFO: Run Behavior\ShowPageTraceBehavior [ RunTime:0.001000s ]
INFO: [ app_end ] --END-- [ RunTime:0.001000s ]

[ 2017-11-20T07:54:37+08:00 ] ::1 /month6/1031/index.php/Home/Order/changeOrder?body=1511phpG&buyer_email=15153198091&buyer_id=2088912045866166&exterface=create_direct_pay_by_user&is_success=T&notify_id=RqPnCoPT3K9%252Fvwbh3Ih30l60tmGn4lyP%252BdMz3wwxL%252FPS1PACpNMXemaWobrlWgtU1wRN&notify_time=2017-11-20+07%3A54%3A33&notify_type=trade_status_sync&out_trade_no=15111356268554&payment_type=1&seller_email=itbing%40sina.cn&seller_id=2088121321528708&subject=%E8%AE%A2%E5%8D%95&total_fee=0.01&trade_no=2017112021001104160287875053&trade_status=TRADE_SUCCESS&sign=aa3ef5dc8f5517b7bd1a463aac4d0d70&sign_type=MD5
INFO: [ app_init ] --START--
INFO: Run Behavior\BuildLiteBehavior [ RunTime:0.000000s ]
INFO: [ app_init ] --END-- [ RunTime:0.001000s ]
INFO: [ app_begin ] --START--
INFO: Run Behavior\ReadHtmlCacheBehavior [ RunTime:0.000000s ]
INFO: [ app_begin ] --END-- [ RunTime:0.001000s ]
SQL: SHOW COLUMNS FROM `order_info` [ RunTime:0.0060s ]
SQL: UPDATE `order_info` SET `pay_status`='1' WHERE ( order_sn='15111356268554' ) [ RunTime:0.0540s ]

[ 2017-11-20T11:29:36+08:00 ] ::1 /month6/1031/
INFO: [ app_init ] --START--
INFO: Run Behavior\BuildLiteBehavior [ RunTime:0.000000s ]
INFO: [ app_init ] --END-- [ RunTime:0.069004s ]
INFO: [ app_begin ] --START--
INFO: Run Behavior\ReadHtmlCacheBehavior [ RunTime:0.002000s ]
INFO: [ app_begin ] --END-- [ RunTime:0.002000s ]
SQL: SHOW COLUMNS FROM `category` [ RunTime:1.0221s ]
SQL: SELECT * FROM `category`  [ RunTime:0.2390s ]
INFO: [ view_parse ] --START--
INFO: [ template_filter ] --START--
INFO: Run Behavior\ContentReplaceBehavior [ RunTime:0.050003s ]
INFO: [ template_filter ] --END-- [ RunTime:0.051003s ]
INFO: Run Behavior\ParseTemplateBehavior [ RunTime:0.454026s ]
INFO: [ view_parse ] --END-- [ RunTime:0.455026s ]
INFO: [ view_filter ] --START--
INFO: Run Behavior\WriteHtmlCacheBehavior [ RunTime:0.090005s ]
INFO: [ view_filter ] --END-- [ RunTime:0.090005s ]
INFO: [ app_end ] --START--
INFO: Run Behavior\ShowPageTraceBehavior [ RunTime:0.143008s ]
INFO: [ app_end ] --END-- [ RunTime:0.143008s ]

[ 2017-11-20T16:20:12+08:00 ] ::1 /month6/1031/
INFO: [ app_init ] --START--
INFO: Run Behavior\BuildLiteBehavior [ RunTime:0.000000s ]
INFO: [ app_init ] --END-- [ RunTime:0.025002s ]
INFO: [ app_begin ] --START--
INFO: Run Behavior\ReadHtmlCacheBehavior [ RunTime:0.002001s ]
INFO: [ app_begin ] --END-- [ RunTime:0.002001s ]
SQL: SHOW COLUMNS FROM `category` [ RunTime:0.2080s ]
SQL: SELECT * FROM `category`  [ RunTime:0.0390s ]
INFO: [ view_parse ] --START--
INFO: [ template_filter ] --START--
INFO: Run Behavior\ContentReplaceBehavior [ RunTime:0.097006s ]
INFO: [ template_filter ] --END-- [ RunTime:0.097006s ]
INFO: Run Behavior\ParseTemplateBehavior [ RunTime:0.476027s ]
INFO: [ view_parse ] --END-- [ RunTime:0.476027s ]
INFO: [ view_filter ] --START--
INFO: Run Behavior\WriteHtmlCacheBehavior [ RunTime:0.012001s ]
INFO: [ view_filter ] --END-- [ RunTime:0.013001s ]
INFO: [ app_end ] --START--
INFO: Run Behavior\ShowPageTraceBehavior [ RunTime:0.031002s ]
INFO: [ app_end ] --END-- [ RunTime:0.032002s ]

[ 2017-11-20T16:21:14+08:00 ] ::1 /month6/1031/
INFO: [ app_init ] --START--
INFO: Run Behavior\BuildLiteBehavior [ RunTime:0.000000s ]
INFO: [ app_init ] --END-- [ RunTime:0.001000s ]
INFO: [ app_begin ] --START--
INFO: Run Behavior\ReadHtmlCacheBehavior [ RunTime:0.001000s ]
INFO: [ app_begin ] --END-- [ RunTime:0.001000s ]
SQL: SHOW COLUMNS FROM `category` [ RunTime:0.0120s ]
SQL: SELECT * FROM `category`  [ RunTime:0.0000s ]
INFO: [ view_parse ] --START--
INFO: [ template_filter ] --START--
INFO: Run Behavior\ContentReplaceBehavior [ RunTime:0.001000s ]
INFO: [ template_filter ] --END-- [ RunTime:0.001000s ]
INFO: Run Behavior\ParseTemplateBehavior [ RunTime:0.087005s ]
INFO: [ view_parse ] --END-- [ RunTime:0.087005s ]
INFO: [ view_filter ] --START--
INFO: Run Behavior\WriteHtmlCacheBehavior [ RunTime:0.001000s ]
INFO: [ view_filter ] --END-- [ RunTime:0.001000s ]
INFO: [ app_end ] --START--
INFO: Run Behavior\ShowPageTraceBehavior [ RunTime:0.001000s ]
INFO: [ app_end ] --END-- [ RunTime:0.002001s ]

[ 2017-11-20T16:21:18+08:00 ] ::1 /month6/1031/index.php/Home/Index/login
INFO: [ app_init ] --START--
INFO: Run Behavior\BuildLiteBehavior [ RunTime:0.000000s ]
INFO: [ app_init ] --END-- [ RunTime:0.001000s ]
INFO: [ app_begin ] --START--
INFO: Run Behavior\ReadHtmlCacheBehavior [ RunTime:0.001000s ]
INFO: [ app_begin ] --END-- [ RunTime:0.001000s ]
INFO: [ view_parse ] --START--
INFO: [ template_filter ] --START--
INFO: Run Behavior\ContentReplaceBehavior [ RunTime:0.000000s ]
INFO: [ template_filter ] --END-- [ RunTime:0.001000s ]
INFO: Run Behavior\ParseTemplateBehavior [ RunTime:0.078004s ]
INFO: [ view_parse ] --END-- [ RunTime:0.078004s ]
INFO: [ view_filter ] --START--
INFO: Run Behavior\WriteHtmlCacheBehavior [ RunTime:0.001001s ]
INFO: [ view_filter ] --END-- [ RunTime:0.001001s ]
INFO: [ app_end ] --START--
INFO: Run Behavior\ShowPageTraceBehavior [ RunTime:0.002000s ]
INFO: [ app_end ] --END-- [ RunTime:0.002000s ]

[ 2017-11-20T16:21:26+08:00 ] ::1 /month6/1031/index.php/Home/Index/loginDo
INFO: [ app_init ] --START--
INFO: Run Behavior\BuildLiteBehavior [ RunTime:0.000000s ]
INFO: [ app_init ] --END-- [ RunTime:0.002001s ]
INFO: [ app_begin ] --START--
INFO: Run Behavior\ReadHtmlCacheBehavior [ RunTime:0.002000s ]
INFO: [ app_begin ] --END-- [ RunTime:0.002000s ]
SQL: SHOW COLUMNS FROM `user` [ RunTime:0.1080s ]
SQL: SELECT * FROM `user` WHERE ( user_name='董洋' ) LIMIT 1   [ RunTime:0.2160s ]
INFO: [ view_parse ] --START--
INFO: [ template_filter ] --START--
INFO: Run Behavior\ContentReplaceBehavior [ RunTime:0.000000s ]
INFO: [ template_filter ] --END-- [ RunTime:0.000000s ]
INFO: Run Behavior\ParseTemplateBehavior [ RunTime:0.187011s ]
INFO: [ view_parse ] --END-- [ RunTime:0.187011s ]
INFO: [ view_filter ] --START--
INFO: Run Behavior\WriteHtmlCacheBehavior [ RunTime:0.001000s ]
INFO: [ view_filter ] --END-- [ RunTime:0.001000s ]
INFO: [ app_end ] --START--
INFO: Run Behavior\ShowPageTraceBehavior [ RunTime:0.000000s ]
INFO: [ app_end ] --END-- [ RunTime:0.002000s ]

[ 2017-11-20T16:21:28+08:00 ] ::1 /month6/1031/index.php/Home/Index/product/goods_id.html
INFO: [ app_init ] --START--
INFO: Run Behavior\BuildLiteBehavior [ RunTime:0.000000s ]
INFO: [ app_init ] --END-- [ RunTime:0.000000s ]
INFO: [ app_begin ] --START--
INFO: Run Behavior\ReadHtmlCacheBehavior [ RunTime:0.004000s ]
INFO: [ app_begin ] --END-- [ RunTime:0.006000s ]
SQL: SHOW COLUMNS FROM `goods` [ RunTime:0.0850s ]
SQL: SELECT * FROM `goods` WHERE ( goods_id='' ) LIMIT 1   [ RunTime:0.0310s ]
SQL: SHOW COLUMNS FROM `goods_attr` [ RunTime:0.0290s ]
SQL: SELECT g.goods_attr_id,g.goods_id,g.attr_id,g.attr_values,g.price,a.attr_name,a.attr_type FROM goods_attr g INNER JOIN attribute a on g.attr_id=a.attr_id  WHERE ( goods_id='' )  [ RunTime:0.0980s ]
INFO: [ view_parse ] --START--
INFO: [ template_filter ] --START--
INFO: Run Behavior\ContentReplaceBehavior [ RunTime:0.001000s ]
INFO: [ template_filter ] --END-- [ RunTime:0.001000s ]
NOTIC: [8] Undefined index: goods_id E:\wamp\wamp\www\month6\1031\Application\Runtime\Cache\Home\2f4de9210f0faaf5e0fea0bc42744adb.php 第 934 行.
INFO: Run Behavior\ParseTemplateBehavior [ RunTime:0.107006s ]
INFO: [ view_parse ] --END-- [ RunTime:0.107006s ]
INFO: [ view_filter ] --START--
INFO: Run Behavior\WriteHtmlCacheBehavior [ RunTime:0.001000s ]
INFO: [ view_filter ] --END-- [ RunTime:0.001000s ]
INFO: [ app_end ] --START--
INFO: Run Behavior\ShowPageTraceBehavior [ RunTime:0.001000s ]
INFO: [ app_end ] --END-- [ RunTime:0.001000s ]

[ 2017-11-20T16:21:41+08:00 ] ::1 /month6/1031/index.php
INFO: [ app_init ] --START--
INFO: Run Behavior\BuildLiteBehavior [ RunTime:0.000000s ]
INFO: [ app_init ] --END-- [ RunTime:0.001000s ]
INFO: [ app_begin ] --START--
INFO: Run Behavior\ReadHtmlCacheBehavior [ RunTime:0.001000s ]
INFO: [ app_begin ] --END-- [ RunTime:0.001000s ]
SQL: SHOW COLUMNS FROM `category` [ RunTime:0.0050s ]
SQL: SELECT * FROM `category`  [ RunTime:0.0000s ]
INFO: [ view_parse ] --START--
INFO: [ template_filter ] --START--
INFO: Run Behavior\ContentReplaceBehavior [ RunTime:0.001000s ]
INFO: [ template_filter ] --END-- [ RunTime:0.002000s ]
INFO: Run Behavior\ParseTemplateBehavior [ RunTime:0.057004s ]
INFO: [ view_parse ] --END-- [ RunTime:0.057004s ]
INFO: [ view_filter ] --START--
INFO: Run Behavior\WriteHtmlCacheBehavior [ RunTime:0.001000s ]
INFO: [ view_filter ] --END-- [ RunTime:0.001000s ]
INFO: [ app_end ] --START--
INFO: Run Behavior\ShowPageTraceBehavior [ RunTime:0.001000s ]
INFO: [ app_end ] --END-- [ RunTime:0.001000s ]

[ 2017-11-20T16:21:53+08:00 ] ::1 /month6/1031/
INFO: [ app_init ] --START--
INFO: Run Behavior\BuildLiteBehavior [ RunTime:0.000000s ]
INFO: [ app_init ] --END-- [ RunTime:0.001000s ]
INFO: [ app_begin ] --START--
INFO: Run Behavior\ReadHtmlCacheBehavior [ RunTime:0.001000s ]
INFO: [ app_begin ] --END-- [ RunTime:0.002000s ]
SQL: SHOW COLUMNS FROM `category` [ RunTime:0.0050s ]
SQL: SELECT * FROM `category`  [ RunTime:0.0010s ]
INFO: [ view_parse ] --START--
INFO: [ template_filter ] --START--
INFO: Run Behavior\ContentReplaceBehavior [ RunTime:0.001000s ]
INFO: [ template_filter ] --END-- [ RunTime:0.001000s ]
INFO: Run Behavior\ParseTemplateBehavior [ RunTime:0.066004s ]
INFO: [ view_parse ] --END-- [ RunTime:0.067004s ]
INFO: [ view_filter ] --START--
INFO: Run Behavior\WriteHtmlCacheBehavior [ RunTime:0.001000s ]
INFO: [ view_filter ] --END-- [ RunTime:0.001000s ]
INFO: [ app_end ] --START--
INFO: Run Behavior\ShowPageTraceBehavior [ RunTime:0.002000s ]
INFO: [ app_end ] --END-- [ RunTime:0.002000s ]

[ 2017-11-20T19:26:52+08:00 ] ::1 /month6/1031/
INFO: [ app_init ] --START--
INFO: Run Behavior\BuildLiteBehavior [ RunTime:0.000000s ]
INFO: [ app_init ] --END-- [ RunTime:0.034002s ]
INFO: [ app_begin ] --START--
INFO: Run Behavior\ReadHtmlCacheBehavior [ RunTime:0.002000s ]
INFO: [ app_begin ] --END-- [ RunTime:0.002000s ]
SQL: SHOW COLUMNS FROM `category` [ RunTime:0.0790s ]
SQL: SELECT * FROM `category`  [ RunTime:0.0010s ]
INFO: [ view_parse ] --START--
INFO: [ template_filter ] --START--
INFO: Run Behavior\ContentReplaceBehavior [ RunTime:0.247014s ]
INFO: [ template_filter ] --END-- [ RunTime:0.247014s ]
INFO: Run Behavior\ParseTemplateBehavior [ RunTime:2.020116s ]
INFO: [ view_parse ] --END-- [ RunTime:2.020116s ]
INFO: [ view_filter ] --START--
INFO: Run Behavior\WriteHtmlCacheBehavior [ RunTime:0.055003s ]
INFO: [ view_filter ] --END-- [ RunTime:0.056003s ]
INFO: [ app_end ] --START--
INFO: Run Behavior\ShowPageTraceBehavior [ RunTime:0.155009s ]
INFO: [ app_end ] --END-- [ RunTime:0.155009s ]

[ 2017-11-20T19:26:57+08:00 ] ::1 /month6/1031/index.php/Home/Goods/goodsList/cat_id/1.html
INFO: [ app_init ] --START--
INFO: Run Behavior\BuildLiteBehavior [ RunTime:0.000000s ]
INFO: [ app_init ] --END-- [ RunTime:0.001000s ]
INFO: [ app_begin ] --START--
INFO: Run Behavior\ReadHtmlCacheBehavior [ RunTime:0.001000s ]
INFO: [ app_begin ] --END-- [ RunTime:0.001000s ]
SQL: SHOW COLUMNS FROM `category` [ RunTime:0.0240s ]
SQL: SELECT * FROM `category`  [ RunTime:0.0010s ]
SQL: SHOW COLUMNS FROM `goods` [ RunTime:0.1110s ]
SQL: SELECT * FROM `goods` WHERE ( cat_id in (1,4,19,20,7,17,18) )  [ RunTime:0.3260s ]
INFO: [ view_parse ] --START--
INFO: [ template_filter ] --START--
INFO: Run Behavior\ContentReplaceBehavior [ RunTime:0.001000s ]
INFO: [ template_filter ] --END-- [ RunTime:0.001000s ]
INFO: Run Behavior\ParseTemplateBehavior [ RunTime:0.154009s ]
INFO: [ view_parse ] --END-- [ RunTime:0.154009s ]
INFO: [ view_filter ] --START--
INFO: Run Behavior\WriteHtmlCacheBehavior [ RunTime:0.000000s ]
INFO: [ view_filter ] --END-- [ RunTime:0.001000s ]
INFO: [ app_end ] --START--
INFO: Run Behavior\ShowPageTraceBehavior [ RunTime:0.001000s ]
INFO: [ app_end ] --END-- [ RunTime:0.001000s ]

[ 2017-11-20T19:29:32+08:00 ] ::1 /month6/1031/index.php/Home/Goods/goodsList/cat_id/1.html
INFO: [ app_init ] --START--
INFO: Run Behavior\BuildLiteBehavior [ RunTime:0.000000s ]
INFO: [ app_init ] --END-- [ RunTime:0.001000s ]
INFO: [ app_begin ] --START--
INFO: Run Behavior\ReadHtmlCacheBehavior [ RunTime:0.001000s ]
INFO: [ app_begin ] --END-- [ RunTime:0.002000s ]
SQL: SHOW COLUMNS FROM `category` [ RunTime:0.0060s ]
SQL: SELECT * FROM `category`  [ RunTime:0.0010s ]
SQL: SHOW COLUMNS FROM `goods` [ RunTime:0.0060s ]
SQL: SELECT * FROM `goods` WHERE ( cat_id in (1,4,19,20,7,17,18) )  [ RunTime:0.0010s ]
INFO: [ view_parse ] --START--
INFO: [ template_filter ] --START--
INFO: Run Behavior\ContentReplaceBehavior [ RunTime:0.000000s ]
INFO: [ template_filter ] --END-- [ RunTime:0.000000s ]
INFO: Run Behavior\ParseTemplateBehavior [ RunTime:0.037003s ]
INFO: [ view_parse ] --END-- [ RunTime:0.037003s ]
INFO: [ view_filter ] --START--
INFO: Run Behavior\WriteHtmlCacheBehavior [ RunTime:0.001000s ]
INFO: [ view_filter ] --END-- [ RunTime:0.001000s ]
INFO: [ app_end ] --START--
INFO: Run Behavior\ShowPageTraceBehavior [ RunTime:0.001000s ]
INFO: [ app_end ] --END-- [ RunTime:0.001000s ]

[ 2017-11-20T19:29:42+08:00 ] ::1 /month6/1031/
INFO: [ app_init ] --START--
INFO: Run Behavior\BuildLiteBehavior [ RunTime:0.000000s ]
INFO: [ app_init ] --END-- [ RunTime:0.001000s ]
INFO: [ app_begin ] --START--
INFO: Run Behavior\ReadHtmlCacheBehavior [ RunTime:0.001000s ]
INFO: [ app_begin ] --END-- [ RunTime:0.001000s ]
SQL: SHOW COLUMNS FROM `category` [ RunTime:0.0060s ]
SQL: SELECT * FROM `category`  [ RunTime:0.0000s ]
INFO: [ view_parse ] --START--
INFO: [ template_filter ] --START--
INFO: Run Behavior\ContentReplaceBehavior [ RunTime:0.000000s ]
INFO: [ template_filter ] --END-- [ RunTime:0.001000s ]
INFO: Run Behavior\ParseTemplateBehavior [ RunTime:0.058004s ]
INFO: [ view_parse ] --END-- [ RunTime:0.059004s ]
INFO: [ view_filter ] --START--
INFO: Run Behavior\WriteHtmlCacheBehavior [ RunTime:0.000000s ]
INFO: [ view_filter ] --END-- [ RunTime:0.001000s ]
INFO: [ app_end ] --START--
INFO: Run Behavior\ShowPageTraceBehavior [ RunTime:0.001000s ]
INFO: [ app_end ] --END-- [ RunTime:0.001000s ]

[ 2017-11-20T19:29:43+08:00 ] ::1 /month6/1031/index.php/Home/Index/login
INFO: [ app_init ] --START--
INFO: Run Behavior\BuildLiteBehavior [ RunTime:0.000000s ]
INFO: [ app_init ] --END-- [ RunTime:0.001000s ]
INFO: [ app_begin ] --START--
INFO: Run Behavior\ReadHtmlCacheBehavior [ RunTime:0.001000s ]
INFO: [ app_begin ] --END-- [ RunTime:0.001000s ]
INFO: [ view_parse ] --START--
INFO: [ template_filter ] --START--
INFO: Run Behavior\ContentReplaceBehavior [ RunTime:0.001000s ]
INFO: [ template_filter ] --END-- [ RunTime:0.001000s ]
INFO: Run Behavior\ParseTemplateBehavior [ RunTime:0.042002s ]
INFO: [ view_parse ] --END-- [ RunTime:0.042002s ]
INFO: [ view_filter ] --START--
INFO: Run Behavior\WriteHtmlCacheBehavior [ RunTime:0.001000s ]
INFO: [ view_filter ] --END-- [ RunTime:0.001000s ]
INFO: [ app_end ] --START--
INFO: Run Behavior\ShowPageTraceBehavior [ RunTime:0.002000s ]
INFO: [ app_end ] --END-- [ RunTime:0.002000s ]

[ 2017-11-20T19:30:14+08:00 ] ::1 /month6/1031/index.php/Home/Goods/goodsList/cat_id/1.html
INFO: [ app_init ] --START--
INFO: Run Behavior\BuildLiteBehavior [ RunTime:0.000000s ]
INFO: [ app_init ] --END-- [ RunTime:0.000000s ]
INFO: [ app_begin ] --START--
INFO: Run Behavior\ReadHtmlCacheBehavior [ RunTime:0.001000s ]
INFO: [ app_begin ] --END-- [ RunTime:0.001000s ]
SQL: SHOW COLUMNS FROM `category` [ RunTime:0.0050s ]
SQL: SELECT * FROM `category`  [ RunTime:0.0000s ]
SQL: SHOW COLUMNS FROM `goods` [ RunTime:0.0050s ]
SQL: SELECT * FROM `goods` WHERE ( cat_id in (1,4,19,20,7,17,18) )  [ RunTime:0.0020s ]
INFO: [ view_parse ] --START--
INFO: [ template_filter ] --START--
INFO: Run Behavior\ContentReplaceBehavior [ RunTime:0.000000s ]
INFO: [ template_filter ] --END-- [ RunTime:0.001000s ]
INFO: Run Behavior\ParseTemplateBehavior [ RunTime:0.030001s ]
INFO: [ view_parse ] --END-- [ RunTime:0.030001s ]
INFO: [ view_filter ] --START--
INFO: Run Behavior\WriteHtmlCacheBehavior [ RunTime:0.000000s ]
INFO: [ view_filter ] --END-- [ RunTime:0.001000s ]
INFO: [ app_end ] --START--
INFO: Run Behavior\ShowPageTraceBehavior [ RunTime:0.001001s ]
INFO: [ app_end ] --END-- [ RunTime:0.002001s ]

[ 2017-11-20T19:30:18+08:00 ] ::1 /month6/1031/index.php/Home/Goods/goodsList/cat_id/1.html
INFO: [ app_init ] --START--
INFO: Run Behavior\BuildLiteBehavior [ RunTime:0.000000s ]
INFO: [ app_init ] --END-- [ RunTime:0.001000s ]
INFO: [ app_begin ] --START--
INFO: Run Behavior\ReadHtmlCacheBehavior [ RunTime:0.001000s ]
INFO: [ app_begin ] --END-- [ RunTime:0.001000s ]
SQL: SHOW COLUMNS FROM `category` [ RunTime:0.0060s ]
SQL: SELECT * FROM `category`  [ RunTime:0.0010s ]
SQL: SHOW COLUMNS FROM `goods` [ RunTime:0.0060s ]
SQL: SELECT * FROM `goods` WHERE ( cat_id in (1,4,19,20,7,17,18) )  [ RunTime:0.0010s ]
INFO: [ view_parse ] --START--
INFO: [ template_filter ] --START--
INFO: Run Behavior\ContentReplaceBehavior [ RunTime:0.000000s ]
INFO: [ template_filter ] --END-- [ RunTime:0.000000s ]
INFO: Run Behavior\ParseTemplateBehavior [ RunTime:0.028002s ]
INFO: [ view_parse ] --END-- [ RunTime:0.028002s ]
INFO: [ view_filter ] --START--
INFO: Run Behavior\WriteHtmlCacheBehavior [ RunTime:0.001000s ]
INFO: [ view_filter ] --END-- [ RunTime:0.001000s ]
INFO: [ app_end ] --START--
INFO: Run Behavior\ShowPageTraceBehavior [ RunTime:0.001000s ]
INFO: [ app_end ] --END-- [ RunTime:0.001000s ]

[ 2017-11-20T19:30:43+08:00 ] ::1 /month6/1031/index.php/Home/Goods/goodsList/cat_id/1.html
INFO: [ app_init ] --START--
INFO: Run Behavior\BuildLiteBehavior [ RunTime:0.000000s ]
INFO: [ app_init ] --END-- [ RunTime:0.002000s ]
INFO: [ app_begin ] --START--
INFO: Run Behavior\ReadHtmlCacheBehavior [ RunTime:0.001000s ]
INFO: [ app_begin ] --END-- [ RunTime:0.001000s ]
SQL: SHOW COLUMNS FROM `category` [ RunTime:0.0060s ]
SQL: SELECT * FROM `category`  [ RunTime:0.0000s ]
SQL: SHOW COLUMNS FROM `goods` [ RunTime:0.0050s ]
SQL: SELECT * FROM `goods` WHERE ( cat_id in (1,4,19,20,7,17,18) )  [ RunTime:0.0010s ]
INFO: [ view_parse ] --START--
INFO: [ template_filter ] --START--
INFO: Run Behavior\ContentReplaceBehavior [ RunTime:0.001000s ]
INFO: [ template_filter ] --END-- [ RunTime:0.001000s ]
INFO: Run Behavior\ParseTemplateBehavior [ RunTime:0.033002s ]
INFO: [ view_parse ] --END-- [ RunTime:0.033002s ]
INFO: [ view_filter ] --START--
INFO: Run Behavior\WriteHtmlCacheBehavior [ RunTime:0.000000s ]
INFO: [ view_filter ] --END-- [ RunTime:0.001000s ]
INFO: [ app_end ] --START--
INFO: Run Behavior\ShowPageTraceBehavior [ RunTime:0.001000s ]
INFO: [ app_end ] --END-- [ RunTime:0.002000s ]

[ 2017-11-20T19:30:43+08:00 ] ::1 /month6/1031/index.php/Home/Goods/goodsList/cat_id/1.html
INFO: [ app_init ] --START--
INFO: Run Behavior\BuildLiteBehavior [ RunTime:0.000000s ]
INFO: [ app_init ] --END-- [ RunTime:0.002000s ]
INFO: [ app_begin ] --START--
INFO: Run Behavior\ReadHtmlCacheBehavior [ RunTime:0.002000s ]
INFO: [ app_begin ] --END-- [ RunTime:0.003000s ]
SQL: SHOW COLUMNS FROM `category` [ RunTime:0.0150s ]
SQL: SELECT * FROM `category`  [ RunTime:0.0000s ]
SQL: SHOW COLUMNS FROM `goods` [ RunTime:0.0130s ]
SQL: SELECT * FROM `goods` WHERE ( cat_id in (1,4,19,20,7,17,18) )  [ RunTime:0.0010s ]
INFO: [ view_parse ] --START--
INFO: [ template_filter ] --START--
INFO: Run Behavior\ContentReplaceBehavior [ RunTime:0.000000s ]
INFO: [ template_filter ] --END-- [ RunTime:0.000000s ]
INFO: Run Behavior\ParseTemplateBehavior [ RunTime:0.045003s ]
INFO: [ view_parse ] --END-- [ RunTime:0.045003s ]
INFO: [ view_filter ] --START--
INFO: Run Behavior\WriteHtmlCacheBehavior [ RunTime:0.001000s ]
INFO: [ view_filter ] --END-- [ RunTime:0.001000s ]
INFO: [ app_end ] --START--
INFO: Run Behavior\ShowPageTraceBehavior [ RunTime:0.001000s ]
INFO: [ app_end ] --END-- [ RunTime:0.001000s ]

[ 2017-11-20T19:30:53+08:00 ] ::1 /month6/1031/
INFO: [ app_init ] --START--
INFO: Run Behavior\BuildLiteBehavior [ RunTime:0.000000s ]
INFO: [ app_init ] --END-- [ RunTime:0.001000s ]
INFO: [ app_begin ] --START--
INFO: Run Behavior\ReadHtmlCacheBehavior [ RunTime:0.001000s ]
INFO: [ app_begin ] --END-- [ RunTime:0.001000s ]
SQL: SHOW COLUMNS FROM `category` [ RunTime:0.0050s ]
SQL: SELECT * FROM `category`  [ RunTime:0.0010s ]
INFO: [ view_parse ] --START--
INFO: [ template_filter ] --START--
INFO: Run Behavior\ContentReplaceBehavior [ RunTime:0.000000s ]
INFO: [ template_filter ] --END-- [ RunTime:0.001000s ]
INFO: Run Behavior\ParseTemplateBehavior [ RunTime:0.092005s ]
INFO: [ view_parse ] --END-- [ RunTime:0.092005s ]
INFO: [ view_filter ] --START--
INFO: Run Behavior\WriteHtmlCacheBehavior [ RunTime:0.001001s ]
INFO: [ view_filter ] --END-- [ RunTime:0.001001s ]
INFO: [ app_end ] --START--
INFO: Run Behavior\ShowPageTraceBehavior [ RunTime:0.001000s ]
INFO: [ app_end ] --END-- [ RunTime:0.001000s ]

[ 2017-11-20T19:30:53+08:00 ] ::1 /month6/1031/
INFO: [ app_init ] --START--
INFO: Run Behavior\BuildLiteBehavior [ RunTime:0.001000s ]
INFO: [ app_init ] --END-- [ RunTime:0.002000s ]
INFO: [ app_begin ] --START--
INFO: Run Behavior\ReadHtmlCacheBehavior [ RunTime:0.001000s ]
INFO: [ app_begin ] --END-- [ RunTime:0.001000s ]
SQL: SHOW COLUMNS FROM `category` [ RunTime:0.0060s ]
SQL: SELECT * FROM `category`  [ RunTime:0.0010s ]
INFO: [ view_parse ] --START--
INFO: [ template_filter ] --START--
INFO: Run Behavior\ContentReplaceBehavior [ RunTime:0.001000s ]
INFO: [ template_filter ] --END-- [ RunTime:0.001000s ]
INFO: Run Behavior\ParseTemplateBehavior [ RunTime:0.077005s ]
INFO: [ view_parse ] --END-- [ RunTime:0.077005s ]
INFO: [ view_filter ] --START--
INFO: Run Behavior\WriteHtmlCacheBehavior [ RunTime:0.001000s ]
INFO: [ view_filter ] --END-- [ RunTime:0.001000s ]
INFO: [ app_end ] --START--
INFO: Run Behavior\ShowPageTraceBehavior [ RunTime:0.001000s ]
INFO: [ app_end ] --END-- [ RunTime:0.001000s ]

[ 2017-11-20T19:30:54+08:00 ] ::1 /month6/1031/index.php/Home/Goods/goodsList/cat_id/1.html
INFO: [ app_init ] --START--
INFO: Run Behavior\BuildLiteBehavior [ RunTime:0.000000s ]
INFO: [ app_init ] --END-- [ RunTime:0.001001s ]
INFO: [ app_begin ] --START--
INFO: Run Behavior\ReadHtmlCacheBehavior [ RunTime:0.001000s ]
INFO: [ app_begin ] --END-- [ RunTime:0.001000s ]
SQL: SHOW COLUMNS FROM `category` [ RunTime:0.0060s ]
SQL: SELECT * FROM `category`  [ RunTime:0.0000s ]
SQL: SHOW COLUMNS FROM `goods` [ RunTime:0.0060s ]
SQL: SELECT * FROM `goods` WHERE ( cat_id in (1,4,19,20,7,17,18) )  [ RunTime:0.0010s ]
INFO: [ view_parse ] --START--
INFO: [ template_filter ] --START--
INFO: Run Behavior\ContentReplaceBehavior [ RunTime:0.001000s ]
INFO: [ template_filter ] --END-- [ RunTime:0.001000s ]
INFO: Run Behavior\ParseTemplateBehavior [ RunTime:0.032002s ]
INFO: [ view_parse ] --END-- [ RunTime:0.032002s ]
INFO: [ view_filter ] --START--
INFO: Run Behavior\WriteHtmlCacheBehavior [ RunTime:0.001000s ]
INFO: [ view_filter ] --END-- [ RunTime:0.001000s ]
INFO: [ app_end ] --START--
INFO: Run Behavior\ShowPageTraceBehavior [ RunTime:0.001000s ]
INFO: [ app_end ] --END-- [ RunTime:0.001000s ]

[ 2017-11-20T19:31:16+08:00 ] ::1 /month6/1031/
INFO: [ app_init ] --START--
INFO: Run Behavior\BuildLiteBehavior [ RunTime:0.000000s ]
INFO: [ app_init ] --END-- [ RunTime:0.001000s ]
INFO: [ app_begin ] --START--
INFO: Run Behavior\ReadHtmlCacheBehavior [ RunTime:0.001001s ]
INFO: [ app_begin ] --END-- [ RunTime:0.001001s ]
SQL: SHOW COLUMNS FROM `category` [ RunTime:0.0060s ]
SQL: SELECT * FROM `category`  [ RunTime:0.0010s ]
INFO: [ view_parse ] --START--
INFO: [ template_filter ] --START--
INFO: Run Behavior\ContentReplaceBehavior [ RunTime:0.000000s ]
INFO: [ template_filter ] --END-- [ RunTime:0.001000s ]
INFO: Run Behavior\ParseTemplateBehavior [ RunTime:0.085005s ]
INFO: [ view_parse ] --END-- [ RunTime:0.085005s ]
INFO: [ view_filter ] --START--
INFO: Run Behavior\WriteHtmlCacheBehavior [ RunTime:0.000000s ]
INFO: [ view_filter ] --END-- [ RunTime:0.001000s ]
INFO: [ app_end ] --START--
INFO: Run Behavior\ShowPageTraceBehavior [ RunTime:0.002000s ]
INFO: [ app_end ] --END-- [ RunTime:0.002000s ]

[ 2017-11-20T19:31:17+08:00 ] ::1 /month6/1031/index.php/Home/Index/login.html
INFO: [ app_init ] --START--
INFO: Run Behavior\BuildLiteBehavior [ RunTime:0.000000s ]
INFO: [ app_init ] --END-- [ RunTime:0.001000s ]
INFO: [ app_begin ] --START--
INFO: Run Behavior\ReadHtmlCacheBehavior [ RunTime:0.001000s ]
INFO: [ app_begin ] --END-- [ RunTime:0.002000s ]
INFO: [ view_parse ] --START--
INFO: [ template_filter ] --START--
INFO: Run Behavior\ContentReplaceBehavior [ RunTime:0.000000s ]
INFO: [ template_filter ] --END-- [ RunTime:0.000000s ]
INFO: Run Behavior\ParseTemplateBehavior [ RunTime:0.011001s ]
INFO: [ view_parse ] --END-- [ RunTime:0.013001s ]
INFO: [ view_filter ] --START--
INFO: Run Behavior\WriteHtmlCacheBehavior [ RunTime:0.001000s ]
INFO: [ view_filter ] --END-- [ RunTime:0.001000s ]
INFO: [ app_end ] --START--
INFO: Run Behavior\ShowPageTraceBehavior [ RunTime:0.002000s ]
INFO: [ app_end ] --END-- [ RunTime:0.002000s ]

[ 2017-11-20T19:31:37+08:00 ] ::1 /month6/1031/index.php/Home/Goods/goodsList/cat_id/1.html
INFO: [ app_init ] --START--
INFO: Run Behavior\BuildLiteBehavior [ RunTime:0.000000s ]
INFO: [ app_init ] --END-- [ RunTime:0.001000s ]
INFO: [ app_begin ] --START--
INFO: Run Behavior\ReadHtmlCacheBehavior [ RunTime:0.001000s ]
INFO: [ app_begin ] --END-- [ RunTime:0.001000s ]
SQL: SHOW COLUMNS FROM `category` [ RunTime:0.0050s ]
SQL: SELECT * FROM `category`  [ RunTime:0.0000s ]
SQL: SHOW COLUMNS FROM `goods` [ RunTime:0.0060s ]
SQL: SELECT * FROM `goods` WHERE ( cat_id in (1,4,19,20,7,17,18) )  [ RunTime:0.0010s ]
INFO: [ view_parse ] --START--
INFO: [ template_filter ] --START--
INFO: Run Behavior\ContentReplaceBehavior [ RunTime:0.000000s ]
INFO: [ template_filter ] --END-- [ RunTime:0.001000s ]
INFO: Run Behavior\ParseTemplateBehavior [ RunTime:0.031002s ]
INFO: [ view_parse ] --END-- [ RunTime:0.031002s ]
INFO: [ view_filter ] --START--
INFO: Run Behavior\WriteHtmlCacheBehavior [ RunTime:0.000000s ]
INFO: [ view_filter ] --END-- [ RunTime:0.000000s ]
INFO: [ app_end ] --START--
INFO: Run Behavior\ShowPageTraceBehavior [ RunTime:0.002000s ]
INFO: [ app_end ] --END-- [ RunTime:0.002000s ]

[ 2017-11-20T19:32:06+08:00 ] ::1 /month6/1031/index.php/Home/Goods/goodsList/cat_id/1.html
INFO: [ app_init ] --START--
INFO: Run Behavior\BuildLiteBehavior [ RunTime:0.000000s ]
INFO: [ app_init ] --END-- [ RunTime:0.001000s ]
INFO: [ app_begin ] --START--
INFO: Run Behavior\ReadHtmlCacheBehavior [ RunTime:0.002000s ]
INFO: [ app_begin ] --END-- [ RunTime:0.002000s ]
SQL: SHOW COLUMNS FROM `category` [ RunTime:0.0060s ]
SQL: SELECT * FROM `category`  [ RunTime:0.0010s ]
SQL: SHOW COLUMNS FROM `goods` [ RunTime:0.0050s ]
SQL: SELECT * FROM `goods` WHERE ( cat_id in (1,4,19,20,7,17,18) )  [ RunTime:0.0010s ]
INFO: [ view_parse ] --START--
INFO: [ template_filter ] --START--
INFO: Run Behavior\ContentReplaceBehavior [ RunTime:0.001000s ]
INFO: [ template_filter ] --END-- [ RunTime:0.001000s ]
INFO: Run Behavior\ParseTemplateBehavior [ RunTime:0.035002s ]
INFO: [ view_parse ] --END-- [ RunTime:0.036002s ]
INFO: [ view_filter ] --START--
INFO: Run Behavior\WriteHtmlCacheBehavior [ RunTime:0.000000s ]
INFO: [ view_filter ] --END-- [ RunTime:0.000000s ]
INFO: [ app_end ] --START--
INFO: Run Behavior\ShowPageTraceBehavior [ RunTime:0.001000s ]
INFO: [ app_end ] --END-- [ RunTime:0.001000s ]

[ 2017-11-20T19:32:07+08:00 ] ::1 /month6/1031/index.php/Home/Index/login.html
INFO: [ app_init ] --START--
INFO: Run Behavior\BuildLiteBehavior [ RunTime:0.000000s ]
INFO: [ app_init ] --END-- [ RunTime:0.001000s ]
INFO: [ app_begin ] --START--
INFO: Run Behavior\ReadHtmlCacheBehavior [ RunTime:0.001000s ]
INFO: [ app_begin ] --END-- [ RunTime:0.001000s ]
INFO: [ view_parse ] --START--
INFO: [ template_filter ] --START--
INFO: Run Behavior\ContentReplaceBehavior [ RunTime:0.000000s ]
INFO: [ template_filter ] --END-- [ RunTime:0.000000s ]
INFO: Run Behavior\ParseTemplateBehavior [ RunTime:0.013001s ]
INFO: [ view_parse ] --END-- [ RunTime:0.013001s ]
INFO: [ view_filter ] --START--
INFO: Run Behavior\WriteHtmlCacheBehavior [ RunTime:0.001000s ]
INFO: [ view_filter ] --END-- [ RunTime:0.001000s ]
INFO: [ app_end ] --START--
INFO: Run Behavior\ShowPageTraceBehavior [ RunTime:0.001000s ]
INFO: [ app_end ] --END-- [ RunTime:0.001000s ]

[ 2017-11-20T19:32:21+08:00 ] ::1 /month6/1031/
INFO: [ app_init ] --START--
INFO: Run Behavior\BuildLiteBehavior [ RunTime:0.000000s ]
INFO: [ app_init ] --END-- [ RunTime:0.001000s ]
INFO: [ app_begin ] --START--
INFO: Run Behavior\ReadHtmlCacheBehavior [ RunTime:0.001000s ]
INFO: [ app_begin ] --END-- [ RunTime:0.001000s ]
SQL: SHOW COLUMNS FROM `category` [ RunTime:0.0060s ]
SQL: SELECT * FROM `category`  [ RunTime:0.0010s ]
INFO: [ view_parse ] --START--
INFO: [ template_filter ] --START--
INFO: Run Behavior\ContentReplaceBehavior [ RunTime:0.000000s ]
INFO: [ template_filter ] --END-- [ RunTime:0.000000s ]
INFO: Run Behavior\ParseTemplateBehavior [ RunTime:0.053003s ]
INFO: [ view_parse ] --END-- [ RunTime:0.053003s ]
INFO: [ view_filter ] --START--
INFO: Run Behavior\WriteHtmlCacheBehavior [ RunTime:0.000000s ]
INFO: [ view_filter ] --END-- [ RunTime:0.001000s ]
INFO: [ app_end ] --START--
INFO: Run Behavior\ShowPageTraceBehavior [ RunTime:0.001001s ]
INFO: [ app_end ] --END-- [ RunTime:0.001001s ]

[ 2017-11-20T19:32:30+08:00 ] ::1 /month6/1031/index.php/Home/Goods/goodsList/cat_id/1.html
INFO: [ app_init ] --START--
INFO: Run Behavior\BuildLiteBehavior [ RunTime:0.000000s ]
INFO: [ app_init ] --END-- [ RunTime:0.002000s ]
INFO: [ app_begin ] --START--
INFO: Run Behavior\ReadHtmlCacheBehavior [ RunTime:0.001000s ]
INFO: [ app_begin ] --END-- [ RunTime:0.001000s ]
SQL: SHOW COLUMNS FROM `category` [ RunTime:0.0060s ]
SQL: SELECT * FROM `category`  [ RunTime:0.0000s ]
SQL: SHOW COLUMNS FROM `goods` [ RunTime:0.0060s ]
SQL: SELECT * FROM `goods` WHERE ( cat_id in (1,4,19,20,7,17,18) )  [ RunTime:0.0010s ]
INFO: [ view_parse ] --START--
INFO: [ template_filter ] --START--
INFO: Run Behavior\ContentReplaceBehavior [ RunTime:0.000000s ]
INFO: [ template_filter ] --END-- [ RunTime:0.000000s ]
INFO: Run Behavior\ParseTemplateBehavior [ RunTime:0.035002s ]
INFO: [ view_parse ] --END-- [ RunTime:0.035002s ]
INFO: [ view_filter ] --START--
INFO: Run Behavior\WriteHtmlCacheBehavior [ RunTime:0.000000s ]
INFO: [ view_filter ] --END-- [ RunTime:0.002000s ]
INFO: [ app_end ] --START--
INFO: Run Behavior\ShowPageTraceBehavior [ RunTime:0.001000s ]
INFO: [ app_end ] --END-- [ RunTime:0.001000s ]

[ 2017-11-20T20:08:32+08:00 ] ::1 /month6/1031/
INFO: [ app_init ] --START--
INFO: Run Behavior\BuildLiteBehavior [ RunTime:0.000000s ]
INFO: [ app_init ] --END-- [ RunTime:0.001000s ]
INFO: [ app_begin ] --START--
INFO: Run Behavior\ReadHtmlCacheBehavior [ RunTime:0.001000s ]
INFO: [ app_begin ] --END-- [ RunTime:0.001000s ]
SQL: SHOW COLUMNS FROM `category` [ RunTime:0.0060s ]
SQL: SELECT * FROM `category`  [ RunTime:0.0000s ]
INFO: [ view_parse ] --START--
INFO: [ template_filter ] --START--
INFO: Run Behavior\ContentReplaceBehavior [ RunTime:0.001000s ]
INFO: [ template_filter ] --END-- [ RunTime:0.001000s ]
INFO: Run Behavior\ParseTemplateBehavior [ RunTime:0.057004s ]
INFO: [ view_parse ] --END-- [ RunTime:0.057004s ]
INFO: [ view_filter ] --START--
INFO: Run Behavior\WriteHtmlCacheBehavior [ RunTime:0.001000s ]
INFO: [ view_filter ] --END-- [ RunTime:0.001000s ]
INFO: [ app_end ] --START--
INFO: Run Behavior\ShowPageTraceBehavior [ RunTime:0.001000s ]
INFO: [ app_end ] --END-- [ RunTime:0.002000s ]

[ 2017-11-20T20:09:52+08:00 ] ::1 /month6/1031/
INFO: [ app_init ] --START--
INFO: Run Behavior\BuildLiteBehavior [ RunTime:0.000000s ]
INFO: [ app_init ] --END-- [ RunTime:0.001000s ]
INFO: [ app_begin ] --START--
INFO: Run Behavior\ReadHtmlCacheBehavior [ RunTime:0.001001s ]
INFO: [ app_begin ] --END-- [ RunTime:0.001001s ]
SQL: SHOW COLUMNS FROM `category` [ RunTime:0.0060s ]
SQL: SELECT * FROM `category`  [ RunTime:0.0000s ]
INFO: [ view_parse ] --START--
INFO: [ template_filter ] --START--
INFO: Run Behavior\ContentReplaceBehavior [ RunTime:0.001001s ]
INFO: [ template_filter ] --END-- [ RunTime:0.001001s ]
INFO: Run Behavior\ParseTemplateBehavior [ RunTime:0.054003s ]
INFO: [ view_parse ] --END-- [ RunTime:0.054003s ]
INFO: [ view_filter ] --START--
INFO: Run Behavior\WriteHtmlCacheBehavior [ RunTime:0.000000s ]
INFO: [ view_filter ] --END-- [ RunTime:0.001000s ]
INFO: [ app_end ] --START--
INFO: Run Behavior\ShowPageTraceBehavior [ RunTime:0.003000s ]
INFO: [ app_end ] --END-- [ RunTime:0.003000s ]

[ 2017-11-20T20:10:36+08:00 ] ::1 /month6/1031/
INFO: [ app_init ] --START--
INFO: Run Behavior\BuildLiteBehavior [ RunTime:0.000000s ]
INFO: [ app_init ] --END-- [ RunTime:0.001000s ]
INFO: [ app_begin ] --START--
INFO: Run Behavior\ReadHtmlCacheBehavior [ RunTime:0.001000s ]
INFO: [ app_begin ] --END-- [ RunTime:0.001000s ]
SQL: SHOW COLUMNS FROM `category` [ RunTime:0.0060s ]
SQL: SELECT * FROM `category`  [ RunTime:0.0010s ]
INFO: [ view_parse ] --START--
INFO: [ template_filter ] --START--
INFO: Run Behavior\ContentReplaceBehavior [ RunTime:0.001000s ]
INFO: [ template_filter ] --END-- [ RunTime:0.001000s ]
INFO: Run Behavior\ParseTemplateBehavior [ RunTime:0.057003s ]
INFO: [ view_parse ] --END-- [ RunTime:0.057003s ]
INFO: [ view_filter ] --START--
INFO: Run Behavior\WriteHtmlCacheBehavior [ RunTime:0.000000s ]
INFO: [ view_filter ] --END-- [ RunTime:0.000000s ]
INFO: [ app_end ] --START--
INFO: Run Behavior\ShowPageTraceBehavior [ RunTime:0.002000s ]
INFO: [ app_end ] --END-- [ RunTime:0.002000s ]

[ 2017-11-20T20:10:40+08:00 ] ::1 /month6/1031/index.php/Home/Coupon/getCoupon.html
INFO: [ app_init ] --START--
INFO: Run Behavior\BuildLiteBehavior [ RunTime:0.000000s ]
INFO: [ app_init ] --END-- [ RunTime:0.001000s ]
INFO: [ app_begin ] --START--
INFO: Run Behavior\ReadHtmlCacheBehavior [ RunTime:0.001000s ]
INFO: [ app_begin ] --END-- [ RunTime:0.001000s ]
ERR: 无法加载控制器:Coupon

[ 2017-11-20T20:11:15+08:00 ] ::1 /month6/1031/
INFO: [ app_init ] --START--
INFO: Run Behavior\BuildLiteBehavior [ RunTime:0.001000s ]
INFO: [ app_init ] --END-- [ RunTime:0.001000s ]
INFO: [ app_begin ] --START--
INFO: Run Behavior\ReadHtmlCacheBehavior [ RunTime:0.001000s ]
INFO: [ app_begin ] --END-- [ RunTime:0.001000s ]
SQL: SHOW COLUMNS FROM `category` [ RunTime:0.0060s ]
SQL: SELECT * FROM `category`  [ RunTime:0.0010s ]
INFO: [ view_parse ] --START--
INFO: [ template_filter ] --START--
INFO: Run Behavior\ContentReplaceBehavior [ RunTime:0.001000s ]
INFO: [ template_filter ] --END-- [ RunTime:0.001000s ]
INFO: Run Behavior\ParseTemplateBehavior [ RunTime:0.056004s ]
INFO: [ view_parse ] --END-- [ RunTime:0.057004s ]
INFO: [ view_filter ] --START--
INFO: Run Behavior\WriteHtmlCacheBehavior [ RunTime:0.001000s ]
INFO: [ view_filter ] --END-- [ RunTime:0.001000s ]
INFO: [ app_end ] --START--
INFO: Run Behavior\ShowPageTraceBehavior [ RunTime:0.001000s ]
INFO: [ app_end ] --END-- [ RunTime:0.002000s ]

[ 2017-11-20T20:11:16+08:00 ] ::1 /month6/1031/index.php/Home/Coupon/getCoupon.html
INFO: [ app_init ] --START--
INFO: Run Behavior\BuildLiteBehavior [ RunTime:0.000000s ]
INFO: [ app_init ] --END-- [ RunTime:0.001000s ]
INFO: [ app_begin ] --START--
INFO: Run Behavior\ReadHtmlCacheBehavior [ RunTime:0.002000s ]
INFO: [ app_begin ] --END-- [ RunTime:0.002000s ]
INFO: [ view_parse ] --START--
INFO: [ template_filter ] --START--
INFO: Run Behavior\ContentReplaceBehavior [ RunTime:0.000000s ]
INFO: [ template_filter ] --END-- [ RunTime:0.001000s ]
INFO: Run Behavior\ParseTemplateBehavior [ RunTime:0.010001s ]
INFO: [ view_parse ] --END-- [ RunTime:0.011001s ]
INFO: [ view_filter ] --START--
INFO: Run Behavior\WriteHtmlCacheBehavior [ RunTime:0.001000s ]
INFO: [ view_filter ] --END-- [ RunTime:0.001000s ]
INFO: [ app_end ] --START--
INFO: Run Behavior\ShowPageTraceBehavior [ RunTime:0.002000s ]
INFO: [ app_end ] --END-- [ RunTime:0.002000s ]

[ 2017-11-20T20:15:03+08:00 ] ::1 /month6/1031/index.php/Home/Coupon/getCoupon.html
INFO: [ app_init ] --START--
INFO: Run Behavior\BuildLiteBehavior [ RunTime:0.000000s ]
INFO: [ app_init ] --END-- [ RunTime:0.002000s ]
INFO: [ app_begin ] --START--
INFO: Run Behavior\ReadHtmlCacheBehavior [ RunTime:0.000000s ]
INFO: [ app_begin ] --END-- [ RunTime:0.001000s ]
SQL: SHOW COLUMNS FROM `coupon` [ RunTime:0.0050s ]
ERR: 1064:Erreur de syntaxe près de 'condition con on c.condition_id=con.condition' à la ligne 1
 [ SQL语句 ] : SELECT * FROM coupon c INNER JOIN condition con on c.condition_id=con.condition  
ERR: 1064:Erreur de syntaxe près de 'condition con on c.condition_id=con.condition' à la ligne 1
 [ SQL语句 ] : SELECT * FROM coupon c INNER JOIN condition con on c.condition_id=con.condition  

[ 2017-11-20T20:19:17+08:00 ] ::1 /month6/1031/index.php/Home/Coupon/getCoupon.html
INFO: [ app_init ] --START--
INFO: Run Behavior\BuildLiteBehavior [ RunTime:0.000000s ]
INFO: [ app_init ] --END-- [ RunTime:0.001000s ]
INFO: [ app_begin ] --START--
INFO: Run Behavior\ReadHtmlCacheBehavior [ RunTime:0.001001s ]
INFO: [ app_begin ] --END-- [ RunTime:0.002001s ]
SQL: SHOW COLUMNS FROM `coupon` [ RunTime:0.0070s ]
ERR: 1064:Erreur de syntaxe près de 'condition con on c.condition_id=con.condition_id' à la ligne 1
 [ SQL语句 ] : SELECT * FROM coupon c INNER JOIN condition con on c.condition_id=con.condition_id  
ERR: 1064:Erreur de syntaxe près de 'condition con on c.condition_id=con.condition_id' à la ligne 1
 [ SQL语句 ] : SELECT * FROM coupon c INNER JOIN condition con on c.condition_id=con.condition_id  

[ 2017-11-20T20:19:19+08:00 ] ::1 /month6/1031/index.php/Home/Coupon/getCoupon.html
INFO: [ app_init ] --START--
INFO: Run Behavior\BuildLiteBehavior [ RunTime:0.000000s ]
INFO: [ app_init ] --END-- [ RunTime:0.001000s ]
INFO: [ app_begin ] --START--
INFO: Run Behavior\ReadHtmlCacheBehavior [ RunTime:0.002000s ]
INFO: [ app_begin ] --END-- [ RunTime:0.002000s ]
SQL: SHOW COLUMNS FROM `coupon` [ RunTime:0.0050s ]
ERR: 1064:Erreur de syntaxe près de 'condition con on c.condition_id=con.condition_id' à la ligne 1
 [ SQL语句 ] : SELECT * FROM coupon c INNER JOIN condition con on c.condition_id=con.condition_id  
ERR: 1064:Erreur de syntaxe près de 'condition con on c.condition_id=con.condition_id' à la ligne 1
 [ SQL语句 ] : SELECT * FROM coupon c INNER JOIN condition con on c.condition_id=con.condition_id  

[ 2017-11-20T20:19:19+08:00 ] ::1 /month6/1031/index.php/Home/Coupon/getCoupon.html
INFO: [ app_init ] --START--
INFO: Run Behavior\BuildLiteBehavior [ RunTime:0.000000s ]
INFO: [ app_init ] --END-- [ RunTime:0.001000s ]
INFO: [ app_begin ] --START--
INFO: Run Behavior\ReadHtmlCacheBehavior [ RunTime:0.001000s ]
INFO: [ app_begin ] --END-- [ RunTime:0.002000s ]
SQL: SHOW COLUMNS FROM `coupon` [ RunTime:0.0050s ]
ERR: 1064:Erreur de syntaxe près de 'condition con on c.condition_id=con.condition_id' à la ligne 1
 [ SQL语句 ] : SELECT * FROM coupon c INNER JOIN condition con on c.condition_id=con.condition_id  
ERR: 1064:Erreur de syntaxe près de 'condition con on c.condition_id=con.condition_id' à la ligne 1
 [ SQL语句 ] : SELECT * FROM coupon c INNER JOIN condition con on c.condition_id=con.condition_id  

[ 2017-11-20T20:19:19+08:00 ] ::1 /month6/1031/index.php/Home/Coupon/getCoupon.html
INFO: [ app_init ] --START--
INFO: Run Behavior\BuildLiteBehavior [ RunTime:0.000000s ]
INFO: [ app_init ] --END-- [ RunTime:0.001000s ]
INFO: [ app_begin ] --START--
INFO: Run Behavior\ReadHtmlCacheBehavior [ RunTime:0.001000s ]
INFO: [ app_begin ] --END-- [ RunTime:0.001000s ]
SQL: SHOW COLUMNS FROM `coupon` [ RunTime:0.0060s ]
ERR: 1064:Erreur de syntaxe près de 'condition con on c.condition_id=con.condition_id' à la ligne 1
 [ SQL语句 ] : SELECT * FROM coupon c INNER JOIN condition con on c.condition_id=con.condition_id  
ERR: 1064:Erreur de syntaxe près de 'condition con on c.condition_id=con.condition_id' à la ligne 1
 [ SQL语句 ] : SELECT * FROM coupon c INNER JOIN condition con on c.condition_id=con.condition_id  

[ 2017-11-20T20:20:33+08:00 ] ::1 /month6/1031/index.php/Home/Coupon/getCoupon.html
INFO: [ app_init ] --START--
INFO: Run Behavior\BuildLiteBehavior [ RunTime:0.000000s ]
INFO: [ app_init ] --END-- [ RunTime:0.001000s ]
INFO: [ app_begin ] --START--
INFO: Run Behavior\ReadHtmlCacheBehavior [ RunTime:0.001000s ]
INFO: [ app_begin ] --END-- [ RunTime:0.001000s ]
SQL: SHOW COLUMNS FROM `coupon` [ RunTime:0.0060s ]
SQL: SELECT * FROM coupon c INNER JOIN conditions con on c.condition_id=con.condition_id   [ RunTime:0.0010s ]

[ 2017-11-20T20:36:22+08:00 ] ::1 /month6/1031/index.php/Home/Coupon/getCoupon.html
INFO: [ app_init ] --START--
INFO: Run Behavior\BuildLiteBehavior [ RunTime:0.000000s ]
INFO: [ app_init ] --END-- [ RunTime:0.001001s ]
INFO: [ app_begin ] --START--
INFO: Run Behavior\ReadHtmlCacheBehavior [ RunTime:0.001000s ]
INFO: [ app_begin ] --END-- [ RunTime:0.001000s ]
SQL: SHOW COLUMNS FROM `coupon` [ RunTime:0.0060s ]
SQL: SELECT * FROM coupon c INNER JOIN conditions con on c.condition_id=con.condition_id   [ RunTime:0.0010s ]
INFO: [ view_parse ] --START--
INFO: [ template_filter ] --START--
INFO: Run Behavior\ContentReplaceBehavior [ RunTime:0.001000s ]
INFO: [ template_filter ] --END-- [ RunTime:0.001000s ]
INFO: Run Behavior\ParseTemplateBehavior [ RunTime:0.013001s ]
INFO: [ view_parse ] --END-- [ RunTime:0.013001s ]
INFO: [ view_filter ] --START--
INFO: Run Behavior\WriteHtmlCacheBehavior [ RunTime:0.001000s ]
INFO: [ view_filter ] --END-- [ RunTime:0.001000s ]
INFO: [ app_end ] --START--
INFO: Run Behavior\ShowPageTraceBehavior [ RunTime:0.001000s ]
INFO: [ app_end ] --END-- [ RunTime:0.001000s ]

[ 2017-11-20T20:40:49+08:00 ] ::1 /month6/1031/index.php/Home/Coupon/getCoupon.html
INFO: [ app_init ] --START--
INFO: Run Behavior\BuildLiteBehavior [ RunTime:0.000000s ]
INFO: [ app_init ] --END-- [ RunTime:0.001000s ]
INFO: [ app_begin ] --START--
INFO: Run Behavior\ReadHtmlCacheBehavior [ RunTime:0.001000s ]
INFO: [ app_begin ] --END-- [ RunTime:0.002000s ]
SQL: SHOW COLUMNS FROM `coupon` [ RunTime:0.0060s ]
SQL: SELECT * FROM coupon c INNER JOIN conditions con on c.condition_id=con.condition_id   [ RunTime:0.0010s ]
INFO: [ view_parse ] --START--
INFO: [ template_filter ] --START--
INFO: Run Behavior\ContentReplaceBehavior [ RunTime:0.000000s ]
INFO: [ template_filter ] --END-- [ RunTime:0.001000s ]
NOTIC: [2] date() expects at least 1 parameter, 0 given E:\wamp\wamp\www\month6\1031\Application\Runtime\Cache\Home\a144c1394bd30b9184a39b1f44fe8f77.php 第 47 行.
INFO: Run Behavior\ParseTemplateBehavior [ RunTime:0.018001s ]
INFO: [ view_parse ] --END-- [ RunTime:0.018001s ]
INFO: [ view_filter ] --START--
INFO: Run Behavior\WriteHtmlCacheBehavior [ RunTime:0.001000s ]
INFO: [ view_filter ] --END-- [ RunTime:0.001000s ]
INFO: [ app_end ] --START--
INFO: Run Behavior\ShowPageTraceBehavior [ RunTime:0.002000s ]
INFO: [ app_end ] --END-- [ RunTime:0.002000s ]

[ 2017-11-20T20:42:19+08:00 ] ::1 /month6/1031/index.php/Home/Coupon/getCoupon.html
INFO: [ app_init ] --START--
INFO: Run Behavior\BuildLiteBehavior [ RunTime:0.000000s ]
INFO: [ app_init ] --END-- [ RunTime:0.001000s ]
INFO: [ app_begin ] --START--
INFO: Run Behavior\ReadHtmlCacheBehavior [ RunTime:0.001000s ]
INFO: [ app_begin ] --END-- [ RunTime:0.001000s ]
SQL: SHOW COLUMNS FROM `coupon` [ RunTime:0.0160s ]
SQL: SELECT * FROM coupon c INNER JOIN conditions con on c.condition_id=con.condition_id   [ RunTime:0.0010s ]
INFO: [ view_parse ] --START--
INFO: [ template_filter ] --START--
INFO: Run Behavior\ContentReplaceBehavior [ RunTime:0.000000s ]
INFO: [ template_filter ] --END-- [ RunTime:0.000000s ]
NOTIC: [8] Use of undefined constant start_time - assumed 'start_time' E:\wamp\wamp\www\month6\1031\Application\Runtime\Cache\Home\a144c1394bd30b9184a39b1f44fe8f77.php 第 47 行.
NOTIC: [8] Array to string conversion E:\wamp\wamp\www\month6\1031\Application\Runtime\Cache\Home\a144c1394bd30b9184a39b1f44fe8f77.php 第 47 行.
NOTIC: [2] date() expects parameter 2 to be long, string given E:\wamp\wamp\www\month6\1031\Application\Runtime\Cache\Home\a144c1394bd30b9184a39b1f44fe8f77.php 第 47 行.
NOTIC: [8] Use of undefined constant end_time - assumed 'end_time' E:\wamp\wamp\www\month6\1031\Application\Runtime\Cache\Home\a144c1394bd30b9184a39b1f44fe8f77.php 第 47 行.
NOTIC: [8] Array to string conversion E:\wamp\wamp\www\month6\1031\Application\Runtime\Cache\Home\a144c1394bd30b9184a39b1f44fe8f77.php 第 47 行.
NOTIC: [2] date() expects parameter 2 to be long, string given E:\wamp\wamp\www\month6\1031\Application\Runtime\Cache\Home\a144c1394bd30b9184a39b1f44fe8f77.php 第 47 行.
INFO: Run Behavior\ParseTemplateBehavior [ RunTime:0.039002s ]
INFO: [ view_parse ] --END-- [ RunTime:0.040002s ]
INFO: [ view_filter ] --START--
INFO: Run Behavior\WriteHtmlCacheBehavior [ RunTime:0.000000s ]
INFO: [ view_filter ] --END-- [ RunTime:0.001000s ]
INFO: [ app_end ] --START--
INFO: Run Behavior\ShowPageTraceBehavior [ RunTime:0.001000s ]
INFO: [ app_end ] --END-- [ RunTime:0.001000s ]

[ 2017-11-20T20:43:37+08:00 ] ::1 /month6/1031/index.php/Home/Coupon/getCoupon.html
INFO: [ app_init ] --START--
INFO: Run Behavior\BuildLiteBehavior [ RunTime:0.000000s ]
INFO: [ app_init ] --END-- [ RunTime:0.001000s ]
INFO: [ app_begin ] --START--
INFO: Run Behavior\ReadHtmlCacheBehavior [ RunTime:0.002000s ]
INFO: [ app_begin ] --END-- [ RunTime:0.002000s ]
SQL: SHOW COLUMNS FROM `coupon` [ RunTime:0.0320s ]
SQL: SELECT * FROM coupon c INNER JOIN conditions con on c.condition_id=con.condition_id   [ RunTime:0.0010s ]
INFO: [ view_parse ] --START--
INFO: [ template_filter ] --START--
INFO: Run Behavior\ContentReplaceBehavior [ RunTime:0.000000s ]
INFO: [ template_filter ] --END-- [ RunTime:0.000000s ]
NOTIC: [8] Use of undefined constant start_time - assumed 'start_time' E:\wamp\wamp\www\month6\1031\Application\Runtime\Cache\Home\a144c1394bd30b9184a39b1f44fe8f77.php 第 47 行.
NOTIC: [8] Array to string conversion E:\wamp\wamp\www\month6\1031\Application\Runtime\Cache\Home\a144c1394bd30b9184a39b1f44fe8f77.php 第 47 行.
NOTIC: [2] date() expects parameter 2 to be long, string given E:\wamp\wamp\www\month6\1031\Application\Runtime\Cache\Home\a144c1394bd30b9184a39b1f44fe8f77.php 第 47 行.
NOTIC: [8] Use of undefined constant end_time - assumed 'end_time' E:\wamp\wamp\www\month6\1031\Application\Runtime\Cache\Home\a144c1394bd30b9184a39b1f44fe8f77.php 第 47 行.
NOTIC: [8] Array to string conversion E:\wamp\wamp\www\month6\1031\Application\Runtime\Cache\Home\a144c1394bd30b9184a39b1f44fe8f77.php 第 47 行.
NOTIC: [2] date() expects parameter 2 to be long, string given E:\wamp\wamp\www\month6\1031\Application\Runtime\Cache\Home\a144c1394bd30b9184a39b1f44fe8f77.php 第 47 行.
INFO: Run Behavior\ParseTemplateBehavior [ RunTime:0.016001s ]
INFO: [ view_parse ] --END-- [ RunTime:0.016001s ]
INFO: [ view_filter ] --START--
INFO: Run Behavior\WriteHtmlCacheBehavior [ RunTime:0.001000s ]
INFO: [ view_filter ] --END-- [ RunTime:0.001000s ]
INFO: [ app_end ] --START--
INFO: Run Behavior\ShowPageTraceBehavior [ RunTime:0.002001s ]
INFO: [ app_end ] --END-- [ RunTime:0.002001s ]

[ 2017-11-20T20:43:38+08:00 ] ::1 /month6/1031/index.php/Home/Coupon/getCoupon.html
INFO: [ app_init ] --START--
INFO: Run Behavior\BuildLiteBehavior [ RunTime:0.000000s ]
INFO: [ app_init ] --END-- [ RunTime:0.001000s ]
INFO: [ app_begin ] --START--
INFO: Run Behavior\ReadHtmlCacheBehavior [ RunTime:0.001000s ]
INFO: [ app_begin ] --END-- [ RunTime:0.001000s ]
SQL: SHOW COLUMNS FROM `coupon` [ RunTime:0.0060s ]
SQL: SELECT * FROM coupon c INNER JOIN conditions con on c.condition_id=con.condition_id   [ RunTime:0.0010s ]
INFO: [ view_parse ] --START--
INFO: [ template_filter ] --START--
INFO: Run Behavior\ContentReplaceBehavior [ RunTime:0.000000s ]
INFO: [ template_filter ] --END-- [ RunTime:0.000000s ]
NOTIC: [8] Use of undefined constant start_time - assumed 'start_time' E:\wamp\wamp\www\month6\1031\Application\Runtime\Cache\Home\a144c1394bd30b9184a39b1f44fe8f77.php 第 47 行.
NOTIC: [8] Array to string conversion E:\wamp\wamp\www\month6\1031\Application\Runtime\Cache\Home\a144c1394bd30b9184a39b1f44fe8f77.php 第 47 行.
NOTIC: [2] date() expects parameter 2 to be long, string given E:\wamp\wamp\www\month6\1031\Application\Runtime\Cache\Home\a144c1394bd30b9184a39b1f44fe8f77.php 第 47 行.
NOTIC: [8] Use of undefined constant end_time - assumed 'end_time' E:\wamp\wamp\www\month6\1031\Application\Runtime\Cache\Home\a144c1394bd30b9184a39b1f44fe8f77.php 第 47 行.
NOTIC: [8] Array to string conversion E:\wamp\wamp\www\month6\1031\Application\Runtime\Cache\Home\a144c1394bd30b9184a39b1f44fe8f77.php 第 47 行.
NOTIC: [2] date() expects parameter 2 to be long, string given E:\wamp\wamp\www\month6\1031\Application\Runtime\Cache\Home\a144c1394bd30b9184a39b1f44fe8f77.php 第 47 行.
INFO: Run Behavior\ParseTemplateBehavior [ RunTime:0.011001s ]
INFO: [ view_parse ] --END-- [ RunTime:0.013001s ]
INFO: [ view_filter ] --START--
INFO: Run Behavior\WriteHtmlCacheBehavior [ RunTime:0.000000s ]
INFO: [ view_filter ] --END-- [ RunTime:0.000000s ]
INFO: [ app_end ] --START--
INFO: Run Behavior\ShowPageTraceBehavior [ RunTime:0.000000s ]
INFO: [ app_end ] --END-- [ RunTime:0.001000s ]

[ 2017-11-20T20:43:41+08:00 ] ::1 /month6/1031/index.php/Home/Coupon/getCoupon.html
INFO: [ app_init ] --START--
INFO: Run Behavior\BuildLiteBehavior [ RunTime:0.000000s ]
INFO: [ app_init ] --END-- [ RunTime:0.001000s ]
INFO: [ app_begin ] --START--
INFO: Run Behavior\ReadHtmlCacheBehavior [ RunTime:0.001001s ]
INFO: [ app_begin ] --END-- [ RunTime:0.001001s ]
SQL: SHOW COLUMNS FROM `coupon` [ RunTime:0.0060s ]
SQL: SELECT * FROM coupon c INNER JOIN conditions con on c.condition_id=con.condition_id   [ RunTime:0.0010s ]
INFO: [ view_parse ] --START--
INFO: [ template_filter ] --START--
INFO: Run Behavior\ContentReplaceBehavior [ RunTime:0.001000s ]
INFO: [ template_filter ] --END-- [ RunTime:0.001000s ]
NOTIC: [8] Use of undefined constant start_time - assumed 'start_time' E:\wamp\wamp\www\month6\1031\Application\Runtime\Cache\Home\a144c1394bd30b9184a39b1f44fe8f77.php 第 47 行.
NOTIC: [8] Array to string conversion E:\wamp\wamp\www\month6\1031\Application\Runtime\Cache\Home\a144c1394bd30b9184a39b1f44fe8f77.php 第 47 行.
NOTIC: [2] date() expects parameter 2 to be long, string given E:\wamp\wamp\www\month6\1031\Application\Runtime\Cache\Home\a144c1394bd30b9184a39b1f44fe8f77.php 第 47 行.
NOTIC: [8] Use of undefined constant end_time - assumed 'end_time' E:\wamp\wamp\www\month6\1031\Application\Runtime\Cache\Home\a144c1394bd30b9184a39b1f44fe8f77.php 第 47 行.
NOTIC: [8] Array to string conversion E:\wamp\wamp\www\month6\1031\Application\Runtime\Cache\Home\a144c1394bd30b9184a39b1f44fe8f77.php 第 47 行.
NOTIC: [2] date() expects parameter 2 to be long, string given E:\wamp\wamp\www\month6\1031\Application\Runtime\Cache\Home\a144c1394bd30b9184a39b1f44fe8f77.php 第 47 行.
INFO: Run Behavior\ParseTemplateBehavior [ RunTime:0.019001s ]
INFO: [ view_parse ] --END-- [ RunTime:0.020001s ]
INFO: [ view_filter ] --START--
INFO: Run Behavior\WriteHtmlCacheBehavior [ RunTime:0.000000s ]
INFO: [ view_filter ] --END-- [ RunTime:0.001000s ]
INFO: [ app_end ] --START--
INFO: Run Behavior\ShowPageTraceBehavior [ RunTime:0.001001s ]
INFO: [ app_end ] --END-- [ RunTime:0.001001s ]

[ 2017-11-20T20:43:41+08:00 ] ::1 /month6/1031/index.php/Home/Coupon/getCoupon.html
INFO: [ app_init ] --START--
INFO: Run Behavior\BuildLiteBehavior [ RunTime:0.000000s ]
INFO: [ app_init ] --END-- [ RunTime:0.001000s ]
INFO: [ app_begin ] --START--
INFO: Run Behavior\ReadHtmlCacheBehavior [ RunTime:0.001000s ]
INFO: [ app_begin ] --END-- [ RunTime:0.001000s ]
SQL: SHOW COLUMNS FROM `coupon` [ RunTime:0.0060s ]
SQL: SELECT * FROM coupon c INNER JOIN conditions con on c.condition_id=con.condition_id   [ RunTime:0.0000s ]
INFO: [ view_parse ] --START--
INFO: [ template_filter ] --START--
INFO: Run Behavior\ContentReplaceBehavior [ RunTime:0.000000s ]
INFO: [ template_filter ] --END-- [ RunTime:0.000000s ]
NOTIC: [8] Use of undefined constant start_time - assumed 'start_time' E:\wamp\wamp\www\month6\1031\Application\Runtime\Cache\Home\a144c1394bd30b9184a39b1f44fe8f77.php 第 47 行.
NOTIC: [8] Array to string conversion E:\wamp\wamp\www\month6\1031\Application\Runtime\Cache\Home\a144c1394bd30b9184a39b1f44fe8f77.php 第 47 行.
NOTIC: [2] date() expects parameter 2 to be long, string given E:\wamp\wamp\www\month6\1031\Application\Runtime\Cache\Home\a144c1394bd30b9184a39b1f44fe8f77.php 第 47 行.
NOTIC: [8] Use of undefined constant end_time - assumed 'end_time' E:\wamp\wamp\www\month6\1031\Application\Runtime\Cache\Home\a144c1394bd30b9184a39b1f44fe8f77.php 第 47 行.
NOTIC: [8] Array to string conversion E:\wamp\wamp\www\month6\1031\Application\Runtime\Cache\Home\a144c1394bd30b9184a39b1f44fe8f77.php 第 47 行.
NOTIC: [2] date() expects parameter 2 to be long, string given E:\wamp\wamp\www\month6\1031\Application\Runtime\Cache\Home\a144c1394bd30b9184a39b1f44fe8f77.php 第 47 行.
INFO: Run Behavior\ParseTemplateBehavior [ RunTime:0.019001s ]
INFO: [ view_parse ] --END-- [ RunTime:0.019001s ]
INFO: [ view_filter ] --START--
INFO: Run Behavior\WriteHtmlCacheBehavior [ RunTime:0.000000s ]
INFO: [ view_filter ] --END-- [ RunTime:0.001000s ]
INFO: [ app_end ] --START--
INFO: Run Behavior\ShowPageTraceBehavior [ RunTime:0.001000s ]
INFO: [ app_end ] --END-- [ RunTime:0.001000s ]

[ 2017-11-20T20:43:42+08:00 ] ::1 /month6/1031/index.php/Home/Coupon/getCoupon.html
INFO: [ app_init ] --START--
INFO: Run Behavior\BuildLiteBehavior [ RunTime:0.000000s ]
INFO: [ app_init ] --END-- [ RunTime:0.001000s ]
INFO: [ app_begin ] --START--
INFO: Run Behavior\ReadHtmlCacheBehavior [ RunTime:0.001000s ]
INFO: [ app_begin ] --END-- [ RunTime:0.002000s ]
SQL: SHOW COLUMNS FROM `coupon` [ RunTime:0.0050s ]
SQL: SELECT * FROM coupon c INNER JOIN conditions con on c.condition_id=con.condition_id   [ RunTime:0.0000s ]
INFO: [ view_parse ] --START--
INFO: [ template_filter ] --START--
INFO: Run Behavior\ContentReplaceBehavior [ RunTime:0.000000s ]
INFO: [ template_filter ] --END-- [ RunTime:0.000000s ]
NOTIC: [8] Use of undefined constant start_time - assumed 'start_time' E:\wamp\wamp\www\month6\1031\Application\Runtime\Cache\Home\a144c1394bd30b9184a39b1f44fe8f77.php 第 47 行.
NOTIC: [8] Array to string conversion E:\wamp\wamp\www\month6\1031\Application\Runtime\Cache\Home\a144c1394bd30b9184a39b1f44fe8f77.php 第 47 行.
NOTIC: [2] date() expects parameter 2 to be long, string given E:\wamp\wamp\www\month6\1031\Application\Runtime\Cache\Home\a144c1394bd30b9184a39b1f44fe8f77.php 第 47 行.
NOTIC: [8] Use of undefined constant end_time - assumed 'end_time' E:\wamp\wamp\www\month6\1031\Application\Runtime\Cache\Home\a144c1394bd30b9184a39b1f44fe8f77.php 第 47 行.
NOTIC: [8] Array to string conversion E:\wamp\wamp\www\month6\1031\Application\Runtime\Cache\Home\a144c1394bd30b9184a39b1f44fe8f77.php 第 47 行.
NOTIC: [2] date() expects parameter 2 to be long, string given E:\wamp\wamp\www\month6\1031\Application\Runtime\Cache\Home\a144c1394bd30b9184a39b1f44fe8f77.php 第 47 行.
INFO: Run Behavior\ParseTemplateBehavior [ RunTime:0.017001s ]
INFO: [ view_parse ] --END-- [ RunTime:0.018001s ]
INFO: [ view_filter ] --START--
INFO: Run Behavior\WriteHtmlCacheBehavior [ RunTime:0.000000s ]
INFO: [ view_filter ] --END-- [ RunTime:0.001000s ]
INFO: [ app_end ] --START--
INFO: Run Behavior\ShowPageTraceBehavior [ RunTime:0.001000s ]
INFO: [ app_end ] --END-- [ RunTime:0.001000s ]

[ 2017-11-20T20:44:15+08:00 ] ::1 /month6/1031/index.php/Home/Coupon/getCoupon.html
INFO: [ app_init ] --START--
INFO: Run Behavior\BuildLiteBehavior [ RunTime:0.000000s ]
INFO: [ app_init ] --END-- [ RunTime:0.001000s ]
INFO: [ app_begin ] --START--
INFO: Run Behavior\ReadHtmlCacheBehavior [ RunTime:0.001000s ]
INFO: [ app_begin ] --END-- [ RunTime:0.001000s ]
SQL: SHOW COLUMNS FROM `coupon` [ RunTime:0.0070s ]
SQL: SELECT * FROM coupon c INNER JOIN conditions con on c.condition_id=con.condition_id   [ RunTime:0.0010s ]
INFO: [ view_parse ] --START--
INFO: [ template_filter ] --START--
INFO: Run Behavior\ContentReplaceBehavior [ RunTime:0.000000s ]
INFO: [ template_filter ] --END-- [ RunTime:0.001000s ]
NOTIC: [8] Use of undefined constant end_time - assumed 'end_time' E:\wamp\wamp\www\month6\1031\Application\Runtime\Cache\Home\a144c1394bd30b9184a39b1f44fe8f77.php 第 47 行.
NOTIC: [8] Array to string conversion E:\wamp\wamp\www\month6\1031\Application\Runtime\Cache\Home\a144c1394bd30b9184a39b1f44fe8f77.php 第 47 行.
NOTIC: [2] date() expects parameter 2 to be long, string given E:\wamp\wamp\www\month6\1031\Application\Runtime\Cache\Home\a144c1394bd30b9184a39b1f44fe8f77.php 第 47 行.
INFO: Run Behavior\ParseTemplateBehavior [ RunTime:0.017001s ]
INFO: [ view_parse ] --END-- [ RunTime:0.018001s ]
INFO: [ view_filter ] --START--
INFO: Run Behavior\WriteHtmlCacheBehavior [ RunTime:0.001000s ]
INFO: [ view_filter ] --END-- [ RunTime:0.002000s ]
INFO: [ app_end ] --START--
INFO: Run Behavior\ShowPageTraceBehavior [ RunTime:0.001001s ]
INFO: [ app_end ] --END-- [ RunTime:0.002001s ]

[ 2017-11-20T20:45:35+08:00 ] ::1 /month6/1031/index.php/Home/Coupon/getCoupon.html
INFO: [ app_init ] --START--
INFO: Run Behavior\BuildLiteBehavior [ RunTime:0.000000s ]
INFO: [ app_init ] --END-- [ RunTime:0.002000s ]
INFO: [ app_begin ] --START--
INFO: Run Behavior\ReadHtmlCacheBehavior [ RunTime:0.000000s ]
INFO: [ app_begin ] --END-- [ RunTime:0.002000s ]
SQL: SHOW COLUMNS FROM `coupon` [ RunTime:0.0060s ]
SQL: SELECT * FROM coupon c INNER JOIN conditions con on c.condition_id=con.condition_id   [ RunTime:0.0010s ]
INFO: [ view_parse ] --START--
INFO: [ template_filter ] --START--
INFO: Run Behavior\ContentReplaceBehavior [ RunTime:0.001000s ]
INFO: [ template_filter ] --END-- [ RunTime:0.001000s ]
INFO: Run Behavior\ParseTemplateBehavior [ RunTime:0.013001s ]
INFO: [ view_parse ] --END-- [ RunTime:0.014001s ]
INFO: [ view_filter ] --START--
INFO: Run Behavior\WriteHtmlCacheBehavior [ RunTime:0.001000s ]
INFO: [ view_filter ] --END-- [ RunTime:0.001000s ]
INFO: [ app_end ] --START--
INFO: Run Behavior\ShowPageTraceBehavior [ RunTime:0.002000s ]
INFO: [ app_end ] --END-- [ RunTime:0.002000s ]

[ 2017-11-20T20:46:16+08:00 ] ::1 /month6/1031/index.php/Home/Coupon/getCoupon.html
INFO: [ app_init ] --START--
INFO: Run Behavior\BuildLiteBehavior [ RunTime:0.000000s ]
INFO: [ app_init ] --END-- [ RunTime:0.001000s ]
INFO: [ app_begin ] --START--
INFO: Run Behavior\ReadHtmlCacheBehavior [ RunTime:0.001000s ]
INFO: [ app_begin ] --END-- [ RunTime:0.002000s ]
SQL: SHOW COLUMNS FROM `coupon` [ RunTime:0.0090s ]
SQL: SELECT * FROM coupon c INNER JOIN conditions con on c.condition_id=con.condition_id   [ RunTime:0.0580s ]
INFO: [ view_parse ] --START--
INFO: [ template_filter ] --START--
INFO: Run Behavior\ContentReplaceBehavior [ RunTime:0.000000s ]
INFO: [ template_filter ] --END-- [ RunTime:0.001000s ]
INFO: Run Behavior\ParseTemplateBehavior [ RunTime:0.014001s ]
INFO: [ view_parse ] --END-- [ RunTime:0.014001s ]
INFO: [ view_filter ] --START--
INFO: Run Behavior\WriteHtmlCacheBehavior [ RunTime:0.001000s ]
INFO: [ view_filter ] --END-- [ RunTime:0.001000s ]
INFO: [ app_end ] --START--
INFO: Run Behavior\ShowPageTraceBehavior [ RunTime:0.001000s ]
INFO: [ app_end ] --END-- [ RunTime:0.002000s ]

[ 2017-11-20T20:47:28+08:00 ] ::1 /month6/1031/index.php/Home/Coupon/getCoupon.html
INFO: [ app_init ] --START--
INFO: Run Behavior\BuildLiteBehavior [ RunTime:0.000000s ]
INFO: [ app_init ] --END-- [ RunTime:0.001000s ]
INFO: [ app_begin ] --START--
INFO: Run Behavior\ReadHtmlCacheBehavior [ RunTime:0.001000s ]
INFO: [ app_begin ] --END-- [ RunTime:0.001000s ]
SQL: SHOW COLUMNS FROM `coupon` [ RunTime:0.0060s ]
SQL: SELECT * FROM coupon c INNER JOIN conditions con on c.condition_id=con.condition_id   [ RunTime:0.0010s ]
INFO: [ view_parse ] --START--
INFO: [ template_filter ] --START--
INFO: Run Behavior\ContentReplaceBehavior [ RunTime:0.000000s ]
INFO: [ template_filter ] --END-- [ RunTime:0.001000s ]
INFO: Run Behavior\ParseTemplateBehavior [ RunTime:0.014000s ]
INFO: [ view_parse ] --END-- [ RunTime:0.014000s ]
INFO: [ view_filter ] --START--
INFO: Run Behavior\WriteHtmlCacheBehavior [ RunTime:0.000000s ]
INFO: [ view_filter ] --END-- [ RunTime:0.002001s ]
INFO: [ app_end ] --START--
INFO: Run Behavior\ShowPageTraceBehavior [ RunTime:0.001000s ]
INFO: [ app_end ] --END-- [ RunTime:0.001000s ]

[ 2017-11-20T20:49:56+08:00 ] ::1 /month6/1031/index.php/Home/Coupon/getCoupon.html
INFO: [ app_init ] --START--
INFO: Run Behavior\BuildLiteBehavior [ RunTime:0.000000s ]
INFO: [ app_init ] --END-- [ RunTime:0.001000s ]
INFO: [ app_begin ] --START--
INFO: Run Behavior\ReadHtmlCacheBehavior [ RunTime:0.001000s ]
INFO: [ app_begin ] --END-- [ RunTime:0.002000s ]
SQL: SHOW COLUMNS FROM `coupon` [ RunTime:0.0050s ]
SQL: SELECT * FROM coupon c INNER JOIN conditions con on c.condition_id=con.condition_id   [ RunTime:0.0010s ]
INFO: [ view_parse ] --START--
INFO: [ template_filter ] --START--
INFO: Run Behavior\ContentReplaceBehavior [ RunTime:0.000000s ]
INFO: [ template_filter ] --END-- [ RunTime:0.000000s ]
INFO: Run Behavior\ParseTemplateBehavior [ RunTime:0.017001s ]
INFO: [ view_parse ] --END-- [ RunTime:0.017001s ]
INFO: [ view_filter ] --START--
INFO: Run Behavior\WriteHtmlCacheBehavior [ RunTime:0.000000s ]
INFO: [ view_filter ] --END-- [ RunTime:0.001000s ]
INFO: [ app_end ] --START--
INFO: Run Behavior\ShowPageTraceBehavior [ RunTime:0.001000s ]
INFO: [ app_end ] --END-- [ RunTime:0.001000s ]

