[ 2017-12-16T10:28:20+08:00 ] 127.0.0.1 /six/index.php
INFO: [ app_init ] --START--
INFO: Run Behavior\BuildLiteBehavior [ RunTime:0.000127s ]
INFO: [ app_init ] --END-- [ RunTime:0.017262s ]
INFO: [ app_begin ] --START--
INFO: Run Behavior\ReadHtmlCacheBehavior [ RunTime:0.017773s ]
INFO: [ app_begin ] --END-- [ RunTime:0.018037s ]
SQL: SHOW COLUMNS FROM `category` [ RunTime:0.0769s ]
SQL: SELECT * FROM `category`  [ RunTime:0.0039s ]
INFO: [ view_parse ] --START--
INFO: [ template_filter ] --START--
INFO: Run Behavior\ContentReplaceBehavior [ RunTime:0.000441s ]
INFO: [ template_filter ] --END-- [ RunTime:0.000515s ]
INFO: Run Behavior\ParseTemplateBehavior [ RunTime:0.144388s ]
INFO: [ view_parse ] --END-- [ RunTime:0.144535s ]
INFO: [ view_filter ] --START--
INFO: Run Behavior\WriteHtmlCacheBehavior [ RunTime:0.033652s ]
INFO: [ view_filter ] --END-- [ RunTime:0.033746s ]
INFO: [ app_end ] --START--
INFO: Run Behavior\ShowPageTraceBehavior [ RunTime:0.029246s ]
INFO: [ app_end ] --END-- [ RunTime:0.029378s ]

[ 2017-12-16T10:28:22+08:00 ] 127.0.0.1 /six/index.php/Home/Goods/goodsList/cat_id/3.html
INFO: [ app_init ] --START--
INFO: Run Behavior\BuildLiteBehavior [ RunTime:0.000011s ]
INFO: [ app_init ] --END-- [ RunTime:0.000434s ]
INFO: [ app_begin ] --START--
INFO: Run Behavior\ReadHtmlCacheBehavior [ RunTime:0.000515s ]
INFO: [ app_begin ] --END-- [ RunTime:0.000569s ]
SQL: SHOW COLUMNS FROM `category` [ RunTime:0.0035s ]
SQL: SELECT * FROM `category`  [ RunTime:0.0008s ]
SQL: SHOW COLUMNS FROM `goods` [ RunTime:0.0513s ]
SQL: SELECT * FROM `goods` WHERE ( cat_id in (3,11,12) )  [ RunTime:0.0201s ]
INFO: [ view_parse ] --START--
INFO: [ template_filter ] --START--
INFO: Run Behavior\ContentReplaceBehavior [ RunTime:0.000400s ]
INFO: [ template_filter ] --END-- [ RunTime:0.000518s ]
INFO: Run Behavior\ParseTemplateBehavior [ RunTime:0.064485s ]
INFO: [ view_parse ] --END-- [ RunTime:0.064627s ]
INFO: [ view_filter ] --START--
INFO: Run Behavior\WriteHtmlCacheBehavior [ RunTime:0.000659s ]
INFO: [ view_filter ] --END-- [ RunTime:0.000752s ]
INFO: [ app_end ] --START--
INFO: Run Behavior\ShowPageTraceBehavior [ RunTime:0.001586s ]
INFO: [ app_end ] --END-- [ RunTime:0.001737s ]

[ 2017-12-16T10:28:25+08:00 ] 127.0.0.1 /six/index.php/Home/Index/product/goods_id/33.html
INFO: [ app_init ] --START--
INFO: Run Behavior\BuildLiteBehavior [ RunTime:0.000018s ]
INFO: [ app_init ] --END-- [ RunTime:0.000634s ]
INFO: [ app_begin ] --START--
INFO: Run Behavior\ReadHtmlCacheBehavior [ RunTime:0.000584s ]
INFO: [ app_begin ] --END-- [ RunTime:0.000650s ]
SQL: SHOW COLUMNS FROM `goods` [ RunTime:0.0041s ]
SQL: SELECT * FROM `goods` WHERE ( goods_id='33' ) LIMIT 1   [ RunTime:0.0013s ]
SQL: SHOW COLUMNS FROM `goods_attr` [ RunTime:0.0389s ]
SQL: SELECT g.goods_attr_id,g.goods_id,g.attr_id,g.attr_values,g.price,a.attr_type,a.attr_name FROM goods_attr g INNER JOIN attribute a on g.attr_id=a.attr_id  WHERE ( g.goods_id='33' )  [ RunTime:0.0379s ]
INFO: [ view_parse ] --START--
INFO: [ template_filter ] --START--
INFO: Run Behavior\ContentReplaceBehavior [ RunTime:0.000722s ]
INFO: [ template_filter ] --END-- [ RunTime:0.000866s ]
INFO: Run Behavior\ParseTemplateBehavior [ RunTime:0.039673s ]
INFO: [ view_parse ] --END-- [ RunTime:0.039790s ]
INFO: [ view_filter ] --START--
INFO: Run Behavior\WriteHtmlCacheBehavior [ RunTime:0.000900s ]
INFO: [ view_filter ] --END-- [ RunTime:0.001042s ]
INFO: [ app_end ] --START--
INFO: Run Behavior\ShowPageTraceBehavior [ RunTime:0.001839s ]
INFO: [ app_end ] --END-- [ RunTime:0.002025s ]

[ 2017-12-16T10:28:27+08:00 ] 127.0.0.1 /six/index.php/Home/Cart/cartAdd?goods_id=33&num=1&goods_attr_id%5B%5D=44&goods_attr_id%5B%5D=47&goods_values%5B%5D=%E5%B1%8F%E5%B9%95%E5%A4%A7%E5%B0%8F%EF%BC%9A12%E5%AF%B8&goods_values%5B%5D=%E5%86%85%E5%AD%98%EF%BC%9A32G
INFO: [ app_init ] --START--
INFO: Run Behavior\BuildLiteBehavior [ RunTime:0.000014s ]
INFO: [ app_init ] --END-- [ RunTime:0.000481s ]
INFO: [ app_begin ] --START--
INFO: Run Behavior\ReadHtmlCacheBehavior [ RunTime:0.000562s ]
INFO: [ app_begin ] --END-- [ RunTime:0.000618s ]

[ 2017-12-16T10:28:31+08:00 ] 127.0.0.1 /six/index.php/Home/Cart/cartAdd?goods_id=33&num=1&goods_attr_id%5B%5D=44&goods_attr_id%5B%5D=47&goods_values%5B%5D=%E5%B1%8F%E5%B9%95%E5%A4%A7%E5%B0%8F%EF%BC%9A12%E5%AF%B8&goods_values%5B%5D=%E5%86%85%E5%AD%98%EF%BC%9A32G
INFO: [ app_init ] --START--
INFO: Run Behavior\BuildLiteBehavior [ RunTime:0.000014s ]
INFO: [ app_init ] --END-- [ RunTime:0.000427s ]
INFO: [ app_begin ] --START--
INFO: Run Behavior\ReadHtmlCacheBehavior [ RunTime:0.000573s ]
INFO: [ app_begin ] --END-- [ RunTime:0.000629s ]

[ 2017-12-16T10:28:31+08:00 ] 127.0.0.1 /six/index.php/Home/Cart/cartAdd?goods_id=33&num=1&goods_attr_id%5B%5D=44&goods_attr_id%5B%5D=47&goods_values%5B%5D=%E5%B1%8F%E5%B9%95%E5%A4%A7%E5%B0%8F%EF%BC%9A12%E5%AF%B8&goods_values%5B%5D=%E5%86%85%E5%AD%98%EF%BC%9A32G
INFO: [ app_init ] --START--
INFO: Run Behavior\BuildLiteBehavior [ RunTime:0.000013s ]
INFO: [ app_init ] --END-- [ RunTime:0.000469s ]
INFO: [ app_begin ] --START--
INFO: Run Behavior\ReadHtmlCacheBehavior [ RunTime:0.000570s ]
INFO: [ app_begin ] --END-- [ RunTime:0.000626s ]

[ 2017-12-16T10:28:31+08:00 ] 127.0.0.1 /six/index.php/Home/Cart/cartAdd?goods_id=33&num=1&goods_attr_id%5B%5D=44&goods_attr_id%5B%5D=47&goods_values%5B%5D=%E5%B1%8F%E5%B9%95%E5%A4%A7%E5%B0%8F%EF%BC%9A12%E5%AF%B8&goods_values%5B%5D=%E5%86%85%E5%AD%98%EF%BC%9A32G
INFO: [ app_init ] --START--
INFO: Run Behavior\BuildLiteBehavior [ RunTime:0.000014s ]
INFO: [ app_init ] --END-- [ RunTime:0.000453s ]
INFO: [ app_begin ] --START--
INFO: Run Behavior\ReadHtmlCacheBehavior [ RunTime:0.000568s ]
INFO: [ app_begin ] --END-- [ RunTime:0.000624s ]

[ 2017-12-16T10:28:31+08:00 ] 127.0.0.1 /six/index.php/Home/Cart/cartAdd?goods_id=33&num=1&goods_attr_id%5B%5D=44&goods_attr_id%5B%5D=47&goods_values%5B%5D=%E5%B1%8F%E5%B9%95%E5%A4%A7%E5%B0%8F%EF%BC%9A12%E5%AF%B8&goods_values%5B%5D=%E5%86%85%E5%AD%98%EF%BC%9A32G
INFO: [ app_init ] --START--
INFO: Run Behavior\BuildLiteBehavior [ RunTime:0.000012s ]
INFO: [ app_init ] --END-- [ RunTime:0.000424s ]
INFO: [ app_begin ] --START--
INFO: Run Behavior\ReadHtmlCacheBehavior [ RunTime:0.000511s ]
INFO: [ app_begin ] --END-- [ RunTime:0.000560s ]

[ 2017-12-16T10:42:37+08:00 ] 127.0.0.1 /six/index.php/Home/Cart/cartAdd?goods_id=33&num=1&goods_attr_id%5B%5D=44&goods_attr_id%5B%5D=47&goods_values%5B%5D=%E5%B1%8F%E5%B9%95%E5%A4%A7%E5%B0%8F%EF%BC%9A12%E5%AF%B8&goods_values%5B%5D=%E5%86%85%E5%AD%98%EF%BC%9A32G
INFO: [ app_init ] --START--
INFO: Run Behavior\BuildLiteBehavior [ RunTime:0.000036s ]
INFO: [ app_init ] --END-- [ RunTime:0.001292s ]
INFO: [ app_begin ] --START--
INFO: Run Behavior\ReadHtmlCacheBehavior [ RunTime:0.001694s ]
INFO: [ app_begin ] --END-- [ RunTime:0.001847s ]

[ 2017-12-16T10:42:37+08:00 ] 127.0.0.1 /six/index.php/Home/Cart/cartAdd?goods_id=33&num=1&goods_attr_id%5B%5D=44&goods_attr_id%5B%5D=47&goods_values%5B%5D=%E5%B1%8F%E5%B9%95%E5%A4%A7%E5%B0%8F%EF%BC%9A12%E5%AF%B8&goods_values%5B%5D=%E5%86%85%E5%AD%98%EF%BC%9A32G
INFO: [ app_init ] --START--
INFO: Run Behavior\BuildLiteBehavior [ RunTime:0.000021s ]
INFO: [ app_init ] --END-- [ RunTime:0.000762s ]
INFO: [ app_begin ] --START--
INFO: Run Behavior\ReadHtmlCacheBehavior [ RunTime:0.000565s ]
INFO: [ app_begin ] --END-- [ RunTime:0.000622s ]

[ 2017-12-16T10:42:37+08:00 ] 127.0.0.1 /six/index.php/Home/Cart/cartAdd?goods_id=33&num=1&goods_attr_id%5B%5D=44&goods_attr_id%5B%5D=47&goods_values%5B%5D=%E5%B1%8F%E5%B9%95%E5%A4%A7%E5%B0%8F%EF%BC%9A12%E5%AF%B8&goods_values%5B%5D=%E5%86%85%E5%AD%98%EF%BC%9A32G
INFO: [ app_init ] --START--
INFO: Run Behavior\BuildLiteBehavior [ RunTime:0.000012s ]
INFO: [ app_init ] --END-- [ RunTime:0.000416s ]
INFO: [ app_begin ] --START--
INFO: Run Behavior\ReadHtmlCacheBehavior [ RunTime:0.000505s ]
INFO: [ app_begin ] --END-- [ RunTime:0.000555s ]

[ 2017-12-16T10:42:37+08:00 ] 127.0.0.1 /six/index.php/Home/Cart/cartAdd?goods_id=33&num=1&goods_attr_id%5B%5D=44&goods_attr_id%5B%5D=47&goods_values%5B%5D=%E5%B1%8F%E5%B9%95%E5%A4%A7%E5%B0%8F%EF%BC%9A12%E5%AF%B8&goods_values%5B%5D=%E5%86%85%E5%AD%98%EF%BC%9A32G
INFO: [ app_init ] --START--
INFO: Run Behavior\BuildLiteBehavior [ RunTime:0.000016s ]
INFO: [ app_init ] --END-- [ RunTime:0.000469s ]
INFO: [ app_begin ] --START--
INFO: Run Behavior\ReadHtmlCacheBehavior [ RunTime:0.000785s ]
INFO: [ app_begin ] --END-- [ RunTime:0.000864s ]

[ 2017-12-16T10:42:37+08:00 ] 127.0.0.1 /six/index.php/Home/Cart/cartAdd?goods_id=33&num=1&goods_attr_id%5B%5D=44&goods_attr_id%5B%5D=47&goods_values%5B%5D=%E5%B1%8F%E5%B9%95%E5%A4%A7%E5%B0%8F%EF%BC%9A12%E5%AF%B8&goods_values%5B%5D=%E5%86%85%E5%AD%98%EF%BC%9A32G
INFO: [ app_init ] --START--
INFO: Run Behavior\BuildLiteBehavior [ RunTime:0.000013s ]
INFO: [ app_init ] --END-- [ RunTime:0.000462s ]
INFO: [ app_begin ] --START--
INFO: Run Behavior\ReadHtmlCacheBehavior [ RunTime:0.000558s ]
INFO: [ app_begin ] --END-- [ RunTime:0.000615s ]

[ 2017-12-16T10:42:38+08:00 ] 127.0.0.1 /six/index.php/Home/Cart/cartAdd?goods_id=33&num=1&goods_attr_id%5B%5D=44&goods_attr_id%5B%5D=47&goods_values%5B%5D=%E5%B1%8F%E5%B9%95%E5%A4%A7%E5%B0%8F%EF%BC%9A12%E5%AF%B8&goods_values%5B%5D=%E5%86%85%E5%AD%98%EF%BC%9A32G
INFO: [ app_init ] --START--
INFO: Run Behavior\BuildLiteBehavior [ RunTime:0.000014s ]
INFO: [ app_init ] --END-- [ RunTime:0.000458s ]
INFO: [ app_begin ] --START--
INFO: Run Behavior\ReadHtmlCacheBehavior [ RunTime:0.000558s ]
INFO: [ app_begin ] --END-- [ RunTime:0.000613s ]

[ 2017-12-16T10:42:44+08:00 ] 127.0.0.1 /six/index.php/Home/Index/login.html
INFO: [ app_init ] --START--
INFO: Run Behavior\BuildLiteBehavior [ RunTime:0.000012s ]
INFO: [ app_init ] --END-- [ RunTime:0.000384s ]
INFO: [ app_begin ] --START--
INFO: Run Behavior\ReadHtmlCacheBehavior [ RunTime:0.000499s ]
INFO: [ app_begin ] --END-- [ RunTime:0.000551s ]
INFO: [ view_parse ] --START--
INFO: [ template_filter ] --START--
INFO: Run Behavior\ContentReplaceBehavior [ RunTime:0.000056s ]
INFO: [ template_filter ] --END-- [ RunTime:0.000114s ]
INFO: Run Behavior\ParseTemplateBehavior [ RunTime:0.037687s ]
INFO: [ view_parse ] --END-- [ RunTime:0.037772s ]
INFO: [ view_filter ] --START--
INFO: Run Behavior\WriteHtmlCacheBehavior [ RunTime:0.000548s ]
INFO: [ view_filter ] --END-- [ RunTime:0.000598s ]
INFO: [ app_end ] --START--
INFO: Run Behavior\ShowPageTraceBehavior [ RunTime:0.000604s ]
INFO: [ app_end ] --END-- [ RunTime:0.000654s ]

[ 2017-12-16T10:42:48+08:00 ] 127.0.0.1 /six/index.php/Home/Index/login.html
INFO: [ app_init ] --START--
INFO: Run Behavior\BuildLiteBehavior [ RunTime:0.000014s ]
INFO: [ app_init ] --END-- [ RunTime:0.000460s ]
INFO: [ app_begin ] --START--
INFO: Run Behavior\ReadHtmlCacheBehavior [ RunTime:0.000556s ]
INFO: [ app_begin ] --END-- [ RunTime:0.000615s ]
INFO: [ view_parse ] --START--
INFO: [ template_filter ] --START--
INFO: Run Behavior\ContentReplaceBehavior [ RunTime:0.000059s ]
INFO: [ template_filter ] --END-- [ RunTime:0.000114s ]
INFO: Run Behavior\ParseTemplateBehavior [ RunTime:0.005518s ]
INFO: [ view_parse ] --END-- [ RunTime:0.005580s ]
INFO: [ view_filter ] --START--
INFO: Run Behavior\WriteHtmlCacheBehavior [ RunTime:0.000359s ]
INFO: [ view_filter ] --END-- [ RunTime:0.000406s ]
INFO: [ app_end ] --START--
INFO: Run Behavior\ShowPageTraceBehavior [ RunTime:0.000540s ]
INFO: [ app_end ] --END-- [ RunTime:0.000593s ]

