[ 2017-11-22T11:45:51+08:00 ] ::1 /month6/1031/
INFO: [ app_init ] --START--
INFO: Run Behavior\BuildLiteBehavior [ RunTime:0.000000s ]
INFO: [ app_init ] --END-- [ RunTime:0.024001s ]
INFO: [ app_begin ] --START--
INFO: Run Behavior\ReadHtmlCacheBehavior [ RunTime:0.018001s ]
INFO: [ app_begin ] --END-- [ RunTime:0.019001s ]
SQL: SHOW COLUMNS FROM `category` [ RunTime:0.1280s ]
SQL: SELECT * FROM `category`  [ RunTime:0.0200s ]
INFO: [ view_parse ] --START--
INFO: [ template_filter ] --START--
INFO: Run Behavior\ContentReplaceBehavior [ RunTime:0.140008s ]
INFO: [ template_filter ] --END-- [ RunTime:0.140008s ]
INFO: Run Behavior\ParseTemplateBehavior [ RunTime:0.413024s ]
INFO: [ view_parse ] --END-- [ RunTime:0.414024s ]
INFO: [ view_filter ] --START--
INFO: Run Behavior\WriteHtmlCacheBehavior [ RunTime:0.063003s ]
INFO: [ view_filter ] --END-- [ RunTime:0.063003s ]
INFO: [ app_end ] --START--
INFO: Run Behavior\ShowPageTraceBehavior [ RunTime:0.087005s ]
INFO: [ app_end ] --END-- [ RunTime:0.088005s ]

[ 2017-11-22T11:45:56+08:00 ] ::1 /month6/1031/index.php/Home/Goods/goodsList/cat_id/1.html
INFO: [ app_init ] --START--
INFO: Run Behavior\BuildLiteBehavior [ RunTime:0.000000s ]
INFO: [ app_init ] --END-- [ RunTime:0.001000s ]
INFO: [ app_begin ] --START--
INFO: Run Behavior\ReadHtmlCacheBehavior [ RunTime:0.001000s ]
INFO: [ app_begin ] --END-- [ RunTime:0.001000s ]
SQL: SHOW COLUMNS FROM `category` [ RunTime:0.0040s ]
SQL: SELECT * FROM `category`  [ RunTime:0.0000s ]
SQL: SHOW COLUMNS FROM `goods` [ RunTime:0.0600s ]
SQL: SELECT * FROM `goods` WHERE ( cat_id in (1,4,19,20,7,17,18) )  [ RunTime:0.0740s ]
INFO: [ view_parse ] --START--
INFO: [ template_filter ] --START--
INFO: Run Behavior\ContentReplaceBehavior [ RunTime:0.000000s ]
INFO: [ template_filter ] --END-- [ RunTime:0.001000s ]
INFO: Run Behavior\ParseTemplateBehavior [ RunTime:0.100006s ]
INFO: [ view_parse ] --END-- [ RunTime:0.100006s ]
INFO: [ view_filter ] --START--
INFO: Run Behavior\WriteHtmlCacheBehavior [ RunTime:0.001000s ]
INFO: [ view_filter ] --END-- [ RunTime:0.001000s ]
INFO: [ app_end ] --START--
INFO: Run Behavior\ShowPageTraceBehavior [ RunTime:0.002000s ]
INFO: [ app_end ] --END-- [ RunTime:0.002000s ]

[ 2017-11-22T11:45:58+08:00 ] ::1 /month6/1031/index.php/Home/Index/product/goods_id/1.html
INFO: [ app_init ] --START--
INFO: Run Behavior\BuildLiteBehavior [ RunTime:0.000000s ]
INFO: [ app_init ] --END-- [ RunTime:0.001000s ]
INFO: [ app_begin ] --START--
INFO: Run Behavior\ReadHtmlCacheBehavior [ RunTime:0.001000s ]
INFO: [ app_begin ] --END-- [ RunTime:0.002000s ]
SQL: SHOW COLUMNS FROM `goods` [ RunTime:0.0150s ]
SQL: SELECT * FROM `goods` WHERE ( goods_id='1' ) LIMIT 1   [ RunTime:0.0380s ]
SQL: SHOW COLUMNS FROM `goods_attr` [ RunTime:0.0280s ]
SQL: SELECT g.goods_attr_id,g.goods_id,g.attr_id,g.attr_values,g.price,a.attr_name,a.attr_type FROM goods_attr g INNER JOIN attribute a on g.attr_id=a.attr_id  WHERE ( goods_id='1' )  [ RunTime:0.0590s ]
INFO: [ view_parse ] --START--
INFO: [ template_filter ] --START--
INFO: Run Behavior\ContentReplaceBehavior [ RunTime:0.001000s ]
INFO: [ template_filter ] --END-- [ RunTime:0.001000s ]
INFO: Run Behavior\ParseTemplateBehavior [ RunTime:0.056003s ]
INFO: [ view_parse ] --END-- [ RunTime:0.056003s ]
INFO: [ view_filter ] --START--
INFO: Run Behavior\WriteHtmlCacheBehavior [ RunTime:0.000000s ]
INFO: [ view_filter ] --END-- [ RunTime:0.001000s ]
INFO: [ app_end ] --START--
INFO: Run Behavior\ShowPageTraceBehavior [ RunTime:0.001000s ]
INFO: [ app_end ] --END-- [ RunTime:0.001000s ]

[ 2017-11-22T14:04:18+08:00 ] ::1 /month6/1031/index.php/Home/Index/product/goods_id/1.html
INFO: [ app_init ] --START--
INFO: Run Behavior\BuildLiteBehavior [ RunTime:0.000000s ]
INFO: [ app_init ] --END-- [ RunTime:0.112007s ]
INFO: [ app_begin ] --START--
INFO: Run Behavior\ReadHtmlCacheBehavior [ RunTime:0.037002s ]
INFO: [ app_begin ] --END-- [ RunTime:0.038002s ]
SQL: SHOW COLUMNS FROM `goods` [ RunTime:0.8100s ]
SQL: SELECT * FROM `goods` WHERE ( goods_id='1' ) LIMIT 1   [ RunTime:0.1370s ]
SQL: SHOW COLUMNS FROM `goods_attr` [ RunTime:0.1970s ]
SQL: SELECT g.goods_attr_id,g.goods_id,g.attr_id,g.attr_values,g.price,a.attr_name,a.attr_type FROM goods_attr g INNER JOIN attribute a on g.attr_id=a.attr_id  WHERE ( goods_id='1' )  [ RunTime:0.1730s ]
INFO: [ view_parse ] --START--
INFO: [ template_filter ] --START--
INFO: Run Behavior\ContentReplaceBehavior [ RunTime:0.164010s ]
INFO: [ template_filter ] --END-- [ RunTime:0.165010s ]
INFO: Run Behavior\ParseTemplateBehavior [ RunTime:0.682039s ]
INFO: [ view_parse ] --END-- [ RunTime:0.684039s ]
INFO: [ view_filter ] --START--
INFO: Run Behavior\WriteHtmlCacheBehavior [ RunTime:0.072004s ]
INFO: [ view_filter ] --END-- [ RunTime:0.072004s ]
INFO: [ app_end ] --START--
INFO: Run Behavior\ShowPageTraceBehavior [ RunTime:0.112006s ]
INFO: [ app_end ] --END-- [ RunTime:0.113006s ]

[ 2017-11-22T14:04:53+08:00 ] ::1 /month6/1031/index.php/Home/Cart/cartAdd?goods_id=1&num=1&goods_attr_id%5B%5D=2&goods_attr_id%5B%5D=4&goods_values%5B%5D=%E5%B1%8F%E5%B9%95%E5%A4%A7%E5%B0%8F%EF%BC%9A5.5&goods_values%5B%5D=%E5%86%85%E5%AD%98%EF%BC%9A32G
INFO: [ app_init ] --START--
INFO: Run Behavior\BuildLiteBehavior [ RunTime:0.000000s ]
INFO: [ app_init ] --END-- [ RunTime:0.001000s ]
INFO: [ app_begin ] --START--
INFO: Run Behavior\ReadHtmlCacheBehavior [ RunTime:0.001000s ]
INFO: [ app_begin ] --END-- [ RunTime:0.001000s ]

[ 2017-11-22T14:04:56+08:00 ] ::1 /month6/1031/index.php/Home/Index/login.html
INFO: [ app_init ] --START--
INFO: Run Behavior\BuildLiteBehavior [ RunTime:0.001000s ]
INFO: [ app_init ] --END-- [ RunTime:0.002000s ]
INFO: [ app_begin ] --START--
INFO: Run Behavior\ReadHtmlCacheBehavior [ RunTime:0.001000s ]
INFO: [ app_begin ] --END-- [ RunTime:0.002000s ]
INFO: [ view_parse ] --START--
INFO: [ template_filter ] --START--
INFO: Run Behavior\ContentReplaceBehavior [ RunTime:0.000000s ]
INFO: [ template_filter ] --END-- [ RunTime:0.001000s ]
INFO: Run Behavior\ParseTemplateBehavior [ RunTime:0.100005s ]
INFO: [ view_parse ] --END-- [ RunTime:0.101005s ]
INFO: [ view_filter ] --START--
INFO: Run Behavior\WriteHtmlCacheBehavior [ RunTime:0.001001s ]
INFO: [ view_filter ] --END-- [ RunTime:0.001001s ]
INFO: [ app_end ] --START--
INFO: Run Behavior\ShowPageTraceBehavior [ RunTime:0.001000s ]
INFO: [ app_end ] --END-- [ RunTime:0.001000s ]

[ 2017-11-22T14:05:26+08:00 ] ::1 /month6/1031/index.php/Home/Index/loginDo
INFO: [ app_init ] --START--
INFO: Run Behavior\BuildLiteBehavior [ RunTime:0.000000s ]
INFO: [ app_init ] --END-- [ RunTime:0.001000s ]
INFO: [ app_begin ] --START--
INFO: Run Behavior\ReadHtmlCacheBehavior [ RunTime:0.001000s ]
INFO: [ app_begin ] --END-- [ RunTime:0.001000s ]
SQL: SHOW COLUMNS FROM `user` [ RunTime:0.5820s ]
SQL: SELECT * FROM `user` WHERE ( user_name='董洋' ) LIMIT 1   [ RunTime:0.0000s ]
INFO: [ view_parse ] --START--
INFO: [ template_filter ] --START--
INFO: Run Behavior\ContentReplaceBehavior [ RunTime:0.000000s ]
INFO: [ template_filter ] --END-- [ RunTime:0.000000s ]
INFO: Run Behavior\ParseTemplateBehavior [ RunTime:0.049003s ]
INFO: [ view_parse ] --END-- [ RunTime:0.049003s ]
INFO: [ view_filter ] --START--
INFO: Run Behavior\WriteHtmlCacheBehavior [ RunTime:0.000000s ]
INFO: [ view_filter ] --END-- [ RunTime:0.001000s ]
INFO: [ app_end ] --START--
INFO: Run Behavior\ShowPageTraceBehavior [ RunTime:0.001000s ]
INFO: [ app_end ] --END-- [ RunTime:0.001000s ]

[ 2017-11-22T14:05:27+08:00 ] ::1 /month6/1031/index.php/Home/Index/product/goods_id/1.html
INFO: [ app_init ] --START--
INFO: Run Behavior\BuildLiteBehavior [ RunTime:0.000000s ]
INFO: [ app_init ] --END-- [ RunTime:0.002000s ]
INFO: [ app_begin ] --START--
INFO: Run Behavior\ReadHtmlCacheBehavior [ RunTime:0.001000s ]
INFO: [ app_begin ] --END-- [ RunTime:0.001000s ]
SQL: SHOW COLUMNS FROM `goods` [ RunTime:0.0130s ]
SQL: SELECT * FROM `goods` WHERE ( goods_id='1' ) LIMIT 1   [ RunTime:0.0020s ]
SQL: SHOW COLUMNS FROM `goods_attr` [ RunTime:0.0180s ]
SQL: SELECT g.goods_attr_id,g.goods_id,g.attr_id,g.attr_values,g.price,a.attr_name,a.attr_type FROM goods_attr g INNER JOIN attribute a on g.attr_id=a.attr_id  WHERE ( goods_id='1' )  [ RunTime:0.0030s ]
INFO: [ view_parse ] --START--
INFO: [ template_filter ] --START--
INFO: Run Behavior\ContentReplaceBehavior [ RunTime:0.002000s ]
INFO: [ template_filter ] --END-- [ RunTime:0.004000s ]
INFO: Run Behavior\ParseTemplateBehavior [ RunTime:0.086005s ]
INFO: [ view_parse ] --END-- [ RunTime:0.086005s ]
INFO: [ view_filter ] --START--
INFO: Run Behavior\WriteHtmlCacheBehavior [ RunTime:0.005000s ]
INFO: [ view_filter ] --END-- [ RunTime:0.005000s ]
INFO: [ app_end ] --START--
INFO: Run Behavior\ShowPageTraceBehavior [ RunTime:0.002000s ]
INFO: [ app_end ] --END-- [ RunTime:0.008001s ]

[ 2017-11-22T14:05:34+08:00 ] ::1 /month6/1031/index.php/Home/Cart/cartAdd?goods_id=1&num=1&goods_attr_id%5B%5D=2&goods_attr_id%5B%5D=4&goods_values%5B%5D=%E5%B1%8F%E5%B9%95%E5%A4%A7%E5%B0%8F%EF%BC%9A5.5&goods_values%5B%5D=%E5%86%85%E5%AD%98%EF%BC%9A32G
INFO: [ app_init ] --START--
INFO: Run Behavior\BuildLiteBehavior [ RunTime:0.000000s ]
INFO: [ app_init ] --END-- [ RunTime:0.001000s ]
INFO: [ app_begin ] --START--
INFO: Run Behavior\ReadHtmlCacheBehavior [ RunTime:0.002000s ]
INFO: [ app_begin ] --END-- [ RunTime:0.002000s ]
SQL: SHOW COLUMNS FROM `goods` [ RunTime:0.0050s ]
SQL: SELECT * FROM `goods` WHERE ( goods_id='1' ) LIMIT 1   [ RunTime:0.0010s ]
SQL: SHOW COLUMNS FROM `goods_attr` [ RunTime:0.0040s ]
SQL: SELECT sum(price) as price FROM `goods_attr` WHERE ( goods_attr_id in (2,4) )  [ RunTime:0.0890s ]
SQL: SHOW COLUMNS FROM `product` [ RunTime:0.0880s ]
SQL: SELECT * FROM `product` WHERE ( goods_id='1' and goods_attr='2,4' ) LIMIT 1   [ RunTime:0.0010s ]
SQL: SHOW COLUMNS FROM `cart` [ RunTime:0.0860s ]
SQL: SELECT * FROM `cart` WHERE ( user_id='1' and goods_id='1' and goods_attr_id='2,4' ) LIMIT 1   [ RunTime:0.0010s ]
SQL: UPDATE `cart` SET `user_id`='1',`session_id`='',`goods_id`='1',`goods_sn`='ECS000032',`product_id`='2',`goods_name`='诺基亚N851',`goods_price`='3310.00',`goods_number`='3',`goods_attr`='屏幕大小：5.5,内存：32G',`goods_attr_id`='2,4' WHERE `cart_id` = 2 [ RunTime:0.3840s ]

[ 2017-11-22T14:05:35+08:00 ] ::1 /month6/1031/index.php/Home/Cart/buyCar.html
INFO: [ app_init ] --START--
INFO: Run Behavior\BuildLiteBehavior [ RunTime:0.000000s ]
INFO: [ app_init ] --END-- [ RunTime:0.002000s ]
INFO: [ app_begin ] --START--
INFO: Run Behavior\ReadHtmlCacheBehavior [ RunTime:0.001000s ]
INFO: [ app_begin ] --END-- [ RunTime:0.001000s ]
SQL: SHOW COLUMNS FROM `cart` [ RunTime:0.0190s ]
SQL: SELECT * FROM `cart`  [ RunTime:0.0010s ]
INFO: [ view_parse ] --START--
INFO: [ template_filter ] --START--
INFO: Run Behavior\ContentReplaceBehavior [ RunTime:0.001000s ]
INFO: [ template_filter ] --END-- [ RunTime:0.001000s ]
INFO: Run Behavior\ParseTemplateBehavior [ RunTime:0.086004s ]
INFO: [ view_parse ] --END-- [ RunTime:0.086004s ]
INFO: [ view_filter ] --START--
INFO: Run Behavior\WriteHtmlCacheBehavior [ RunTime:0.000000s ]
INFO: [ view_filter ] --END-- [ RunTime:0.001000s ]
INFO: [ app_end ] --START--
INFO: Run Behavior\ShowPageTraceBehavior [ RunTime:0.002000s ]
INFO: [ app_end ] --END-- [ RunTime:0.004000s ]

[ 2017-11-22T14:05:38+08:00 ] ::1 /month6/1031/index.php/Home/Cart/changeNum?num=4&cart_id=2
INFO: [ app_init ] --START--
INFO: Run Behavior\BuildLiteBehavior [ RunTime:0.000000s ]
INFO: [ app_init ] --END-- [ RunTime:0.001001s ]
INFO: [ app_begin ] --START--
INFO: Run Behavior\ReadHtmlCacheBehavior [ RunTime:0.001000s ]
INFO: [ app_begin ] --END-- [ RunTime:0.001000s ]
SQL: SHOW COLUMNS FROM `cart` [ RunTime:0.0060s ]
SQL: UPDATE `cart` SET `goods_number`='4' WHERE `cart_id` = 2 [ RunTime:0.1510s ]
SQL: SELECT * FROM `cart`  [ RunTime:0.0000s ]
SQL: SELECT * FROM `cart` WHERE ( cart_id='2' ) LIMIT 1   [ RunTime:0.0010s ]

[ 2017-11-22T14:05:39+08:00 ] ::1 /month6/1031/index.php/Home/Cart/changeNum?num=3&cart_id=2
INFO: [ app_init ] --START--
INFO: Run Behavior\BuildLiteBehavior [ RunTime:0.000000s ]
INFO: [ app_init ] --END-- [ RunTime:0.001000s ]
INFO: [ app_begin ] --START--
INFO: Run Behavior\ReadHtmlCacheBehavior [ RunTime:0.001000s ]
INFO: [ app_begin ] --END-- [ RunTime:0.001000s ]
SQL: SHOW COLUMNS FROM `cart` [ RunTime:0.0040s ]
SQL: UPDATE `cart` SET `goods_number`='3' WHERE `cart_id` = 2 [ RunTime:0.0600s ]
SQL: SELECT * FROM `cart`  [ RunTime:0.0010s ]
SQL: SELECT * FROM `cart` WHERE ( cart_id='2' ) LIMIT 1   [ RunTime:0.0000s ]

[ 2017-11-22T14:05:51+08:00 ] ::1 /month6/1031/index.php/Home/Cart/cartAdd?goods_id=1&num=1&goods_attr_id%5B%5D=1&goods_attr_id%5B%5D=5&goods_values%5B%5D=%E5%B1%8F%E5%B9%95%E5%A4%A7%E5%B0%8F%EF%BC%9A5.0&goods_values%5B%5D=%E5%86%85%E5%AD%98%EF%BC%9A128G
INFO: [ app_init ] --START--
INFO: Run Behavior\BuildLiteBehavior [ RunTime:0.000000s ]
INFO: [ app_init ] --END-- [ RunTime:0.001000s ]
INFO: [ app_begin ] --START--
INFO: Run Behavior\ReadHtmlCacheBehavior [ RunTime:0.001000s ]
INFO: [ app_begin ] --END-- [ RunTime:0.001000s ]
SQL: SHOW COLUMNS FROM `goods` [ RunTime:0.0120s ]
SQL: SELECT * FROM `goods` WHERE ( goods_id='1' ) LIMIT 1   [ RunTime:0.0010s ]
SQL: SHOW COLUMNS FROM `goods_attr` [ RunTime:0.0040s ]
SQL: SELECT sum(price) as price FROM `goods_attr` WHERE ( goods_attr_id in (1,5) )  [ RunTime:0.0000s ]
SQL: SHOW COLUMNS FROM `product` [ RunTime:0.0030s ]
SQL: SELECT * FROM `product` WHERE ( goods_id='1' and goods_attr='1,5' ) LIMIT 1   [ RunTime:0.0010s ]

[ 2017-11-22T14:05:54+08:00 ] ::1 /month6/1031/index.php/Home/Cart/cartAdd?goods_id=1&num=1&goods_attr_id%5B%5D=1&goods_attr_id%5B%5D=3&goods_values%5B%5D=%E5%B1%8F%E5%B9%95%E5%A4%A7%E5%B0%8F%EF%BC%9A5.0&goods_values%5B%5D=%E5%86%85%E5%AD%98%EF%BC%9A16G
INFO: [ app_init ] --START--
INFO: Run Behavior\BuildLiteBehavior [ RunTime:0.000000s ]
INFO: [ app_init ] --END-- [ RunTime:0.001000s ]
INFO: [ app_begin ] --START--
INFO: Run Behavior\ReadHtmlCacheBehavior [ RunTime:0.001000s ]
INFO: [ app_begin ] --END-- [ RunTime:0.001000s ]
SQL: SHOW COLUMNS FROM `goods` [ RunTime:0.0170s ]
SQL: SELECT * FROM `goods` WHERE ( goods_id='1' ) LIMIT 1   [ RunTime:0.0010s ]
SQL: SHOW COLUMNS FROM `goods_attr` [ RunTime:0.0040s ]
SQL: SELECT sum(price) as price FROM `goods_attr` WHERE ( goods_attr_id in (1,3) )  [ RunTime:0.0010s ]
SQL: SHOW COLUMNS FROM `product` [ RunTime:0.0050s ]
SQL: SELECT * FROM `product` WHERE ( goods_id='1' and goods_attr='1,3' ) LIMIT 1   [ RunTime:0.0000s ]
SQL: SHOW COLUMNS FROM `cart` [ RunTime:0.0040s ]
SQL: SELECT * FROM `cart` WHERE ( user_id='1' and goods_id='1' and goods_attr_id='1,3' ) LIMIT 1   [ RunTime:0.0010s ]
SQL: INSERT INTO `cart` (`user_id`,`goods_id`,`goods_sn`,`product_id`,`goods_name`,`goods_price`,`goods_number`,`goods_attr`,`goods_attr_id`) VALUES ('1','1','ECS000032','1','诺基亚N851','3010','1','屏幕大小：5.0,内存：16G','1,3') [ RunTime:0.1020s ]

[ 2017-11-22T14:05:54+08:00 ] ::1 /month6/1031/index.php/Home/Cart/buyCar.html
INFO: [ app_init ] --START--
INFO: Run Behavior\BuildLiteBehavior [ RunTime:0.000000s ]
INFO: [ app_init ] --END-- [ RunTime:0.001000s ]
INFO: [ app_begin ] --START--
INFO: Run Behavior\ReadHtmlCacheBehavior [ RunTime:0.001000s ]
INFO: [ app_begin ] --END-- [ RunTime:0.001000s ]
SQL: SHOW COLUMNS FROM `cart` [ RunTime:0.0040s ]
SQL: SELECT * FROM `cart`  [ RunTime:0.0000s ]
INFO: [ view_parse ] --START--
INFO: [ template_filter ] --START--
INFO: Run Behavior\ContentReplaceBehavior [ RunTime:0.001000s ]
INFO: [ template_filter ] --END-- [ RunTime:0.001000s ]
INFO: Run Behavior\ParseTemplateBehavior [ RunTime:0.041002s ]
INFO: [ view_parse ] --END-- [ RunTime:0.041002s ]
INFO: [ view_filter ] --START--
INFO: Run Behavior\WriteHtmlCacheBehavior [ RunTime:0.001000s ]
INFO: [ view_filter ] --END-- [ RunTime:0.001000s ]
INFO: [ app_end ] --START--
INFO: Run Behavior\ShowPageTraceBehavior [ RunTime:0.001001s ]
INFO: [ app_end ] --END-- [ RunTime:0.002001s ]

[ 2017-11-22T14:05:58+08:00 ] ::1 /month6/1031/index.php/Home/Cart/changeNum?num=2&cart_id=3
INFO: [ app_init ] --START--
INFO: Run Behavior\BuildLiteBehavior [ RunTime:0.000000s ]
INFO: [ app_init ] --END-- [ RunTime:0.001000s ]
INFO: [ app_begin ] --START--
INFO: Run Behavior\ReadHtmlCacheBehavior [ RunTime:0.001000s ]
INFO: [ app_begin ] --END-- [ RunTime:0.001000s ]
SQL: SHOW COLUMNS FROM `cart` [ RunTime:0.0040s ]
SQL: UPDATE `cart` SET `goods_number`='2' WHERE `cart_id` = 3 [ RunTime:0.0500s ]
SQL: SELECT * FROM `cart`  [ RunTime:0.0010s ]
SQL: SELECT * FROM `cart` WHERE ( cart_id='3' ) LIMIT 1   [ RunTime:0.0010s ]

[ 2017-11-22T14:06:00+08:00 ] ::1 /month6/1031/index.php/Home/Cart/changeNum?num=3&cart_id=3
INFO: [ app_init ] --START--
INFO: Run Behavior\BuildLiteBehavior [ RunTime:0.000000s ]
INFO: [ app_init ] --END-- [ RunTime:0.001000s ]
INFO: [ app_begin ] --START--
INFO: Run Behavior\ReadHtmlCacheBehavior [ RunTime:0.001000s ]
INFO: [ app_begin ] --END-- [ RunTime:0.001000s ]
SQL: SHOW COLUMNS FROM `cart` [ RunTime:0.0060s ]
SQL: UPDATE `cart` SET `goods_number`='3' WHERE `cart_id` = 3 [ RunTime:0.0560s ]
SQL: SELECT * FROM `cart`  [ RunTime:0.0010s ]
SQL: SELECT * FROM `cart` WHERE ( cart_id='3' ) LIMIT 1   [ RunTime:0.0000s ]

[ 2017-11-22T14:06:02+08:00 ] ::1 /month6/1031/index.php/Home/Cart/changeNum?num=2&cart_id=3
INFO: [ app_init ] --START--
INFO: Run Behavior\BuildLiteBehavior [ RunTime:0.000000s ]
INFO: [ app_init ] --END-- [ RunTime:0.002000s ]
INFO: [ app_begin ] --START--
INFO: Run Behavior\ReadHtmlCacheBehavior [ RunTime:0.001000s ]
INFO: [ app_begin ] --END-- [ RunTime:0.002000s ]
SQL: SHOW COLUMNS FROM `cart` [ RunTime:0.0060s ]
SQL: UPDATE `cart` SET `goods_number`='2' WHERE `cart_id` = 3 [ RunTime:0.2960s ]
SQL: SELECT * FROM `cart`  [ RunTime:0.0000s ]
SQL: SELECT * FROM `cart` WHERE ( cart_id='3' ) LIMIT 1   [ RunTime:0.0000s ]

[ 2017-11-22T14:06:05+08:00 ] ::1 /month6/1031/index.php/Home/Cart/changeNum?num=1&cart_id=3
INFO: [ app_init ] --START--
INFO: Run Behavior\BuildLiteBehavior [ RunTime:0.000000s ]
INFO: [ app_init ] --END-- [ RunTime:0.001000s ]
INFO: [ app_begin ] --START--
INFO: Run Behavior\ReadHtmlCacheBehavior [ RunTime:0.001000s ]
INFO: [ app_begin ] --END-- [ RunTime:0.001000s ]
SQL: SHOW COLUMNS FROM `cart` [ RunTime:0.0040s ]
SQL: UPDATE `cart` SET `goods_number`='1' WHERE `cart_id` = 3 [ RunTime:0.0710s ]
SQL: SELECT * FROM `cart`  [ RunTime:0.0010s ]
SQL: SELECT * FROM `cart` WHERE ( cart_id='3' ) LIMIT 1   [ RunTime:0.0010s ]

[ 2017-11-22T14:06:07+08:00 ] ::1 /month6/1031/index.php/Home/Cart/changeNum?num=1&cart_id=3
INFO: [ app_init ] --START--
INFO: Run Behavior\BuildLiteBehavior [ RunTime:0.000000s ]
INFO: [ app_init ] --END-- [ RunTime:0.001000s ]
INFO: [ app_begin ] --START--
INFO: Run Behavior\ReadHtmlCacheBehavior [ RunTime:0.001000s ]
INFO: [ app_begin ] --END-- [ RunTime:0.001000s ]
SQL: SHOW COLUMNS FROM `cart` [ RunTime:0.0780s ]
SQL: UPDATE `cart` SET `goods_number`='1' WHERE `cart_id` = 3 [ RunTime:0.1180s ]
INFO: [ app_end ] --START--
INFO: Run Behavior\ShowPageTraceBehavior [ RunTime:0.001000s ]
INFO: [ app_end ] --END-- [ RunTime:0.002000s ]

[ 2017-11-22T14:06:09+08:00 ] ::1 /month6/1031/index.php/Home/Cart/changeNum?num=2&cart_id=3
INFO: [ app_init ] --START--
INFO: Run Behavior\BuildLiteBehavior [ RunTime:0.000000s ]
INFO: [ app_init ] --END-- [ RunTime:0.001000s ]
INFO: [ app_begin ] --START--
INFO: Run Behavior\ReadHtmlCacheBehavior [ RunTime:0.001000s ]
INFO: [ app_begin ] --END-- [ RunTime:0.001000s ]
SQL: SHOW COLUMNS FROM `cart` [ RunTime:0.0050s ]
SQL: UPDATE `cart` SET `goods_number`='2' WHERE `cart_id` = 3 [ RunTime:0.0640s ]
SQL: SELECT * FROM `cart`  [ RunTime:0.0010s ]
SQL: SELECT * FROM `cart` WHERE ( cart_id='3' ) LIMIT 1   [ RunTime:0.0000s ]

[ 2017-11-22T14:06:12+08:00 ] ::1 /month6/1031/index.php/Home/Cart/changeNum?num=3&cart_id=3
INFO: [ app_init ] --START--
INFO: Run Behavior\BuildLiteBehavior [ RunTime:0.000000s ]
INFO: [ app_init ] --END-- [ RunTime:0.001000s ]
INFO: [ app_begin ] --START--
INFO: Run Behavior\ReadHtmlCacheBehavior [ RunTime:0.001000s ]
INFO: [ app_begin ] --END-- [ RunTime:0.001000s ]
SQL: SHOW COLUMNS FROM `cart` [ RunTime:0.0040s ]
SQL: UPDATE `cart` SET `goods_number`='3' WHERE `cart_id` = 3 [ RunTime:0.0620s ]
SQL: SELECT * FROM `cart`  [ RunTime:0.0010s ]
SQL: SELECT * FROM `cart` WHERE ( cart_id='3' ) LIMIT 1   [ RunTime:0.0010s ]

[ 2017-11-22T14:06:15+08:00 ] ::1 /month6/1031/index.php/Home/Cart/changeNum?num=2&cart_id=2
INFO: [ app_init ] --START--
INFO: Run Behavior\BuildLiteBehavior [ RunTime:0.000000s ]
INFO: [ app_init ] --END-- [ RunTime:0.001000s ]
INFO: [ app_begin ] --START--
INFO: Run Behavior\ReadHtmlCacheBehavior [ RunTime:0.002000s ]
INFO: [ app_begin ] --END-- [ RunTime:0.002000s ]
SQL: SHOW COLUMNS FROM `cart` [ RunTime:0.0080s ]
SQL: UPDATE `cart` SET `goods_number`='2' WHERE `cart_id` = 2 [ RunTime:0.1000s ]
SQL: SELECT * FROM `cart`  [ RunTime:0.0000s ]
SQL: SELECT * FROM `cart` WHERE ( cart_id='2' ) LIMIT 1   [ RunTime:0.0000s ]

[ 2017-11-22T14:06:19+08:00 ] ::1 /month6/1031/index.php/Home/Cart/changeNum?num=3&cart_id=2
INFO: [ app_init ] --START--
INFO: Run Behavior\BuildLiteBehavior [ RunTime:0.000000s ]
INFO: [ app_init ] --END-- [ RunTime:0.001000s ]
INFO: [ app_begin ] --START--
INFO: Run Behavior\ReadHtmlCacheBehavior [ RunTime:0.001000s ]
INFO: [ app_begin ] --END-- [ RunTime:0.001000s ]
SQL: SHOW COLUMNS FROM `cart` [ RunTime:0.0050s ]
SQL: UPDATE `cart` SET `goods_number`='3' WHERE `cart_id` = 2 [ RunTime:0.0520s ]
SQL: SELECT * FROM `cart`  [ RunTime:0.0010s ]
SQL: SELECT * FROM `cart` WHERE ( cart_id='2' ) LIMIT 1   [ RunTime:0.0000s ]

[ 2017-11-22T14:06:20+08:00 ] ::1 /month6/1031/index.php/Home/Cart/changeNum?num=2&cart_id=2
INFO: [ app_init ] --START--
INFO: Run Behavior\BuildLiteBehavior [ RunTime:0.000000s ]
INFO: [ app_init ] --END-- [ RunTime:0.001000s ]
INFO: [ app_begin ] --START--
INFO: Run Behavior\ReadHtmlCacheBehavior [ RunTime:0.001000s ]
INFO: [ app_begin ] --END-- [ RunTime:0.001000s ]
SQL: SHOW COLUMNS FROM `cart` [ RunTime:0.0050s ]
SQL: UPDATE `cart` SET `goods_number`='2' WHERE `cart_id` = 2 [ RunTime:0.0520s ]
SQL: SELECT * FROM `cart`  [ RunTime:0.0010s ]
SQL: SELECT * FROM `cart` WHERE ( cart_id='2' ) LIMIT 1   [ RunTime:0.0010s ]

[ 2017-11-22T14:59:43+08:00 ] ::1 /month6/1031/index.php/Home/Cart/buyCar.html
INFO: [ app_init ] --START--
INFO: Run Behavior\BuildLiteBehavior [ RunTime:0.000000s ]
INFO: [ app_init ] --END-- [ RunTime:0.002000s ]
INFO: [ app_begin ] --START--
INFO: Run Behavior\ReadHtmlCacheBehavior [ RunTime:0.002000s ]
INFO: [ app_begin ] --END-- [ RunTime:0.002000s ]
SQL: SHOW COLUMNS FROM `cart` [ RunTime:0.0150s ]
SQL: SELECT * FROM `cart`  [ RunTime:0.0010s ]
INFO: [ view_parse ] --START--
INFO: [ template_filter ] --START--
INFO: Run Behavior\ContentReplaceBehavior [ RunTime:0.001000s ]
INFO: [ template_filter ] --END-- [ RunTime:0.001000s ]
INFO: Run Behavior\ParseTemplateBehavior [ RunTime:0.037002s ]
INFO: [ view_parse ] --END-- [ RunTime:0.037002s ]
INFO: [ view_filter ] --START--
INFO: Run Behavior\WriteHtmlCacheBehavior [ RunTime:0.002000s ]
INFO: [ view_filter ] --END-- [ RunTime:0.002000s ]
INFO: [ app_end ] --START--
INFO: Run Behavior\ShowPageTraceBehavior [ RunTime:0.002000s ]
INFO: [ app_end ] --END-- [ RunTime:0.002000s ]

[ 2017-11-22T14:59:45+08:00 ] ::1 /month6/1031/index.php/Home/Cart/changeNum?num=3&cart_id=2
INFO: [ app_init ] --START--
INFO: Run Behavior\BuildLiteBehavior [ RunTime:0.000000s ]
INFO: [ app_init ] --END-- [ RunTime:0.001000s ]
INFO: [ app_begin ] --START--
INFO: Run Behavior\ReadHtmlCacheBehavior [ RunTime:0.001000s ]
INFO: [ app_begin ] --END-- [ RunTime:0.001000s ]
SQL: SHOW COLUMNS FROM `cart` [ RunTime:0.0060s ]
SQL: UPDATE `cart` SET `goods_number`='3' WHERE `cart_id` = 2 [ RunTime:0.0700s ]
SQL: SELECT * FROM `cart` WHERE ( user_id='1' )  [ RunTime:0.0000s ]

[ 2017-11-22T14:59:46+08:00 ] ::1 /month6/1031/index.php/Home/Cart/changeNum?num=2&cart_id=2
INFO: [ app_init ] --START--
INFO: Run Behavior\BuildLiteBehavior [ RunTime:0.000000s ]
INFO: [ app_init ] --END-- [ RunTime:0.001000s ]
INFO: [ app_begin ] --START--
INFO: Run Behavior\ReadHtmlCacheBehavior [ RunTime:0.000000s ]
INFO: [ app_begin ] --END-- [ RunTime:0.000000s ]
SQL: SHOW COLUMNS FROM `cart` [ RunTime:0.0050s ]
SQL: UPDATE `cart` SET `goods_number`='2' WHERE `cart_id` = 2 [ RunTime:0.0640s ]
SQL: SELECT * FROM `cart` WHERE ( user_id='1' )  [ RunTime:0.0010s ]

[ 2017-11-22T14:59:47+08:00 ] ::1 /month6/1031/index.php/Home/Cart/changeNum?num=1&cart_id=2
INFO: [ app_init ] --START--
INFO: Run Behavior\BuildLiteBehavior [ RunTime:0.000000s ]
INFO: [ app_init ] --END-- [ RunTime:0.001000s ]
INFO: [ app_begin ] --START--
INFO: Run Behavior\ReadHtmlCacheBehavior [ RunTime:0.000000s ]
INFO: [ app_begin ] --END-- [ RunTime:0.001000s ]
SQL: SHOW COLUMNS FROM `cart` [ RunTime:0.0060s ]
SQL: UPDATE `cart` SET `goods_number`='1' WHERE `cart_id` = 2 [ RunTime:0.0770s ]
SQL: SELECT * FROM `cart` WHERE ( user_id='1' )  [ RunTime:0.0000s ]

[ 2017-11-22T14:59:49+08:00 ] ::1 /month6/1031/index.php/Home/Cart/changeNum?num=2&cart_id=3
INFO: [ app_init ] --START--
INFO: Run Behavior\BuildLiteBehavior [ RunTime:0.000000s ]
INFO: [ app_init ] --END-- [ RunTime:0.001000s ]
INFO: [ app_begin ] --START--
INFO: Run Behavior\ReadHtmlCacheBehavior [ RunTime:0.001000s ]
INFO: [ app_begin ] --END-- [ RunTime:0.001000s ]
SQL: SHOW COLUMNS FROM `cart` [ RunTime:0.0060s ]
SQL: UPDATE `cart` SET `goods_number`='2' WHERE `cart_id` = 3 [ RunTime:0.1110s ]
SQL: SELECT * FROM `cart` WHERE ( user_id='1' )  [ RunTime:0.0010s ]

[ 2017-11-22T14:59:51+08:00 ] ::1 /month6/1031/index.php/Home/Cart/changeNum?num=3&cart_id=3
INFO: [ app_init ] --START--
INFO: Run Behavior\BuildLiteBehavior [ RunTime:0.000000s ]
INFO: [ app_init ] --END-- [ RunTime:0.001001s ]
INFO: [ app_begin ] --START--
INFO: Run Behavior\ReadHtmlCacheBehavior [ RunTime:0.001000s ]
INFO: [ app_begin ] --END-- [ RunTime:0.001000s ]
SQL: SHOW COLUMNS FROM `cart` [ RunTime:0.0070s ]
SQL: UPDATE `cart` SET `goods_number`='3' WHERE `cart_id` = 3 [ RunTime:0.1040s ]
SQL: SELECT * FROM `cart` WHERE ( user_id='1' )  [ RunTime:0.0000s ]

[ 2017-11-22T14:59:51+08:00 ] ::1 /month6/1031/index.php/Home/Cart/changeNum?num=4&cart_id=3
INFO: [ app_init ] --START--
INFO: Run Behavior\BuildLiteBehavior [ RunTime:0.000000s ]
INFO: [ app_init ] --END-- [ RunTime:0.001000s ]
INFO: [ app_begin ] --START--
INFO: Run Behavior\ReadHtmlCacheBehavior [ RunTime:0.001000s ]
INFO: [ app_begin ] --END-- [ RunTime:0.001000s ]
SQL: SHOW COLUMNS FROM `cart` [ RunTime:0.0060s ]
SQL: UPDATE `cart` SET `goods_number`='4' WHERE `cart_id` = 3 [ RunTime:0.0640s ]
SQL: SELECT * FROM `cart` WHERE ( user_id='1' )  [ RunTime:0.0000s ]

[ 2017-11-22T14:59:52+08:00 ] ::1 /month6/1031/index.php/Home/Cart/changeNum?num=5&cart_id=3
INFO: [ app_init ] --START--
INFO: Run Behavior\BuildLiteBehavior [ RunTime:0.000000s ]
INFO: [ app_init ] --END-- [ RunTime:0.000000s ]
INFO: [ app_begin ] --START--
INFO: Run Behavior\ReadHtmlCacheBehavior [ RunTime:0.001000s ]
INFO: [ app_begin ] --END-- [ RunTime:0.001000s ]
SQL: SHOW COLUMNS FROM `cart` [ RunTime:0.0060s ]
SQL: UPDATE `cart` SET `goods_number`='5' WHERE `cart_id` = 3 [ RunTime:0.1950s ]
SQL: SELECT * FROM `cart` WHERE ( user_id='1' )  [ RunTime:0.0000s ]

[ 2017-11-22T14:59:54+08:00 ] ::1 /month6/1031/index.php/Home/Cart/changeNum?num=2&cart_id=2
INFO: [ app_init ] --START--
INFO: Run Behavior\BuildLiteBehavior [ RunTime:0.000000s ]
INFO: [ app_init ] --END-- [ RunTime:0.000000s ]
INFO: [ app_begin ] --START--
INFO: Run Behavior\ReadHtmlCacheBehavior [ RunTime:0.003001s ]
INFO: [ app_begin ] --END-- [ RunTime:0.003001s ]
SQL: SHOW COLUMNS FROM `cart` [ RunTime:0.0060s ]
SQL: UPDATE `cart` SET `goods_number`='2' WHERE `cart_id` = 2 [ RunTime:0.2010s ]
SQL: SELECT * FROM `cart` WHERE ( user_id='1' )  [ RunTime:0.0010s ]

[ 2017-11-22T14:59:55+08:00 ] ::1 /month6/1031/index.php/Home/Cart/changeNum?num=3&cart_id=2
INFO: [ app_init ] --START--
INFO: Run Behavior\BuildLiteBehavior [ RunTime:0.000000s ]
INFO: [ app_init ] --END-- [ RunTime:0.001000s ]
INFO: [ app_begin ] --START--
INFO: Run Behavior\ReadHtmlCacheBehavior [ RunTime:0.001001s ]
INFO: [ app_begin ] --END-- [ RunTime:0.001001s ]
SQL: SHOW COLUMNS FROM `cart` [ RunTime:0.0060s ]
SQL: UPDATE `cart` SET `goods_number`='3' WHERE `cart_id` = 2 [ RunTime:0.2420s ]
SQL: SELECT * FROM `cart` WHERE ( user_id='1' )  [ RunTime:0.0000s ]

[ 2017-11-22T14:59:56+08:00 ] ::1 /month6/1031/index.php/Home/Cart/changeNum?num=4&cart_id=2
INFO: [ app_init ] --START--
INFO: Run Behavior\BuildLiteBehavior [ RunTime:0.000000s ]
INFO: [ app_init ] --END-- [ RunTime:0.001000s ]
INFO: [ app_begin ] --START--
INFO: Run Behavior\ReadHtmlCacheBehavior [ RunTime:0.001000s ]
INFO: [ app_begin ] --END-- [ RunTime:0.001000s ]
SQL: SHOW COLUMNS FROM `cart` [ RunTime:0.0060s ]
SQL: UPDATE `cart` SET `goods_number`='4' WHERE `cart_id` = 2 [ RunTime:0.0840s ]
SQL: SELECT * FROM `cart` WHERE ( user_id='1' )  [ RunTime:0.0000s ]

[ 2017-11-22T14:59:57+08:00 ] ::1 /month6/1031/index.php/Home/Cart/changeNum?num=3&cart_id=2
INFO: [ app_init ] --START--
INFO: Run Behavior\BuildLiteBehavior [ RunTime:0.000000s ]
INFO: [ app_init ] --END-- [ RunTime:0.001000s ]
INFO: [ app_begin ] --START--
INFO: Run Behavior\ReadHtmlCacheBehavior [ RunTime:0.001000s ]
INFO: [ app_begin ] --END-- [ RunTime:0.001000s ]
SQL: SHOW COLUMNS FROM `cart` [ RunTime:0.0060s ]
SQL: UPDATE `cart` SET `goods_number`='3' WHERE `cart_id` = 2 [ RunTime:0.1360s ]
SQL: SELECT * FROM `cart` WHERE ( user_id='1' )  [ RunTime:0.0230s ]

[ 2017-11-22T14:59:58+08:00 ] ::1 /month6/1031/index.php/Home/Cart/changeNum?num=2&cart_id=2
INFO: [ app_init ] --START--
INFO: Run Behavior\BuildLiteBehavior [ RunTime:0.000000s ]
INFO: [ app_init ] --END-- [ RunTime:0.001001s ]
INFO: [ app_begin ] --START--
INFO: Run Behavior\ReadHtmlCacheBehavior [ RunTime:0.001000s ]
INFO: [ app_begin ] --END-- [ RunTime:0.003000s ]
SQL: SHOW COLUMNS FROM `cart` [ RunTime:0.0060s ]
SQL: UPDATE `cart` SET `goods_number`='2' WHERE `cart_id` = 2 [ RunTime:0.0800s ]
SQL: SELECT * FROM `cart` WHERE ( user_id='1' )  [ RunTime:0.0010s ]

[ 2017-11-22T14:59:59+08:00 ] ::1 /month6/1031/index.php/Home/Cart/changeNum?num=1&cart_id=2
INFO: [ app_init ] --START--
INFO: Run Behavior\BuildLiteBehavior [ RunTime:0.000000s ]
INFO: [ app_init ] --END-- [ RunTime:0.001000s ]
INFO: [ app_begin ] --START--
INFO: Run Behavior\ReadHtmlCacheBehavior [ RunTime:0.002000s ]
INFO: [ app_begin ] --END-- [ RunTime:0.002000s ]
SQL: SHOW COLUMNS FROM `cart` [ RunTime:0.0060s ]
SQL: UPDATE `cart` SET `goods_number`='1' WHERE `cart_id` = 2 [ RunTime:0.0650s ]
SQL: SELECT * FROM `cart` WHERE ( user_id='1' )  [ RunTime:0.0010s ]

[ 2017-11-22T14:59:59+08:00 ] ::1 /month6/1031/index.php/Home/Cart/changeNum?num=1&cart_id=2
INFO: [ app_init ] --START--
INFO: Run Behavior\BuildLiteBehavior [ RunTime:0.000000s ]
INFO: [ app_init ] --END-- [ RunTime:0.002000s ]
INFO: [ app_begin ] --START--
INFO: Run Behavior\ReadHtmlCacheBehavior [ RunTime:0.002000s ]
INFO: [ app_begin ] --END-- [ RunTime:0.002000s ]
SQL: SHOW COLUMNS FROM `cart` [ RunTime:0.0060s ]
SQL: UPDATE `cart` SET `goods_number`='1' WHERE `cart_id` = 2 [ RunTime:0.1100s ]
INFO: [ app_end ] --START--
INFO: Run Behavior\ShowPageTraceBehavior [ RunTime:0.001000s ]
INFO: [ app_end ] --END-- [ RunTime:0.001000s ]

[ 2017-11-22T15:00:00+08:00 ] ::1 /month6/1031/index.php/Home/Cart/changeNum?num=1&cart_id=2
INFO: [ app_init ] --START--
INFO: Run Behavior\BuildLiteBehavior [ RunTime:0.000000s ]
INFO: [ app_init ] --END-- [ RunTime:0.001000s ]
INFO: [ app_begin ] --START--
INFO: Run Behavior\ReadHtmlCacheBehavior [ RunTime:0.001000s ]
INFO: [ app_begin ] --END-- [ RunTime:0.001000s ]
SQL: SHOW COLUMNS FROM `cart` [ RunTime:0.0050s ]
SQL: UPDATE `cart` SET `goods_number`='1' WHERE `cart_id` = 2 [ RunTime:0.0770s ]
INFO: [ app_end ] --START--
INFO: Run Behavior\ShowPageTraceBehavior [ RunTime:0.002000s ]
INFO: [ app_end ] --END-- [ RunTime:0.002000s ]

[ 2017-11-22T15:00:00+08:00 ] ::1 /month6/1031/index.php/Home/Cart/changeNum?num=1&cart_id=2
INFO: [ app_init ] --START--
INFO: Run Behavior\BuildLiteBehavior [ RunTime:0.000000s ]
INFO: [ app_init ] --END-- [ RunTime:0.002000s ]
INFO: [ app_begin ] --START--
INFO: Run Behavior\ReadHtmlCacheBehavior [ RunTime:0.000000s ]
INFO: [ app_begin ] --END-- [ RunTime:0.001000s ]
SQL: SHOW COLUMNS FROM `cart` [ RunTime:0.0250s ]
SQL: UPDATE `cart` SET `goods_number`='1' WHERE `cart_id` = 2 [ RunTime:0.1460s ]
INFO: [ app_end ] --START--
INFO: Run Behavior\ShowPageTraceBehavior [ RunTime:0.001000s ]
INFO: [ app_end ] --END-- [ RunTime:0.001000s ]

[ 2017-11-22T15:00:00+08:00 ] ::1 /month6/1031/index.php/Home/Cart/changeNum?num=1&cart_id=2
INFO: [ app_init ] --START--
INFO: Run Behavior\BuildLiteBehavior [ RunTime:0.000000s ]
INFO: [ app_init ] --END-- [ RunTime:0.001000s ]
INFO: [ app_begin ] --START--
INFO: Run Behavior\ReadHtmlCacheBehavior [ RunTime:0.001000s ]
INFO: [ app_begin ] --END-- [ RunTime:0.001000s ]
SQL: SHOW COLUMNS FROM `cart` [ RunTime:0.0060s ]
SQL: UPDATE `cart` SET `goods_number`='1' WHERE `cart_id` = 2 [ RunTime:0.0560s ]
INFO: [ app_end ] --START--
INFO: Run Behavior\ShowPageTraceBehavior [ RunTime:0.001000s ]
INFO: [ app_end ] --END-- [ RunTime:0.002001s ]

[ 2017-11-22T15:00:01+08:00 ] ::1 /month6/1031/index.php/Home/Cart/changeNum?num=1&cart_id=2
INFO: [ app_init ] --START--
INFO: Run Behavior\BuildLiteBehavior [ RunTime:0.000000s ]
INFO: [ app_init ] --END-- [ RunTime:0.001000s ]
INFO: [ app_begin ] --START--
INFO: Run Behavior\ReadHtmlCacheBehavior [ RunTime:0.001001s ]
INFO: [ app_begin ] --END-- [ RunTime:0.002001s ]
SQL: SHOW COLUMNS FROM `cart` [ RunTime:0.0060s ]
SQL: UPDATE `cart` SET `goods_number`='1' WHERE `cart_id` = 2 [ RunTime:0.0520s ]
INFO: [ app_end ] --START--
INFO: Run Behavior\ShowPageTraceBehavior [ RunTime:0.001001s ]
INFO: [ app_end ] --END-- [ RunTime:0.001001s ]

[ 2017-11-22T15:00:01+08:00 ] ::1 /month6/1031/index.php/Home/Cart/changeNum?num=1&cart_id=2
INFO: [ app_init ] --START--
INFO: Run Behavior\BuildLiteBehavior [ RunTime:0.000000s ]
INFO: [ app_init ] --END-- [ RunTime:0.001000s ]
INFO: [ app_begin ] --START--
INFO: Run Behavior\ReadHtmlCacheBehavior [ RunTime:0.001000s ]
INFO: [ app_begin ] --END-- [ RunTime:0.001000s ]
SQL: SHOW COLUMNS FROM `cart` [ RunTime:0.0070s ]
SQL: UPDATE `cart` SET `goods_number`='1' WHERE `cart_id` = 2 [ RunTime:0.0580s ]
INFO: [ app_end ] --START--
INFO: Run Behavior\ShowPageTraceBehavior [ RunTime:0.001000s ]
INFO: [ app_end ] --END-- [ RunTime:0.001000s ]

[ 2017-11-22T15:00:02+08:00 ] ::1 /month6/1031/index.php/Home/Cart/buyCar.html
INFO: [ app_init ] --START--
INFO: Run Behavior\BuildLiteBehavior [ RunTime:0.000000s ]
INFO: [ app_init ] --END-- [ RunTime:0.001000s ]
INFO: [ app_begin ] --START--
INFO: Run Behavior\ReadHtmlCacheBehavior [ RunTime:0.001000s ]
INFO: [ app_begin ] --END-- [ RunTime:0.001000s ]
SQL: SHOW COLUMNS FROM `cart` [ RunTime:0.0070s ]
SQL: SELECT * FROM `cart`  [ RunTime:0.0010s ]
INFO: [ view_parse ] --START--
INFO: [ template_filter ] --START--
INFO: Run Behavior\ContentReplaceBehavior [ RunTime:0.001000s ]
INFO: [ template_filter ] --END-- [ RunTime:0.001000s ]
INFO: Run Behavior\ParseTemplateBehavior [ RunTime:0.057003s ]
INFO: [ view_parse ] --END-- [ RunTime:0.058003s ]
INFO: [ view_filter ] --START--
INFO: Run Behavior\WriteHtmlCacheBehavior [ RunTime:0.001000s ]
INFO: [ view_filter ] --END-- [ RunTime:0.002000s ]
INFO: [ app_end ] --START--
INFO: Run Behavior\ShowPageTraceBehavior [ RunTime:0.002000s ]
INFO: [ app_end ] --END-- [ RunTime:0.003000s ]

[ 2017-11-22T15:05:17+08:00 ] ::1 /month6/1031/index.php/Home/Cart/buyCar.html
INFO: [ app_init ] --START--
INFO: Run Behavior\BuildLiteBehavior [ RunTime:0.000000s ]
INFO: [ app_init ] --END-- [ RunTime:0.001000s ]
INFO: [ app_begin ] --START--
INFO: Run Behavior\ReadHtmlCacheBehavior [ RunTime:0.001000s ]
INFO: [ app_begin ] --END-- [ RunTime:0.001000s ]
SQL: SHOW COLUMNS FROM `cart` [ RunTime:0.0070s ]
SQL: SELECT * FROM `cart`  [ RunTime:0.0000s ]
INFO: [ view_parse ] --START--
INFO: [ template_filter ] --START--
INFO: Run Behavior\ContentReplaceBehavior [ RunTime:0.001000s ]
INFO: [ template_filter ] --END-- [ RunTime:0.001000s ]
INFO: Run Behavior\ParseTemplateBehavior [ RunTime:0.045002s ]
INFO: [ view_parse ] --END-- [ RunTime:0.045002s ]
INFO: [ view_filter ] --START--
INFO: Run Behavior\WriteHtmlCacheBehavior [ RunTime:0.001000s ]
INFO: [ view_filter ] --END-- [ RunTime:0.001000s ]
INFO: [ app_end ] --START--
INFO: Run Behavior\ShowPageTraceBehavior [ RunTime:0.001000s ]
INFO: [ app_end ] --END-- [ RunTime:0.001000s ]

[ 2017-11-22T15:05:19+08:00 ] ::1 /month6/1031/index.php/Home/Cart/changeNum?num=2&cart_id=2
INFO: [ app_init ] --START--
INFO: Run Behavior\BuildLiteBehavior [ RunTime:0.000000s ]
INFO: [ app_init ] --END-- [ RunTime:0.001001s ]
INFO: [ app_begin ] --START--
INFO: Run Behavior\ReadHtmlCacheBehavior [ RunTime:0.001000s ]
INFO: [ app_begin ] --END-- [ RunTime:0.001000s ]
SQL: SHOW COLUMNS FROM `cart` [ RunTime:0.0060s ]
SQL: UPDATE `cart` SET `goods_number`='2' WHERE `cart_id` = 2 [ RunTime:0.0600s ]
SQL: SELECT * FROM `cart` WHERE ( user_id='1' )  [ RunTime:0.0010s ]

[ 2017-11-22T15:05:23+08:00 ] ::1 /month6/1031/index.php/Home/Cart/changeNum?num=2&cart_id=2
INFO: [ app_init ] --START--
INFO: Run Behavior\BuildLiteBehavior [ RunTime:0.001001s ]
INFO: [ app_init ] --END-- [ RunTime:0.001001s ]
INFO: [ app_begin ] --START--
INFO: Run Behavior\ReadHtmlCacheBehavior [ RunTime:0.001000s ]
INFO: [ app_begin ] --END-- [ RunTime:0.001000s ]
SQL: SHOW COLUMNS FROM `cart` [ RunTime:0.0090s ]
SQL: UPDATE `cart` SET `goods_number`='2' WHERE `cart_id` = 2 [ RunTime:0.0630s ]
INFO: [ app_end ] --START--
INFO: Run Behavior\ShowPageTraceBehavior [ RunTime:0.001000s ]
INFO: [ app_end ] --END-- [ RunTime:0.001000s ]

[ 2017-11-22T15:05:24+08:00 ] ::1 /month6/1031/index.php/Home/Cart/changeNum?num=3&cart_id=2
INFO: [ app_init ] --START--
INFO: Run Behavior\BuildLiteBehavior [ RunTime:0.000000s ]
INFO: [ app_init ] --END-- [ RunTime:0.001000s ]
INFO: [ app_begin ] --START--
INFO: Run Behavior\ReadHtmlCacheBehavior [ RunTime:0.001000s ]
INFO: [ app_begin ] --END-- [ RunTime:0.001000s ]
SQL: SHOW COLUMNS FROM `cart` [ RunTime:0.0070s ]
SQL: UPDATE `cart` SET `goods_number`='3' WHERE `cart_id` = 2 [ RunTime:0.0680s ]
SQL: SELECT * FROM `cart` WHERE ( user_id='1' )  [ RunTime:0.0000s ]

[ 2017-11-22T15:05:26+08:00 ] ::1 /month6/1031/index.php/Home/Cart/changeNum?num=2&cart_id=2
INFO: [ app_init ] --START--
INFO: Run Behavior\BuildLiteBehavior [ RunTime:0.000000s ]
INFO: [ app_init ] --END-- [ RunTime:0.001000s ]
INFO: [ app_begin ] --START--
INFO: Run Behavior\ReadHtmlCacheBehavior [ RunTime:0.001000s ]
INFO: [ app_begin ] --END-- [ RunTime:0.001000s ]
SQL: SHOW COLUMNS FROM `cart` [ RunTime:0.0060s ]
SQL: UPDATE `cart` SET `goods_number`='2' WHERE `cart_id` = 2 [ RunTime:0.0520s ]
SQL: SELECT * FROM `cart` WHERE ( user_id='1' )  [ RunTime:0.0010s ]

[ 2017-11-22T15:05:29+08:00 ] ::1 /month6/1031/index.php/Home/Cart/changeNum?num=3&cart_id=2
INFO: [ app_init ] --START--
INFO: Run Behavior\BuildLiteBehavior [ RunTime:0.000000s ]
INFO: [ app_init ] --END-- [ RunTime:0.001000s ]
INFO: [ app_begin ] --START--
INFO: Run Behavior\ReadHtmlCacheBehavior [ RunTime:0.001001s ]
INFO: [ app_begin ] --END-- [ RunTime:0.001001s ]
SQL: SHOW COLUMNS FROM `cart` [ RunTime:0.0240s ]
SQL: UPDATE `cart` SET `goods_number`='3' WHERE `cart_id` = 2 [ RunTime:0.0650s ]
SQL: SELECT * FROM `cart` WHERE ( user_id='1' )  [ RunTime:0.0010s ]

[ 2017-11-22T15:05:32+08:00 ] ::1 /month6/1031/index.php/Home/Cart/changeNum?num=2&cart_id=2
INFO: [ app_init ] --START--
INFO: Run Behavior\BuildLiteBehavior [ RunTime:0.000000s ]
INFO: [ app_init ] --END-- [ RunTime:0.002000s ]
INFO: [ app_begin ] --START--
INFO: Run Behavior\ReadHtmlCacheBehavior [ RunTime:0.001000s ]
INFO: [ app_begin ] --END-- [ RunTime:0.001000s ]
SQL: SHOW COLUMNS FROM `cart` [ RunTime:0.0090s ]
SQL: UPDATE `cart` SET `goods_number`='2' WHERE `cart_id` = 2 [ RunTime:0.0840s ]
SQL: SELECT * FROM `cart` WHERE ( user_id='1' )  [ RunTime:0.0010s ]

[ 2017-11-22T15:05:38+08:00 ] ::1 /month6/1031/index.php/Home/Cart/changeNum?num=2&cart_id=2
INFO: [ app_init ] --START--
INFO: Run Behavior\BuildLiteBehavior [ RunTime:0.000000s ]
INFO: [ app_init ] --END-- [ RunTime:0.001000s ]
INFO: [ app_begin ] --START--
INFO: Run Behavior\ReadHtmlCacheBehavior [ RunTime:0.001000s ]
INFO: [ app_begin ] --END-- [ RunTime:0.001000s ]
SQL: SHOW COLUMNS FROM `cart` [ RunTime:0.0080s ]
SQL: UPDATE `cart` SET `goods_number`='2' WHERE `cart_id` = 2 [ RunTime:0.1450s ]
INFO: [ app_end ] --START--
INFO: Run Behavior\ShowPageTraceBehavior [ RunTime:0.001000s ]
INFO: [ app_end ] --END-- [ RunTime:0.002000s ]

[ 2017-11-22T15:05:40+08:00 ] ::1 /month6/1031/index.php/Home/Cart/changeNum?num=3&cart_id=2
INFO: [ app_init ] --START--
INFO: Run Behavior\BuildLiteBehavior [ RunTime:0.000000s ]
INFO: [ app_init ] --END-- [ RunTime:0.001000s ]
INFO: [ app_begin ] --START--
INFO: Run Behavior\ReadHtmlCacheBehavior [ RunTime:0.001000s ]
INFO: [ app_begin ] --END-- [ RunTime:0.001000s ]
SQL: SHOW COLUMNS FROM `cart` [ RunTime:0.0060s ]
SQL: UPDATE `cart` SET `goods_number`='3' WHERE `cart_id` = 2 [ RunTime:0.0600s ]
SQL: SELECT * FROM `cart` WHERE ( user_id='1' )  [ RunTime:0.0000s ]

[ 2017-11-22T15:05:41+08:00 ] ::1 /month6/1031/index.php/Home/Cart/changeNum?num=4&cart_id=2
INFO: [ app_init ] --START--
INFO: Run Behavior\BuildLiteBehavior [ RunTime:0.000000s ]
INFO: [ app_init ] --END-- [ RunTime:0.001000s ]
INFO: [ app_begin ] --START--
INFO: Run Behavior\ReadHtmlCacheBehavior [ RunTime:0.000000s ]
INFO: [ app_begin ] --END-- [ RunTime:0.001001s ]
SQL: SHOW COLUMNS FROM `cart` [ RunTime:0.0070s ]
SQL: UPDATE `cart` SET `goods_number`='4' WHERE `cart_id` = 2 [ RunTime:0.0600s ]
SQL: SELECT * FROM `cart` WHERE ( user_id='1' )  [ RunTime:0.0010s ]

[ 2017-11-22T21:01:26+08:00 ] 127.0.0.1 /six/index.php
INFO: [ app_init ] --START--
INFO: Run Behavior\BuildLiteBehavior [ RunTime:0.000016s ]
INFO: [ app_init ] --END-- [ RunTime:0.000478s ]
INFO: [ app_begin ] --START--
INFO: Run Behavior\ReadHtmlCacheBehavior [ RunTime:0.000681s ]
INFO: [ app_begin ] --END-- [ RunTime:0.000746s ]

