[ 2017-12-03T18:46:06+08:00 ] 127.0.0.1 /six/index.php
INFO: [ app_init ] --START--
INFO: Run Behavior\BuildLiteBehavior [ RunTime:0.000050s ]
INFO: [ app_init ] --END-- [ RunTime:0.015159s ]
INFO: [ app_begin ] --START--
INFO: Run Behavior\ReadHtmlCacheBehavior [ RunTime:0.019654s ]
INFO: [ app_begin ] --END-- [ RunTime:0.019934s ]
SQL: SHOW COLUMNS FROM `category` [ RunTime:0.0652s ]
SQL: SELECT * FROM `category`  [ RunTime:0.0028s ]
INFO: [ view_parse ] --START--
INFO: [ template_filter ] --START--
INFO: Run Behavior\ContentReplaceBehavior [ RunTime:0.001004s ]
INFO: [ template_filter ] --END-- [ RunTime:0.001157s ]
INFO: Run Behavior\ParseTemplateBehavior [ RunTime:0.135338s ]
INFO: [ view_parse ] --END-- [ RunTime:0.135490s ]
INFO: [ view_filter ] --START--
INFO: Run Behavior\WriteHtmlCacheBehavior [ RunTime:0.022102s ]
INFO: [ view_filter ] --END-- [ RunTime:0.022256s ]
INFO: [ app_end ] --START--
INFO: Run Behavior\ShowPageTraceBehavior [ RunTime:0.039184s ]
INFO: [ app_end ] --END-- [ RunTime:0.039362s ]

[ 2017-12-03T18:46:50+08:00 ] 127.0.0.1 /six/index.php/Home/Goods/goodsList/cat_id/19.html
INFO: [ app_init ] --START--
INFO: Run Behavior\BuildLiteBehavior [ RunTime:0.000020s ]
INFO: [ app_init ] --END-- [ RunTime:0.000735s ]
INFO: [ app_begin ] --START--
INFO: Run Behavior\ReadHtmlCacheBehavior [ RunTime:0.001887s ]
INFO: [ app_begin ] --END-- [ RunTime:0.001997s ]
SQL: SHOW COLUMNS FROM `category` [ RunTime:0.0032s ]
SQL: SELECT * FROM `category`  [ RunTime:0.0006s ]
SQL: SHOW COLUMNS FROM `goods` [ RunTime:0.0771s ]
SQL: SELECT * FROM `goods` WHERE ( cat_id in (19) )  [ RunTime:0.0116s ]
INFO: [ view_parse ] --START--
INFO: [ template_filter ] --START--
INFO: Run Behavior\ContentReplaceBehavior [ RunTime:0.000393s ]
INFO: [ template_filter ] --END-- [ RunTime:0.000514s ]
INFO: Run Behavior\ParseTemplateBehavior [ RunTime:0.058862s ]
INFO: [ view_parse ] --END-- [ RunTime:0.058961s ]
INFO: [ view_filter ] --START--
INFO: Run Behavior\WriteHtmlCacheBehavior [ RunTime:0.000753s ]
INFO: [ view_filter ] --END-- [ RunTime:0.000819s ]
INFO: [ app_end ] --START--
INFO: Run Behavior\ShowPageTraceBehavior [ RunTime:0.001868s ]
INFO: [ app_end ] --END-- [ RunTime:0.001985s ]

[ 2017-12-03T19:21:04+08:00 ] 127.0.0.1 /six/index.php
INFO: [ app_init ] --START--
INFO: Run Behavior\BuildLiteBehavior [ RunTime:0.000017s ]
INFO: [ app_init ] --END-- [ RunTime:0.000519s ]
INFO: [ app_begin ] --START--
INFO: Run Behavior\ReadHtmlCacheBehavior [ RunTime:0.000751s ]
INFO: [ app_begin ] --END-- [ RunTime:0.000822s ]
SQL: SHOW COLUMNS FROM `category` [ RunTime:0.0034s ]
SQL: SELECT * FROM `category`  [ RunTime:0.0008s ]
INFO: [ view_parse ] --START--
INFO: [ template_filter ] --START--
INFO: Run Behavior\ContentReplaceBehavior [ RunTime:0.000341s ]
INFO: [ template_filter ] --END-- [ RunTime:0.000417s ]
INFO: Run Behavior\ParseTemplateBehavior [ RunTime:0.028578s ]
INFO: [ view_parse ] --END-- [ RunTime:0.028639s ]
INFO: [ view_filter ] --START--
INFO: Run Behavior\WriteHtmlCacheBehavior [ RunTime:0.000484s ]
INFO: [ view_filter ] --END-- [ RunTime:0.000530s ]
INFO: [ app_end ] --START--
INFO: Run Behavior\ShowPageTraceBehavior [ RunTime:0.001128s ]
INFO: [ app_end ] --END-- [ RunTime:0.001218s ]

[ 2017-12-03T19:21:08+08:00 ] 127.0.0.1 /six/index.php/Home/Goods/goodsList/cat_id/19.html
INFO: [ app_init ] --START--
INFO: Run Behavior\BuildLiteBehavior [ RunTime:0.000015s ]
INFO: [ app_init ] --END-- [ RunTime:0.000486s ]
INFO: [ app_begin ] --START--
INFO: Run Behavior\ReadHtmlCacheBehavior [ RunTime:0.000667s ]
INFO: [ app_begin ] --END-- [ RunTime:0.000736s ]
SQL: SHOW COLUMNS FROM `category` [ RunTime:0.0040s ]
SQL: SELECT * FROM `category`  [ RunTime:0.0009s ]
SQL: SHOW COLUMNS FROM `goods` [ RunTime:0.0056s ]
SQL: SELECT * FROM `goods` WHERE ( cat_id in (19) )  [ RunTime:0.0009s ]
INFO: [ view_parse ] --START--
INFO: [ template_filter ] --START--
INFO: Run Behavior\ContentReplaceBehavior [ RunTime:0.000183s ]
INFO: [ template_filter ] --END-- [ RunTime:0.000244s ]
INFO: Run Behavior\ParseTemplateBehavior [ RunTime:0.017172s ]
INFO: [ view_parse ] --END-- [ RunTime:0.017239s ]
INFO: [ view_filter ] --START--
INFO: Run Behavior\WriteHtmlCacheBehavior [ RunTime:0.000483s ]
INFO: [ view_filter ] --END-- [ RunTime:0.000530s ]
INFO: [ app_end ] --START--
INFO: Run Behavior\ShowPageTraceBehavior [ RunTime:0.000691s ]
INFO: [ app_end ] --END-- [ RunTime:0.000765s ]

[ 2017-12-03T19:21:09+08:00 ] 127.0.0.1 /six/index.php/Home/Index/product/goods_id/7.html
INFO: [ app_init ] --START--
INFO: Run Behavior\BuildLiteBehavior [ RunTime:0.000013s ]
INFO: [ app_init ] --END-- [ RunTime:0.000392s ]
INFO: [ app_begin ] --START--
INFO: Run Behavior\ReadHtmlCacheBehavior [ RunTime:0.000587s ]
INFO: [ app_begin ] --END-- [ RunTime:0.000650s ]
SQL: SHOW COLUMNS FROM `goods` [ RunTime:0.0041s ]
SQL: SELECT * FROM `goods` WHERE ( goods_id='7' ) LIMIT 1   [ RunTime:0.0010s ]
SQL: SHOW COLUMNS FROM `goods_attr` [ RunTime:0.0629s ]
SQL: SELECT g.goods_attr_id,g.goods_id,g.attr_id,g.attr_values,g.price,a.attr_name,a.attr_type FROM goods_attr g INNER JOIN attribute a on g.attr_id=a.attr_id  WHERE ( goods_id='7' )  [ RunTime:0.0618s ]
INFO: [ view_parse ] --START--
INFO: [ template_filter ] --START--
INFO: Run Behavior\ContentReplaceBehavior [ RunTime:0.000704s ]
INFO: [ template_filter ] --END-- [ RunTime:0.000848s ]
INFO: Run Behavior\ParseTemplateBehavior [ RunTime:0.066646s ]
INFO: [ view_parse ] --END-- [ RunTime:0.066827s ]
INFO: [ view_filter ] --START--
INFO: Run Behavior\WriteHtmlCacheBehavior [ RunTime:0.000782s ]
INFO: [ view_filter ] --END-- [ RunTime:0.000883s ]
INFO: [ app_end ] --START--
INFO: Run Behavior\ShowPageTraceBehavior [ RunTime:0.001207s ]
INFO: [ app_end ] --END-- [ RunTime:0.001315s ]

[ 2017-12-03T19:21:17+08:00 ] 127.0.0.1 /six/index.php/Home/Index/product/goods_id/1.html
INFO: [ app_init ] --START--
INFO: Run Behavior\BuildLiteBehavior [ RunTime:0.000019s ]
INFO: [ app_init ] --END-- [ RunTime:0.000656s ]
INFO: [ app_begin ] --START--
INFO: Run Behavior\ReadHtmlCacheBehavior [ RunTime:0.000937s ]
INFO: [ app_begin ] --END-- [ RunTime:0.001025s ]
SQL: SHOW COLUMNS FROM `goods` [ RunTime:0.0387s ]
SQL: SELECT * FROM `goods` WHERE ( goods_id='1' ) LIMIT 1   [ RunTime:0.0012s ]
SQL: SHOW COLUMNS FROM `goods_attr` [ RunTime:0.0032s ]
SQL: SELECT g.goods_attr_id,g.goods_id,g.attr_id,g.attr_values,g.price,a.attr_name,a.attr_type FROM goods_attr g INNER JOIN attribute a on g.attr_id=a.attr_id  WHERE ( goods_id='1' )  [ RunTime:0.0007s ]
INFO: [ view_parse ] --START--
INFO: [ template_filter ] --START--
INFO: Run Behavior\ContentReplaceBehavior [ RunTime:0.000340s ]
INFO: [ template_filter ] --END-- [ RunTime:0.000413s ]
INFO: Run Behavior\ParseTemplateBehavior [ RunTime:0.019936s ]
INFO: [ view_parse ] --END-- [ RunTime:0.020000s ]
INFO: [ view_filter ] --START--
INFO: Run Behavior\WriteHtmlCacheBehavior [ RunTime:0.000470s ]
INFO: [ view_filter ] --END-- [ RunTime:0.000517s ]
INFO: [ app_end ] --START--
INFO: Run Behavior\ShowPageTraceBehavior [ RunTime:0.000725s ]
INFO: [ app_end ] --END-- [ RunTime:0.000790s ]

[ 2017-12-03T19:21:20+08:00 ] 127.0.0.1 /six/index.php/Home/Cart/cartAdd?goods_id=1&num=1&goods_attr_id%5B%5D=2&goods_attr_id%5B%5D=4&goods_values%5B%5D=%E5%B1%8F%E5%B9%95%E5%A4%A7%E5%B0%8F%EF%BC%9A5.5&goods_values%5B%5D=%E5%86%85%E5%AD%98%EF%BC%9A32G
INFO: [ app_init ] --START--
INFO: Run Behavior\BuildLiteBehavior [ RunTime:0.000013s ]
INFO: [ app_init ] --END-- [ RunTime:0.000459s ]
INFO: [ app_begin ] --START--
INFO: Run Behavior\ReadHtmlCacheBehavior [ RunTime:0.000603s ]
INFO: [ app_begin ] --END-- [ RunTime:0.000653s ]

[ 2017-12-03T19:21:21+08:00 ] 127.0.0.1 /six/index.php/Home/Index/login.html
INFO: [ app_init ] --START--
INFO: Run Behavior\BuildLiteBehavior [ RunTime:0.000034s ]
INFO: [ app_init ] --END-- [ RunTime:0.001463s ]
INFO: [ app_begin ] --START--
INFO: Run Behavior\ReadHtmlCacheBehavior [ RunTime:0.000628s ]
INFO: [ app_begin ] --END-- [ RunTime:0.000694s ]
INFO: [ view_parse ] --START--
INFO: [ template_filter ] --START--
INFO: Run Behavior\ContentReplaceBehavior [ RunTime:0.000184s ]
INFO: [ template_filter ] --END-- [ RunTime:0.000390s ]
INFO: Run Behavior\ParseTemplateBehavior [ RunTime:0.046046s ]
INFO: [ view_parse ] --END-- [ RunTime:0.046126s ]
INFO: [ view_filter ] --START--
INFO: Run Behavior\WriteHtmlCacheBehavior [ RunTime:0.000451s ]
INFO: [ view_filter ] --END-- [ RunTime:0.000506s ]
INFO: [ app_end ] --START--
INFO: Run Behavior\ShowPageTraceBehavior [ RunTime:0.000748s ]
INFO: [ app_end ] --END-- [ RunTime:0.000805s ]

[ 2017-12-03T19:21:30+08:00 ] 127.0.0.1 /six/index.php/Home/Index/loginDo
INFO: [ app_init ] --START--
INFO: Run Behavior\BuildLiteBehavior [ RunTime:0.000022s ]
INFO: [ app_init ] --END-- [ RunTime:0.000768s ]
INFO: [ app_begin ] --START--
INFO: Run Behavior\ReadHtmlCacheBehavior [ RunTime:0.001126s ]
INFO: [ app_begin ] --END-- [ RunTime:0.001229s ]
SQL: SHOW COLUMNS FROM `user` [ RunTime:0.0456s ]
SQL: SELECT * FROM `user` WHERE ( user_name='张岩' ) LIMIT 1   [ RunTime:0.0009s ]
INFO: [ view_parse ] --START--
INFO: [ template_filter ] --START--
INFO: Run Behavior\ContentReplaceBehavior [ RunTime:0.000066s ]
INFO: [ template_filter ] --END-- [ RunTime:0.000130s ]
INFO: Run Behavior\ParseTemplateBehavior [ RunTime:0.029912s ]
INFO: [ view_parse ] --END-- [ RunTime:0.029993s ]
INFO: [ view_filter ] --START--
INFO: Run Behavior\WriteHtmlCacheBehavior [ RunTime:0.000461s ]
INFO: [ view_filter ] --END-- [ RunTime:0.000512s ]

[ 2017-12-03T19:22:18+08:00 ] 127.0.0.1 /six/index.php/Home/Index/loginDo
INFO: [ app_init ] --START--
INFO: Run Behavior\BuildLiteBehavior [ RunTime:0.000021s ]
INFO: [ app_init ] --END-- [ RunTime:0.000692s ]
INFO: [ app_begin ] --START--
INFO: Run Behavior\ReadHtmlCacheBehavior [ RunTime:0.001241s ]
INFO: [ app_begin ] --END-- [ RunTime:0.001351s ]
SQL: SHOW COLUMNS FROM `user` [ RunTime:0.0058s ]
SQL: SELECT * FROM `user` WHERE ( user_name='张岩' ) LIMIT 1   [ RunTime:0.0011s ]
INFO: [ view_parse ] --START--
INFO: [ template_filter ] --START--
INFO: Run Behavior\ContentReplaceBehavior [ RunTime:0.000062s ]
INFO: [ template_filter ] --END-- [ RunTime:0.000141s ]
INFO: Run Behavior\ParseTemplateBehavior [ RunTime:0.008469s ]
INFO: [ view_parse ] --END-- [ RunTime:0.008565s ]
INFO: [ view_filter ] --START--
INFO: Run Behavior\WriteHtmlCacheBehavior [ RunTime:0.000751s ]
INFO: [ view_filter ] --END-- [ RunTime:0.000836s ]

[ 2017-12-03T19:22:30+08:00 ] 127.0.0.1 /six/index.php/Home/Index/loginDo
INFO: [ app_init ] --START--
INFO: Run Behavior\BuildLiteBehavior [ RunTime:0.000012s ]
INFO: [ app_init ] --END-- [ RunTime:0.000450s ]
INFO: [ app_begin ] --START--
INFO: Run Behavior\ReadHtmlCacheBehavior [ RunTime:0.000651s ]
INFO: [ app_begin ] --END-- [ RunTime:0.000709s ]
SQL: SHOW COLUMNS FROM `user` [ RunTime:0.0036s ]
SQL: SELECT * FROM `user` WHERE ( user_name='zhangyan' ) LIMIT 1   [ RunTime:0.0005s ]
INFO: [ view_parse ] --START--
INFO: [ template_filter ] --START--
INFO: Run Behavior\ContentReplaceBehavior [ RunTime:0.000043s ]
INFO: [ template_filter ] --END-- [ RunTime:0.000115s ]
INFO: Run Behavior\ParseTemplateBehavior [ RunTime:0.005649s ]
INFO: [ view_parse ] --END-- [ RunTime:0.005713s ]
INFO: [ view_filter ] --START--
INFO: Run Behavior\WriteHtmlCacheBehavior [ RunTime:0.000464s ]
INFO: [ view_filter ] --END-- [ RunTime:0.000509s ]

[ 2017-12-03T19:22:36+08:00 ] 127.0.0.1 /six/index.php/Home/Index/loginDo
INFO: [ app_init ] --START--
INFO: Run Behavior\BuildLiteBehavior [ RunTime:0.000013s ]
INFO: [ app_init ] --END-- [ RunTime:0.000439s ]
INFO: [ app_begin ] --START--
INFO: Run Behavior\ReadHtmlCacheBehavior [ RunTime:0.000615s ]
INFO: [ app_begin ] --END-- [ RunTime:0.000681s ]
SQL: SHOW COLUMNS FROM `user` [ RunTime:0.0039s ]
SQL: SELECT * FROM `user` WHERE ( user_name='zhangyan' ) LIMIT 1   [ RunTime:0.0008s ]
INFO: [ view_parse ] --START--
INFO: [ template_filter ] --START--
INFO: Run Behavior\ContentReplaceBehavior [ RunTime:0.000042s ]
INFO: [ template_filter ] --END-- [ RunTime:0.000104s ]
INFO: Run Behavior\ParseTemplateBehavior [ RunTime:0.006106s ]
INFO: [ view_parse ] --END-- [ RunTime:0.006178s ]
INFO: [ view_filter ] --START--
INFO: Run Behavior\WriteHtmlCacheBehavior [ RunTime:0.000406s ]
INFO: [ view_filter ] --END-- [ RunTime:0.000452s ]

[ 2017-12-03T19:22:42+08:00 ] 127.0.0.1 /six/index.php/Home/Index/loginDo
INFO: [ app_init ] --START--
INFO: Run Behavior\BuildLiteBehavior [ RunTime:0.000022s ]
INFO: [ app_init ] --END-- [ RunTime:0.000930s ]
INFO: [ app_begin ] --START--
INFO: Run Behavior\ReadHtmlCacheBehavior [ RunTime:0.000634s ]
INFO: [ app_begin ] --END-- [ RunTime:0.000691s ]
SQL: SHOW COLUMNS FROM `user` [ RunTime:0.0034s ]
SQL: SELECT * FROM `user` WHERE ( user_name='zhangyan' ) LIMIT 1   [ RunTime:0.0012s ]
INFO: [ view_parse ] --START--
INFO: [ template_filter ] --START--
INFO: Run Behavior\ContentReplaceBehavior [ RunTime:0.000038s ]
INFO: [ template_filter ] --END-- [ RunTime:0.000088s ]
INFO: Run Behavior\ParseTemplateBehavior [ RunTime:0.005636s ]
INFO: [ view_parse ] --END-- [ RunTime:0.005703s ]
INFO: [ view_filter ] --START--
INFO: Run Behavior\WriteHtmlCacheBehavior [ RunTime:0.000481s ]
INFO: [ view_filter ] --END-- [ RunTime:0.000527s ]
INFO: [ app_end ] --START--
INFO: Run Behavior\ShowPageTraceBehavior [ RunTime:0.000665s ]
INFO: [ app_end ] --END-- [ RunTime:0.000715s ]

[ 2017-12-03T19:22:43+08:00 ] 127.0.0.1 /six/index.php/Home/Index/product/goods_id/1.html
INFO: [ app_init ] --START--
INFO: Run Behavior\BuildLiteBehavior [ RunTime:0.000023s ]
INFO: [ app_init ] --END-- [ RunTime:0.000826s ]
INFO: [ app_begin ] --START--
INFO: Run Behavior\ReadHtmlCacheBehavior [ RunTime:0.000691s ]
INFO: [ app_begin ] --END-- [ RunTime:0.000752s ]
SQL: SHOW COLUMNS FROM `goods` [ RunTime:0.0047s ]
SQL: SELECT * FROM `goods` WHERE ( goods_id='1' ) LIMIT 1   [ RunTime:0.0010s ]
SQL: SHOW COLUMNS FROM `goods_attr` [ RunTime:0.0032s ]
SQL: SELECT g.goods_attr_id,g.goods_id,g.attr_id,g.attr_values,g.price,a.attr_name,a.attr_type FROM goods_attr g INNER JOIN attribute a on g.attr_id=a.attr_id  WHERE ( goods_id='1' )  [ RunTime:0.0006s ]
INFO: [ view_parse ] --START--
INFO: [ template_filter ] --START--
INFO: Run Behavior\ContentReplaceBehavior [ RunTime:0.000267s ]
INFO: [ template_filter ] --END-- [ RunTime:0.000327s ]
INFO: Run Behavior\ParseTemplateBehavior [ RunTime:0.019900s ]
INFO: [ view_parse ] --END-- [ RunTime:0.019987s ]
INFO: [ view_filter ] --START--
INFO: Run Behavior\WriteHtmlCacheBehavior [ RunTime:0.000584s ]
INFO: [ view_filter ] --END-- [ RunTime:0.000652s ]
INFO: [ app_end ] --START--
INFO: Run Behavior\ShowPageTraceBehavior [ RunTime:0.001001s ]
INFO: [ app_end ] --END-- [ RunTime:0.001127s ]

[ 2017-12-03T19:22:46+08:00 ] 127.0.0.1 /six/index.php/Home/Cart/cartAdd?goods_id=1&num=1&goods_attr_id%5B%5D=2&goods_attr_id%5B%5D=4&goods_values%5B%5D=%E5%B1%8F%E5%B9%95%E5%A4%A7%E5%B0%8F%EF%BC%9A5.5&goods_values%5B%5D=%E5%86%85%E5%AD%98%EF%BC%9A32G
INFO: [ app_init ] --START--
INFO: Run Behavior\BuildLiteBehavior [ RunTime:0.000013s ]
INFO: [ app_init ] --END-- [ RunTime:0.000444s ]
INFO: [ app_begin ] --START--
INFO: Run Behavior\ReadHtmlCacheBehavior [ RunTime:0.000673s ]
INFO: [ app_begin ] --END-- [ RunTime:0.000763s ]
SQL: SHOW COLUMNS FROM `goods` [ RunTime:0.0039s ]
SQL: SELECT * FROM `goods` WHERE ( goods_id='1' ) LIMIT 1   [ RunTime:0.0010s ]
SQL: SHOW COLUMNS FROM `goods_attr` [ RunTime:0.0036s ]
SQL: SELECT sum(price) as price FROM `goods_attr` WHERE ( goods_attr_id in (2,4) )  [ RunTime:0.0576s ]
SQL: SHOW COLUMNS FROM `product` [ RunTime:0.0038s ]
SQL: SELECT * FROM `product` WHERE ( goods_id='1' and goods_attr='2,4' ) LIMIT 1   [ RunTime:0.0009s ]
SQL: SHOW COLUMNS FROM `cart` [ RunTime:0.0038s ]
SQL: SELECT * FROM `cart` WHERE ( user_id='1' and goods_id='1' and goods_attr_id='2,4' ) LIMIT 1   [ RunTime:0.0009s ]
SQL: INSERT INTO `cart` (`user_id`,`goods_id`,`goods_sn`,`product_id`,`goods_name`,`goods_price`,`goods_number`,`goods_attr`,`goods_attr_id`) VALUES ('1','1','ECS000032','2','诺基亚N851','3310','1','屏幕大小：5.5,内存：32G','2,4') [ RunTime:0.0487s ]

[ 2017-12-03T19:22:48+08:00 ] 127.0.0.1 /six/index.php/Home/Cart/buyCar.html
INFO: [ app_init ] --START--
INFO: Run Behavior\BuildLiteBehavior [ RunTime:0.000013s ]
INFO: [ app_init ] --END-- [ RunTime:0.000453s ]
INFO: [ app_begin ] --START--
INFO: Run Behavior\ReadHtmlCacheBehavior [ RunTime:0.000720s ]
INFO: [ app_begin ] --END-- [ RunTime:0.000782s ]
SQL: SHOW COLUMNS FROM `cart` [ RunTime:0.0045s ]
SQL: SELECT * FROM `cart`  [ RunTime:0.0006s ]
INFO: [ view_parse ] --START--
INFO: [ template_filter ] --START--
INFO: Run Behavior\ContentReplaceBehavior [ RunTime:0.000263s ]
INFO: [ template_filter ] --END-- [ RunTime:0.000337s ]
INFO: Run Behavior\ParseTemplateBehavior [ RunTime:0.046611s ]
INFO: [ view_parse ] --END-- [ RunTime:0.046700s ]
INFO: [ view_filter ] --START--
INFO: Run Behavior\WriteHtmlCacheBehavior [ RunTime:0.000489s ]
INFO: [ view_filter ] --END-- [ RunTime:0.000538s ]
INFO: [ app_end ] --START--
INFO: Run Behavior\ShowPageTraceBehavior [ RunTime:0.001245s ]
INFO: [ app_end ] --END-- [ RunTime:0.001404s ]

[ 2017-12-03T19:22:50+08:00 ] 127.0.0.1 /six/index.php/Home/Cart/buyCar_two
INFO: [ app_init ] --START--
INFO: Run Behavior\BuildLiteBehavior [ RunTime:0.000012s ]
INFO: [ app_init ] --END-- [ RunTime:0.000421s ]
INFO: [ app_begin ] --START--
INFO: Run Behavior\ReadHtmlCacheBehavior [ RunTime:0.001299s ]
INFO: [ app_begin ] --END-- [ RunTime:0.001496s ]
SQL: SHOW COLUMNS FROM `user_address` [ RunTime:0.0043s ]
SQL: SELECT * FROM `user_address` WHERE ( user_id='1' )  [ RunTime:0.0018s ]
SQL: SHOW COLUMNS FROM `region` [ RunTime:0.0037s ]
SQL: SELECT * FROM `region` WHERE ( region_id in (1,2,37,410) )  [ RunTime:0.0657s ]
SQL: SELECT * FROM `region` WHERE ( region_id in (1,2,37,404) )  [ RunTime:0.0007s ]
SQL: SELECT * FROM `region` WHERE ( region_id in (1,2,20,500) )  [ RunTime:0.0005s ]
SQL: SHOW COLUMNS FROM `cart` [ RunTime:0.0049s ]
SQL: SELECT * FROM `cart`  [ RunTime:0.0009s ]
SQL: SHOW COLUMNS FROM `user_c` [ RunTime:0.0038s ]
SQL: SELECT * FROM user_c u LEFT JOIN coupon c ON u.coupon_id=c.coupon_id LEFT JOIN conditions cc ON c.condition_id=cc.condition_id WHERE user_id='1' [ RunTime:0.0015s ]
SQL: SELECT * FROM `region` WHERE ( parent_id=0 )  [ RunTime:0.0005s ]
INFO: [ view_parse ] --START--
INFO: [ template_filter ] --START--
INFO: Run Behavior\ContentReplaceBehavior [ RunTime:0.000214s ]
INFO: [ template_filter ] --END-- [ RunTime:0.000276s ]
INFO: Run Behavior\ParseTemplateBehavior [ RunTime:0.045878s ]
INFO: [ view_parse ] --END-- [ RunTime:0.045980s ]
INFO: [ view_filter ] --START--
INFO: Run Behavior\WriteHtmlCacheBehavior [ RunTime:0.000593s ]
INFO: [ view_filter ] --END-- [ RunTime:0.000654s ]
INFO: [ app_end ] --START--
INFO: Run Behavior\ShowPageTraceBehavior [ RunTime:0.000867s ]
INFO: [ app_end ] --END-- [ RunTime:0.000981s ]

[ 2017-12-03T19:22:54+08:00 ] 127.0.0.1 /six/index.php/Home/Order/addOrder.html
INFO: [ app_init ] --START--
INFO: Run Behavior\BuildLiteBehavior [ RunTime:0.000013s ]
INFO: [ app_init ] --END-- [ RunTime:0.000422s ]
INFO: [ app_begin ] --START--
INFO: Run Behavior\ReadHtmlCacheBehavior [ RunTime:0.000680s ]
INFO: [ app_begin ] --END-- [ RunTime:0.000749s ]
SQL: SHOW COLUMNS FROM `user_address` [ RunTime:0.0037s ]
SQL: SELECT * FROM `user_address` WHERE ( user_id='1' and address_id=1 ) LIMIT 1   [ RunTime:0.0007s ]
SQL: SHOW COLUMNS FROM `cart` [ RunTime:0.0045s ]
SQL: SELECT * FROM `cart` WHERE ( user_id='1' )  [ RunTime:0.0017s ]
SQL: SHOW COLUMNS FROM `order_info` [ RunTime:0.0044s ]
SQL: INSERT INTO `order_info` (`order_sn`,`user_id`,`order_status`,`pay_status`,`shipping_name`,`shipping_id`,`consignee`,`country`,`province`,`city`,`district`,`tel`,`address`,`pay_id`,`pay_name`,`goods_amount`,`order_amount`) VALUES ('15123001749646','1','1','0','申通快递','1','zhangyan','1','2','37','410','000000','八维','1','余额支付','3310','3310') [ RunTime:0.0006s ]
SQL: SHOW COLUMNS FROM `order_goods` [ RunTime:0.0035s ]
SQL: INSERT INTO `order_goods` (`goods_id`,`goods_sn`,`product_id`,`goods_name`,`goods_price`,`goods_number`,`goods_attr`,`goods_attr_id`,`order_id`) VALUES ('1','ECS000032','2','诺基亚N851','3310.00','1','屏幕大小：5.5,内存：32G','2,4','33') [ RunTime:0.0006s ]
SQL: SHOW COLUMNS FROM `product` [ RunTime:0.0038s ]
SQL: SELECT * FROM `product` WHERE ( goods_id=1 and goods_attr='2,4' ) LIMIT 1   [ RunTime:0.0009s ]
SQL: UPDATE `product` SET `goods_id`='1',`goods_attr`='2,4',`product_number`='58',`product_sn`='2' WHERE `product_id` = 2 [ RunTime:0.0138s ]
SQL: DELETE FROM `cart` WHERE ( user_id='1' ) [ RunTime:0.0096s ]

[ 2017-12-03T19:22:54+08:00 ] 127.0.0.1 /six/index.php/Home/Cart/buyCar_three/order_sn/15123001749646.html
INFO: [ app_init ] --START--
INFO: Run Behavior\BuildLiteBehavior [ RunTime:0.000033s ]
INFO: [ app_init ] --END-- [ RunTime:0.000739s ]
INFO: [ app_begin ] --START--
INFO: Run Behavior\ReadHtmlCacheBehavior [ RunTime:0.000789s ]
INFO: [ app_begin ] --END-- [ RunTime:0.000872s ]
INFO: [ view_parse ] --START--
INFO: [ template_filter ] --START--
INFO: Run Behavior\ContentReplaceBehavior [ RunTime:0.000211s ]
INFO: [ template_filter ] --END-- [ RunTime:0.000332s ]
INFO: Run Behavior\ParseTemplateBehavior [ RunTime:0.030344s ]
INFO: [ view_parse ] --END-- [ RunTime:0.030409s ]
INFO: [ view_filter ] --START--
INFO: Run Behavior\WriteHtmlCacheBehavior [ RunTime:0.000460s ]
INFO: [ view_filter ] --END-- [ RunTime:0.000508s ]
INFO: [ app_end ] --START--
INFO: Run Behavior\ShowPageTraceBehavior [ RunTime:0.000930s ]
INFO: [ app_end ] --END-- [ RunTime:0.001015s ]

[ 2017-12-03T19:23:02+08:00 ] 127.0.0.1 /six/index.php/Home/Order/sellOrder/order_sn/15123001749646.html
INFO: [ app_init ] --START--
INFO: Run Behavior\BuildLiteBehavior [ RunTime:0.000020s ]
INFO: [ app_init ] --END-- [ RunTime:0.000736s ]
INFO: [ app_begin ] --START--
INFO: Run Behavior\ReadHtmlCacheBehavior [ RunTime:0.001008s ]
INFO: [ app_begin ] --END-- [ RunTime:0.001099s ]
INFO: [ app_end ] --START--
INFO: Run Behavior\ShowPageTraceBehavior [ RunTime:0.001164s ]
INFO: [ app_end ] --END-- [ RunTime:0.001280s ]

