[ 2017-12-14T11:04:02+08:00 ] 127.0.0.1 /six/index.php
INFO: [ app_init ] --START--
INFO: Run Behavior\BuildLiteBehavior [ RunTime:0.000026s ]
INFO: [ app_init ] --END-- [ RunTime:0.010678s ]
INFO: [ app_begin ] --START--
INFO: Run Behavior\ReadHtmlCacheBehavior [ RunTime:0.014148s ]
INFO: [ app_begin ] --END-- [ RunTime:0.014259s ]
SQL: SHOW COLUMNS FROM `category` [ RunTime:0.0084s ]
SQL: SELECT * FROM `category`  [ RunTime:0.0018s ]
INFO: [ view_parse ] --START--
INFO: [ template_filter ] --START--
INFO: Run Behavior\ContentReplaceBehavior [ RunTime:0.000350s ]
INFO: [ template_filter ] --END-- [ RunTime:0.000444s ]
INFO: Run Behavior\ParseTemplateBehavior [ RunTime:0.148170s ]
INFO: [ view_parse ] --END-- [ RunTime:0.148298s ]
INFO: [ view_filter ] --START--
INFO: Run Behavior\WriteHtmlCacheBehavior [ RunTime:0.047116s ]
INFO: [ view_filter ] --END-- [ RunTime:0.047194s ]
INFO: [ app_end ] --START--
INFO: Run Behavior\ShowPageTraceBehavior [ RunTime:0.006764s ]
INFO: [ app_end ] --END-- [ RunTime:0.006843s ]

[ 2017-12-14T11:04:04+08:00 ] 127.0.0.1 /six/index.php/Home/Goods/goodsList/cat_id/1.html
INFO: [ app_init ] --START--
INFO: Run Behavior\BuildLiteBehavior [ RunTime:0.000013s ]
INFO: [ app_init ] --END-- [ RunTime:0.000354s ]
INFO: [ app_begin ] --START--
INFO: Run Behavior\ReadHtmlCacheBehavior [ RunTime:0.000578s ]
INFO: [ app_begin ] --END-- [ RunTime:0.000684s ]
SQL: SHOW COLUMNS FROM `category` [ RunTime:0.0058s ]
SQL: SELECT * FROM `category`  [ RunTime:0.0011s ]
SQL: SHOW COLUMNS FROM `goods` [ RunTime:0.0076s ]
SQL: SELECT * FROM `goods` WHERE ( cat_id in (1,4,19,20,7,17,18) )  [ RunTime:0.0017s ]
INFO: [ view_parse ] --START--
INFO: [ template_filter ] --START--
INFO: Run Behavior\ContentReplaceBehavior [ RunTime:0.000225s ]
INFO: [ template_filter ] --END-- [ RunTime:0.000322s ]
INFO: Run Behavior\ParseTemplateBehavior [ RunTime:0.063306s ]
INFO: [ view_parse ] --END-- [ RunTime:0.063435s ]
INFO: [ view_filter ] --START--
INFO: Run Behavior\WriteHtmlCacheBehavior [ RunTime:0.000597s ]
INFO: [ view_filter ] --END-- [ RunTime:0.000662s ]
INFO: [ app_end ] --START--
INFO: Run Behavior\ShowPageTraceBehavior [ RunTime:0.000796s ]
INFO: [ app_end ] --END-- [ RunTime:0.000898s ]

[ 2017-12-14T11:15:42+08:00 ] 127.0.0.1 /six/index.php/Home/Goods/goodsList/cat_id/3.html
INFO: [ app_init ] --START--
INFO: Run Behavior\BuildLiteBehavior [ RunTime:0.000014s ]
INFO: [ app_init ] --END-- [ RunTime:0.000508s ]
INFO: [ app_begin ] --START--
INFO: Run Behavior\ReadHtmlCacheBehavior [ RunTime:0.000705s ]
INFO: [ app_begin ] --END-- [ RunTime:0.000769s ]
SQL: SHOW COLUMNS FROM `category` [ RunTime:0.0039s ]
SQL: SELECT * FROM `category`  [ RunTime:0.0008s ]
SQL: SHOW COLUMNS FROM `goods` [ RunTime:0.0037s ]
SQL: SELECT * FROM `goods` WHERE ( cat_id in (3,11,12) )  [ RunTime:0.0010s ]
INFO: [ view_parse ] --START--
INFO: [ template_filter ] --START--
INFO: Run Behavior\ContentReplaceBehavior [ RunTime:0.000197s ]
INFO: [ template_filter ] --END-- [ RunTime:0.000253s ]
INFO: Run Behavior\ParseTemplateBehavior [ RunTime:0.015867s ]
INFO: [ view_parse ] --END-- [ RunTime:0.015925s ]
INFO: [ view_filter ] --START--
INFO: Run Behavior\WriteHtmlCacheBehavior [ RunTime:0.000440s ]
INFO: [ view_filter ] --END-- [ RunTime:0.000486s ]
INFO: [ app_end ] --START--
INFO: Run Behavior\ShowPageTraceBehavior [ RunTime:0.000741s ]
INFO: [ app_end ] --END-- [ RunTime:0.000819s ]

[ 2017-12-14T11:15:44+08:00 ] 127.0.0.1 /six/index.php/Home/Index/product/goods_id/33.html
INFO: [ app_init ] --START--
INFO: Run Behavior\BuildLiteBehavior [ RunTime:0.000012s ]
INFO: [ app_init ] --END-- [ RunTime:0.000431s ]
INFO: [ app_begin ] --START--
INFO: Run Behavior\ReadHtmlCacheBehavior [ RunTime:0.000513s ]
INFO: [ app_begin ] --END-- [ RunTime:0.000563s ]
SQL: SHOW COLUMNS FROM `goods` [ RunTime:0.0059s ]
SQL: SELECT * FROM `goods` WHERE ( goods_id='33' ) LIMIT 1   [ RunTime:0.0010s ]
SQL: SHOW COLUMNS FROM `goods_attr` [ RunTime:0.0034s ]
SQL: SELECT g.goods_attr_id,g.goods_id,g.attr_id,g.attr_values,g.price,a.attr_type,a.attr_name FROM goods_attr g INNER JOIN attribute a on g.attr_id=a.attr_id  WHERE ( g.goods_id='33' )  [ RunTime:0.0011s ]
INFO: [ view_parse ] --START--
INFO: [ template_filter ] --START--
INFO: Run Behavior\ContentReplaceBehavior [ RunTime:0.000364s ]
INFO: [ template_filter ] --END-- [ RunTime:0.000444s ]
INFO: Run Behavior\ParseTemplateBehavior [ RunTime:0.102214s ]
INFO: [ view_parse ] --END-- [ RunTime:0.102305s ]
INFO: [ view_filter ] --START--
INFO: Run Behavior\WriteHtmlCacheBehavior [ RunTime:0.000485s ]
INFO: [ view_filter ] --END-- [ RunTime:0.000549s ]
INFO: [ app_end ] --START--
INFO: Run Behavior\ShowPageTraceBehavior [ RunTime:0.000893s ]
INFO: [ app_end ] --END-- [ RunTime:0.001124s ]

[ 2017-12-14T11:15:54+08:00 ] 127.0.0.1 /six/index.php/Home/Cart/cartAdd?goods_id=33&num=1&goods_attr_id%5B%5D=45&goods_attr_id%5B%5D=47&goods_values%5B%5D=%E5%B1%8F%E5%B9%95%E5%A4%A7%E5%B0%8F%EF%BC%9A14%E5%AF%B8&goods_values%5B%5D=%E5%86%85%E5%AD%98%EF%BC%9A32G
INFO: [ app_init ] --START--
INFO: Run Behavior\BuildLiteBehavior [ RunTime:0.000016s ]
INFO: [ app_init ] --END-- [ RunTime:0.000551s ]
INFO: [ app_begin ] --START--
INFO: Run Behavior\ReadHtmlCacheBehavior [ RunTime:0.000743s ]
INFO: [ app_begin ] --END-- [ RunTime:0.000819s ]

[ 2017-12-14T11:15:57+08:00 ] 127.0.0.1 /six/index.php/Home/Index/login.html
INFO: [ app_init ] --START--
INFO: Run Behavior\BuildLiteBehavior [ RunTime:0.000012s ]
INFO: [ app_init ] --END-- [ RunTime:0.000454s ]
INFO: [ app_begin ] --START--
INFO: Run Behavior\ReadHtmlCacheBehavior [ RunTime:0.000513s ]
INFO: [ app_begin ] --END-- [ RunTime:0.000566s ]
INFO: [ view_parse ] --START--
INFO: [ template_filter ] --START--
INFO: Run Behavior\ContentReplaceBehavior [ RunTime:0.000061s ]
INFO: [ template_filter ] --END-- [ RunTime:0.000125s ]
INFO: Run Behavior\ParseTemplateBehavior [ RunTime:0.023836s ]
INFO: [ view_parse ] --END-- [ RunTime:0.023912s ]
INFO: [ view_filter ] --START--
INFO: Run Behavior\WriteHtmlCacheBehavior [ RunTime:0.000574s ]
INFO: [ view_filter ] --END-- [ RunTime:0.000642s ]
INFO: [ app_end ] --START--
INFO: Run Behavior\ShowPageTraceBehavior [ RunTime:0.001015s ]
INFO: [ app_end ] --END-- [ RunTime:0.001109s ]

[ 2017-12-14T11:16:08+08:00 ] 127.0.0.1 /six/index.php/Home/Index/loginDo
INFO: [ app_init ] --START--
INFO: Run Behavior\BuildLiteBehavior [ RunTime:0.000015s ]
INFO: [ app_init ] --END-- [ RunTime:0.000588s ]
INFO: [ app_begin ] --START--
INFO: Run Behavior\ReadHtmlCacheBehavior [ RunTime:0.000595s ]
INFO: [ app_begin ] --END-- [ RunTime:0.000653s ]
SQL: SHOW COLUMNS FROM `user` [ RunTime:0.0035s ]
SQL: SELECT * FROM `user` WHERE ( user_name='zhangyan' ) LIMIT 1   [ RunTime:0.0007s ]
INFO: [ view_parse ] --START--
INFO: [ template_filter ] --START--
INFO: Run Behavior\ContentReplaceBehavior [ RunTime:0.000039s ]
INFO: [ template_filter ] --END-- [ RunTime:0.000093s ]
INFO: Run Behavior\ParseTemplateBehavior [ RunTime:0.019697s ]
INFO: [ view_parse ] --END-- [ RunTime:0.019762s ]
INFO: [ view_filter ] --START--
INFO: Run Behavior\WriteHtmlCacheBehavior [ RunTime:0.000433s ]
INFO: [ view_filter ] --END-- [ RunTime:0.000483s ]
INFO: [ app_end ] --START--
INFO: Run Behavior\ShowPageTraceBehavior [ RunTime:0.000648s ]
INFO: [ app_end ] --END-- [ RunTime:0.000702s ]

[ 2017-12-14T11:16:09+08:00 ] 127.0.0.1 /six/index.php/Home/Index/product/goods_id/33.html
INFO: [ app_init ] --START--
INFO: Run Behavior\BuildLiteBehavior [ RunTime:0.000027s ]
INFO: [ app_init ] --END-- [ RunTime:0.001406s ]
INFO: [ app_begin ] --START--
INFO: Run Behavior\ReadHtmlCacheBehavior [ RunTime:0.000769s ]
INFO: [ app_begin ] --END-- [ RunTime:0.000850s ]
SQL: SHOW COLUMNS FROM `goods` [ RunTime:0.0066s ]
SQL: SELECT * FROM `goods` WHERE ( goods_id='33' ) LIMIT 1   [ RunTime:0.0015s ]
SQL: SHOW COLUMNS FROM `goods_attr` [ RunTime:0.0049s ]
SQL: SELECT g.goods_attr_id,g.goods_id,g.attr_id,g.attr_values,g.price,a.attr_type,a.attr_name FROM goods_attr g INNER JOIN attribute a on g.attr_id=a.attr_id  WHERE ( g.goods_id='33' )  [ RunTime:0.0009s ]
INFO: [ view_parse ] --START--
INFO: [ template_filter ] --START--
INFO: Run Behavior\ContentReplaceBehavior [ RunTime:0.000311s ]
INFO: [ template_filter ] --END-- [ RunTime:0.000389s ]
INFO: Run Behavior\ParseTemplateBehavior [ RunTime:0.018937s ]
INFO: [ view_parse ] --END-- [ RunTime:0.019008s ]
INFO: [ view_filter ] --START--
INFO: Run Behavior\WriteHtmlCacheBehavior [ RunTime:0.000352s ]
INFO: [ view_filter ] --END-- [ RunTime:0.000396s ]
INFO: [ app_end ] --START--
INFO: Run Behavior\ShowPageTraceBehavior [ RunTime:0.000962s ]
INFO: [ app_end ] --END-- [ RunTime:0.001082s ]

[ 2017-12-14T11:18:41+08:00 ] 127.0.0.1 /six/index.php/Home/Index/product/goods_id/33.html
INFO: [ app_init ] --START--
INFO: Run Behavior\BuildLiteBehavior [ RunTime:0.000019s ]
INFO: [ app_init ] --END-- [ RunTime:0.000679s ]
INFO: [ app_begin ] --START--
INFO: Run Behavior\ReadHtmlCacheBehavior [ RunTime:0.000994s ]
INFO: [ app_begin ] --END-- [ RunTime:0.001085s ]
SQL: SHOW COLUMNS FROM `goods` [ RunTime:0.0073s ]
SQL: SELECT * FROM `goods` WHERE ( goods_id='33' ) LIMIT 1   [ RunTime:0.0016s ]
SQL: SHOW COLUMNS FROM `goods_attr` [ RunTime:0.0052s ]
SQL: SELECT g.goods_attr_id,g.goods_id,g.attr_id,g.attr_values,g.price,a.attr_type,a.attr_name FROM goods_attr g INNER JOIN attribute a on g.attr_id=a.attr_id  WHERE ( g.goods_id='33' )  [ RunTime:0.0013s ]
INFO: [ view_parse ] --START--
INFO: [ template_filter ] --START--
INFO: Run Behavior\ContentReplaceBehavior [ RunTime:0.000265s ]
INFO: [ template_filter ] --END-- [ RunTime:0.000342s ]
INFO: Run Behavior\ParseTemplateBehavior [ RunTime:0.026309s ]
INFO: [ view_parse ] --END-- [ RunTime:0.026388s ]
INFO: [ view_filter ] --START--
INFO: Run Behavior\WriteHtmlCacheBehavior [ RunTime:0.000440s ]
INFO: [ view_filter ] --END-- [ RunTime:0.000486s ]
INFO: [ app_end ] --START--
INFO: Run Behavior\ShowPageTraceBehavior [ RunTime:0.000781s ]
INFO: [ app_end ] --END-- [ RunTime:0.000866s ]

[ 2017-12-14T11:27:15+08:00 ] 127.0.0.1 /six/index.php/Home/Cart/cartAdd?goods_id=33&num=1&goods_attr_id%5B%5D=45&goods_attr_id%5B%5D=47&goods_values%5B%5D=%E5%B1%8F%E5%B9%95%E5%A4%A7%E5%B0%8F%EF%BC%9A14%E5%AF%B8&goods_values%5B%5D=%E5%86%85%E5%AD%98%EF%BC%9A32G
INFO: [ app_init ] --START--
INFO: Run Behavior\BuildLiteBehavior [ RunTime:0.000023s ]
INFO: [ app_init ] --END-- [ RunTime:0.000911s ]
INFO: [ app_begin ] --START--
INFO: Run Behavior\ReadHtmlCacheBehavior [ RunTime:0.001017s ]
INFO: [ app_begin ] --END-- [ RunTime:0.001121s ]
SQL: SHOW COLUMNS FROM `goods` [ RunTime:0.0373s ]
SQL: SELECT * FROM `goods` WHERE ( goods_id='33' ) LIMIT 1   [ RunTime:0.0019s ]
SQL: SHOW COLUMNS FROM `goods_attr` [ RunTime:0.0070s ]
SQL: SELECT sum(price) as price FROM `goods_attr` WHERE ( goods_attr_id in (45,47) )  [ RunTime:0.0017s ]
SQL: SHOW COLUMNS FROM `product` [ RunTime:0.0069s ]
SQL: SELECT * FROM `product` WHERE ( goods_id='33' and goods_attr='45,47' ) LIMIT 1   [ RunTime:0.0010s ]
SQL: SHOW COLUMNS FROM `cart` [ RunTime:0.0039s ]
SQL: SELECT * FROM `cart` WHERE ( user_id='1' and goods_id='33' and goods_attr_id='45,47' ) LIMIT 1   [ RunTime:0.0008s ]
SQL: UPDATE `cart` SET `user_id`='1',`session_id`='',`goods_id`='33',`goods_sn`='ECS000032',`product_id`='18',`goods_name`='99999',`goods_price`='3100.00',`goods_number`='3',`goods_attr`='屏幕大小：14寸,内存：32G',`goods_attr_id`='45,47' WHERE `cart_id` = 3 [ RunTime:0.0507s ]

[ 2017-12-14T11:27:17+08:00 ] 127.0.0.1 /six/index.php/Home/Cart/buyCar.html
INFO: [ app_init ] --START--
INFO: Run Behavior\BuildLiteBehavior [ RunTime:0.000022s ]
INFO: [ app_init ] --END-- [ RunTime:0.000762s ]
INFO: [ app_begin ] --START--
INFO: Run Behavior\ReadHtmlCacheBehavior [ RunTime:0.000592s ]
INFO: [ app_begin ] --END-- [ RunTime:0.000653s ]
SQL: SHOW COLUMNS FROM `cart` [ RunTime:0.0037s ]
SQL: SELECT * FROM `cart`  [ RunTime:0.0011s ]
INFO: [ view_parse ] --START--
INFO: [ template_filter ] --START--
INFO: Run Behavior\ContentReplaceBehavior [ RunTime:0.000624s ]
INFO: [ template_filter ] --END-- [ RunTime:0.000770s ]
INFO: Run Behavior\ParseTemplateBehavior [ RunTime:0.033046s ]
INFO: [ view_parse ] --END-- [ RunTime:0.033118s ]
INFO: [ view_filter ] --START--
INFO: Run Behavior\WriteHtmlCacheBehavior [ RunTime:0.000404s ]
INFO: [ view_filter ] --END-- [ RunTime:0.000448s ]
INFO: [ app_end ] --START--
INFO: Run Behavior\ShowPageTraceBehavior [ RunTime:0.000696s ]
INFO: [ app_end ] --END-- [ RunTime:0.000762s ]

[ 2017-12-14T11:27:19+08:00 ] 127.0.0.1 /six/index.php/Home/Cart/changeNum?num=2&cart_id=3
INFO: [ app_init ] --START--
INFO: Run Behavior\BuildLiteBehavior [ RunTime:0.000014s ]
INFO: [ app_init ] --END-- [ RunTime:0.000473s ]
INFO: [ app_begin ] --START--
INFO: Run Behavior\ReadHtmlCacheBehavior [ RunTime:0.000610s ]
INFO: [ app_begin ] --END-- [ RunTime:0.000676s ]
SQL: SHOW COLUMNS FROM `cart` [ RunTime:0.0039s ]
SQL: UPDATE `cart` SET `goods_number`='2' WHERE `cart_id` = 3 [ RunTime:0.0509s ]
SQL: SELECT * FROM `cart` WHERE ( user_id='1' )  [ RunTime:0.0008s ]

[ 2017-12-14T11:27:22+08:00 ] 127.0.0.1 /six/index.php/Home/Cart/changeNum?num=2&cart_id=3
INFO: [ app_init ] --START--
INFO: Run Behavior\BuildLiteBehavior [ RunTime:0.000012s ]
INFO: [ app_init ] --END-- [ RunTime:0.000424s ]
INFO: [ app_begin ] --START--
INFO: Run Behavior\ReadHtmlCacheBehavior [ RunTime:0.000560s ]
INFO: [ app_begin ] --END-- [ RunTime:0.000612s ]
SQL: SHOW COLUMNS FROM `cart` [ RunTime:0.0034s ]
SQL: UPDATE `cart` SET `goods_number`='2' WHERE `cart_id` = 3 [ RunTime:0.0007s ]
INFO: [ app_end ] --START--
INFO: Run Behavior\ShowPageTraceBehavior [ RunTime:0.000614s ]
INFO: [ app_end ] --END-- [ RunTime:0.000665s ]

[ 2017-12-14T11:27:22+08:00 ] 127.0.0.1 /six/index.php/Home/Cart/changeNum?num=3&cart_id=3
INFO: [ app_init ] --START--
INFO: Run Behavior\BuildLiteBehavior [ RunTime:0.000012s ]
INFO: [ app_init ] --END-- [ RunTime:0.000429s ]
INFO: [ app_begin ] --START--
INFO: Run Behavior\ReadHtmlCacheBehavior [ RunTime:0.000525s ]
INFO: [ app_begin ] --END-- [ RunTime:0.000572s ]
SQL: SHOW COLUMNS FROM `cart` [ RunTime:0.0040s ]
SQL: UPDATE `cart` SET `goods_number`='3' WHERE `cart_id` = 3 [ RunTime:0.0711s ]
SQL: SELECT * FROM `cart` WHERE ( user_id='1' )  [ RunTime:0.0013s ]

[ 2017-12-14T11:27:23+08:00 ] 127.0.0.1 /six/index.php/Home/Cart/changeNum?num=4&cart_id=3
INFO: [ app_init ] --START--
INFO: Run Behavior\BuildLiteBehavior [ RunTime:0.000014s ]
INFO: [ app_init ] --END-- [ RunTime:0.000467s ]
INFO: [ app_begin ] --START--
INFO: Run Behavior\ReadHtmlCacheBehavior [ RunTime:0.000544s ]
INFO: [ app_begin ] --END-- [ RunTime:0.000598s ]
SQL: SHOW COLUMNS FROM `cart` [ RunTime:0.0035s ]
SQL: UPDATE `cart` SET `goods_number`='4' WHERE `cart_id` = 3 [ RunTime:0.0553s ]
SQL: SELECT * FROM `cart` WHERE ( user_id='1' )  [ RunTime:0.0009s ]

[ 2017-12-14T11:27:24+08:00 ] 127.0.0.1 /six/index.php/Home/Cart/changeNum?num=5&cart_id=3
INFO: [ app_init ] --START--
INFO: Run Behavior\BuildLiteBehavior [ RunTime:0.000013s ]
INFO: [ app_init ] --END-- [ RunTime:0.000458s ]
INFO: [ app_begin ] --START--
INFO: Run Behavior\ReadHtmlCacheBehavior [ RunTime:0.000507s ]
INFO: [ app_begin ] --END-- [ RunTime:0.000554s ]
SQL: SHOW COLUMNS FROM `cart` [ RunTime:0.0038s ]
SQL: UPDATE `cart` SET `goods_number`='5' WHERE `cart_id` = 3 [ RunTime:0.0693s ]
SQL: SELECT * FROM `cart` WHERE ( user_id='1' )  [ RunTime:0.0013s ]

[ 2017-12-14T11:27:24+08:00 ] 127.0.0.1 /six/index.php/Home/Cart/changeNum?num=6&cart_id=3
INFO: [ app_init ] --START--
INFO: Run Behavior\BuildLiteBehavior [ RunTime:0.000014s ]
INFO: [ app_init ] --END-- [ RunTime:0.000490s ]
INFO: [ app_begin ] --START--
INFO: Run Behavior\ReadHtmlCacheBehavior [ RunTime:0.000568s ]
INFO: [ app_begin ] --END-- [ RunTime:0.000623s ]
SQL: SHOW COLUMNS FROM `cart` [ RunTime:0.0034s ]
SQL: UPDATE `cart` SET `goods_number`='6' WHERE `cart_id` = 3 [ RunTime:0.0406s ]
SQL: SELECT * FROM `cart` WHERE ( user_id='1' )  [ RunTime:0.0006s ]

[ 2017-12-14T11:27:24+08:00 ] 127.0.0.1 /six/index.php/Home/Cart/changeNum?num=7&cart_id=3
INFO: [ app_init ] --START--
INFO: Run Behavior\BuildLiteBehavior [ RunTime:0.000054s ]
INFO: [ app_init ] --END-- [ RunTime:0.000507s ]
INFO: [ app_begin ] --START--
INFO: Run Behavior\ReadHtmlCacheBehavior [ RunTime:0.000530s ]
INFO: [ app_begin ] --END-- [ RunTime:0.000581s ]
SQL: SHOW COLUMNS FROM `cart` [ RunTime:0.0034s ]
SQL: UPDATE `cart` SET `goods_number`='7' WHERE `cart_id` = 3 [ RunTime:0.1164s ]
SQL: SELECT * FROM `cart` WHERE ( user_id='1' )  [ RunTime:0.0020s ]

[ 2017-12-14T11:27:24+08:00 ] 127.0.0.1 /six/index.php/Home/Cart/changeNum?num=8&cart_id=3
INFO: [ app_init ] --START--
INFO: Run Behavior\BuildLiteBehavior [ RunTime:0.000012s ]
INFO: [ app_init ] --END-- [ RunTime:0.000383s ]
INFO: [ app_begin ] --START--
INFO: Run Behavior\ReadHtmlCacheBehavior [ RunTime:0.000522s ]
INFO: [ app_begin ] --END-- [ RunTime:0.000570s ]
SQL: SHOW COLUMNS FROM `cart` [ RunTime:0.0033s ]
SQL: UPDATE `cart` SET `goods_number`='8' WHERE `cart_id` = 3 [ RunTime:0.0486s ]
SQL: SELECT * FROM `cart` WHERE ( user_id='1' )  [ RunTime:0.0008s ]

[ 2017-12-14T11:27:25+08:00 ] 127.0.0.1 /six/index.php/Home/Cart/changeNum?num=9&cart_id=3
INFO: [ app_init ] --START--
INFO: Run Behavior\BuildLiteBehavior [ RunTime:0.000016s ]
INFO: [ app_init ] --END-- [ RunTime:0.000456s ]
INFO: [ app_begin ] --START--
INFO: Run Behavior\ReadHtmlCacheBehavior [ RunTime:0.000606s ]
INFO: [ app_begin ] --END-- [ RunTime:0.000666s ]
SQL: SHOW COLUMNS FROM `cart` [ RunTime:0.0035s ]
SQL: UPDATE `cart` SET `goods_number`='9' WHERE `cart_id` = 3 [ RunTime:0.0428s ]
SQL: SELECT * FROM `cart` WHERE ( user_id='1' )  [ RunTime:0.0008s ]

[ 2017-12-14T11:27:25+08:00 ] 127.0.0.1 /six/index.php/Home/Cart/changeNum?num=10&cart_id=3
INFO: [ app_init ] --START--
INFO: Run Behavior\BuildLiteBehavior [ RunTime:0.000012s ]
INFO: [ app_init ] --END-- [ RunTime:0.000428s ]
INFO: [ app_begin ] --START--
INFO: Run Behavior\ReadHtmlCacheBehavior [ RunTime:0.000507s ]
INFO: [ app_begin ] --END-- [ RunTime:0.000555s ]
SQL: SHOW COLUMNS FROM `cart` [ RunTime:0.0033s ]
SQL: UPDATE `cart` SET `goods_number`='10' WHERE `cart_id` = 3 [ RunTime:0.0509s ]
SQL: SELECT * FROM `cart` WHERE ( user_id='1' )  [ RunTime:0.0010s ]

[ 2017-12-14T11:27:29+08:00 ] 127.0.0.1 /six/index.php/Home/Cart/changeNum?num=101&cart_id=3
INFO: [ app_init ] --START--
INFO: Run Behavior\BuildLiteBehavior [ RunTime:0.000013s ]
INFO: [ app_init ] --END-- [ RunTime:0.000469s ]
INFO: [ app_begin ] --START--
INFO: Run Behavior\ReadHtmlCacheBehavior [ RunTime:0.000560s ]
INFO: [ app_begin ] --END-- [ RunTime:0.000621s ]
SQL: SHOW COLUMNS FROM `cart` [ RunTime:0.0037s ]
SQL: UPDATE `cart` SET `goods_number`='101' WHERE `cart_id` = 3 [ RunTime:0.0784s ]
SQL: SELECT * FROM `cart` WHERE ( user_id='1' )  [ RunTime:0.0008s ]

[ 2017-12-14T11:28:00+08:00 ] 127.0.0.1 /six/index.php/Home/Cart/changeNum?num=102&cart_id=3
INFO: [ app_init ] --START--
INFO: Run Behavior\BuildLiteBehavior [ RunTime:0.000026s ]
INFO: [ app_init ] --END-- [ RunTime:0.001006s ]
INFO: [ app_begin ] --START--
INFO: Run Behavior\ReadHtmlCacheBehavior [ RunTime:0.001178s ]
INFO: [ app_begin ] --END-- [ RunTime:0.001294s ]
SQL: SHOW COLUMNS FROM `cart` [ RunTime:0.0049s ]
SQL: UPDATE `cart` SET `goods_number`='102' WHERE `cart_id` = 3 [ RunTime:0.0535s ]
SQL: SELECT * FROM `cart` WHERE ( user_id='1' )  [ RunTime:0.0007s ]

[ 2017-12-14T11:28:06+08:00 ] 127.0.0.1 /six/index.php/Home/Cart/changeNum?num=100003&cart_id=3
INFO: [ app_init ] --START--
INFO: Run Behavior\BuildLiteBehavior [ RunTime:0.000013s ]
INFO: [ app_init ] --END-- [ RunTime:0.000461s ]
INFO: [ app_begin ] --START--
INFO: Run Behavior\ReadHtmlCacheBehavior [ RunTime:0.000574s ]
INFO: [ app_begin ] --END-- [ RunTime:0.000624s ]
SQL: SHOW COLUMNS FROM `cart` [ RunTime:0.0034s ]
ERR: 1264:Out of range value adjusted for column 'goods_number' at row 1
 [ SQL语句 ] : UPDATE `cart` SET `goods_number`='100003' WHERE `cart_id` = 3
ERR: 1264:Out of range value adjusted for column 'goods_number' at row 1
 [ SQL语句 ] : UPDATE `cart` SET `goods_number`='100003' WHERE `cart_id` = 3

[ 2017-12-14T11:28:14+08:00 ] 127.0.0.1 /six/index.php/Home/Cart/changeNum?num=1004&cart_id=3
INFO: [ app_init ] --START--
INFO: Run Behavior\BuildLiteBehavior [ RunTime:0.000013s ]
INFO: [ app_init ] --END-- [ RunTime:0.000441s ]
INFO: [ app_begin ] --START--
INFO: Run Behavior\ReadHtmlCacheBehavior [ RunTime:0.000532s ]
INFO: [ app_begin ] --END-- [ RunTime:0.000583s ]
SQL: SHOW COLUMNS FROM `cart` [ RunTime:0.0035s ]
SQL: UPDATE `cart` SET `goods_number`='1004' WHERE `cart_id` = 3 [ RunTime:0.0472s ]
SQL: SELECT * FROM `cart` WHERE ( user_id='1' )  [ RunTime:0.0013s ]

[ 2017-12-14T11:28:34+08:00 ] 127.0.0.1 /six/index.php/Home/Cart/changeNum?num=2&cart_id=3
INFO: [ app_init ] --START--
INFO: Run Behavior\BuildLiteBehavior [ RunTime:0.000031s ]
INFO: [ app_init ] --END-- [ RunTime:0.001075s ]
INFO: [ app_begin ] --START--
INFO: Run Behavior\ReadHtmlCacheBehavior [ RunTime:0.001310s ]
INFO: [ app_begin ] --END-- [ RunTime:0.001450s ]
SQL: SHOW COLUMNS FROM `cart` [ RunTime:0.0093s ]
SQL: UPDATE `cart` SET `goods_number`='2' WHERE `cart_id` = 3 [ RunTime:0.0506s ]
SQL: SELECT * FROM `cart` WHERE ( user_id='1' )  [ RunTime:0.0009s ]

[ 2017-12-14T11:35:07+08:00 ] 127.0.0.1 /six/index.php/Home/Index/product/goods_id/33.html
INFO: [ app_init ] --START--
INFO: Run Behavior\BuildLiteBehavior [ RunTime:0.000029s ]
INFO: [ app_init ] --END-- [ RunTime:0.000975s ]
INFO: [ app_begin ] --START--
INFO: Run Behavior\ReadHtmlCacheBehavior [ RunTime:0.001403s ]
INFO: [ app_begin ] --END-- [ RunTime:0.001585s ]
SQL: SHOW COLUMNS FROM `goods` [ RunTime:0.0106s ]
SQL: SELECT * FROM `goods` WHERE ( goods_id='33' ) LIMIT 1   [ RunTime:0.0021s ]
SQL: SHOW COLUMNS FROM `goods_attr` [ RunTime:0.0085s ]
SQL: SELECT g.goods_attr_id,g.goods_id,g.attr_id,g.attr_values,g.price,a.attr_type,a.attr_name FROM goods_attr g INNER JOIN attribute a on g.attr_id=a.attr_id  WHERE ( g.goods_id='33' )  [ RunTime:0.0024s ]
INFO: [ view_parse ] --START--
INFO: [ template_filter ] --START--
INFO: Run Behavior\ContentReplaceBehavior [ RunTime:0.000404s ]
INFO: [ template_filter ] --END-- [ RunTime:0.000488s ]
INFO: Run Behavior\ParseTemplateBehavior [ RunTime:0.032857s ]
INFO: [ view_parse ] --END-- [ RunTime:0.032968s ]
INFO: [ view_filter ] --START--
INFO: Run Behavior\WriteHtmlCacheBehavior [ RunTime:0.000659s ]
INFO: [ view_filter ] --END-- [ RunTime:0.000729s ]
INFO: [ app_end ] --START--
INFO: Run Behavior\ShowPageTraceBehavior [ RunTime:0.001248s ]
INFO: [ app_end ] --END-- [ RunTime:0.001370s ]

[ 2017-12-14T11:35:16+08:00 ] 127.0.0.1 /six/index.php/Home/Index/product/goods_id/33.html
INFO: [ app_init ] --START--
INFO: Run Behavior\BuildLiteBehavior [ RunTime:0.000012s ]
INFO: [ app_init ] --END-- [ RunTime:0.000460s ]
INFO: [ app_begin ] --START--
INFO: Run Behavior\ReadHtmlCacheBehavior [ RunTime:0.000593s ]
INFO: [ app_begin ] --END-- [ RunTime:0.000646s ]
SQL: SHOW COLUMNS FROM `goods` [ RunTime:0.0053s ]
SQL: SELECT * FROM `goods` WHERE ( goods_id='33' ) LIMIT 1   [ RunTime:0.0037s ]
SQL: SHOW COLUMNS FROM `goods_attr` [ RunTime:0.0034s ]
SQL: SELECT g.goods_attr_id,g.goods_id,g.attr_id,g.attr_values,g.price,a.attr_type,a.attr_name FROM goods_attr g INNER JOIN attribute a on g.attr_id=a.attr_id  WHERE ( g.goods_id='33' )  [ RunTime:0.0008s ]
INFO: [ view_parse ] --START--
INFO: [ template_filter ] --START--
INFO: Run Behavior\ContentReplaceBehavior [ RunTime:0.000473s ]
INFO: [ template_filter ] --END-- [ RunTime:0.000634s ]
INFO: Run Behavior\ParseTemplateBehavior [ RunTime:0.021631s ]
INFO: [ view_parse ] --END-- [ RunTime:0.021697s ]
INFO: [ view_filter ] --START--
INFO: Run Behavior\WriteHtmlCacheBehavior [ RunTime:0.000497s ]
INFO: [ view_filter ] --END-- [ RunTime:0.000545s ]
INFO: [ app_end ] --START--
INFO: Run Behavior\ShowPageTraceBehavior [ RunTime:0.000717s ]
INFO: [ app_end ] --END-- [ RunTime:0.000806s ]

[ 2017-12-14T11:35:17+08:00 ] 127.0.0.1 /six/index.php/Home/Index/product/goods_id/33.html
INFO: [ app_init ] --START--
INFO: Run Behavior\BuildLiteBehavior [ RunTime:0.000014s ]
INFO: [ app_init ] --END-- [ RunTime:0.000552s ]
INFO: [ app_begin ] --START--
INFO: Run Behavior\ReadHtmlCacheBehavior [ RunTime:0.000564s ]
INFO: [ app_begin ] --END-- [ RunTime:0.000626s ]
SQL: SHOW COLUMNS FROM `goods` [ RunTime:0.0048s ]
SQL: SELECT * FROM `goods` WHERE ( goods_id='33' ) LIMIT 1   [ RunTime:0.0013s ]
SQL: SHOW COLUMNS FROM `goods_attr` [ RunTime:0.0032s ]
SQL: SELECT g.goods_attr_id,g.goods_id,g.attr_id,g.attr_values,g.price,a.attr_type,a.attr_name FROM goods_attr g INNER JOIN attribute a on g.attr_id=a.attr_id  WHERE ( g.goods_id='33' )  [ RunTime:0.0009s ]
INFO: [ view_parse ] --START--
INFO: [ template_filter ] --START--
INFO: Run Behavior\ContentReplaceBehavior [ RunTime:0.000266s ]
INFO: [ template_filter ] --END-- [ RunTime:0.000324s ]
INFO: Run Behavior\ParseTemplateBehavior [ RunTime:0.018977s ]
INFO: [ view_parse ] --END-- [ RunTime:0.019039s ]
INFO: [ view_filter ] --START--
INFO: Run Behavior\WriteHtmlCacheBehavior [ RunTime:0.000322s ]
INFO: [ view_filter ] --END-- [ RunTime:0.000368s ]
INFO: [ app_end ] --START--
INFO: Run Behavior\ShowPageTraceBehavior [ RunTime:0.000624s ]
INFO: [ app_end ] --END-- [ RunTime:0.000691s ]

