[ 2017-11-09T17:00:10+08:00 ] ::1 /month6/1031/index.php/Attribute/attribute_list/goods_type_id/
INFO: [ app_init ] --START--
INFO: Run Behavior\BuildLiteBehavior [ RunTime:0.000000s ]
INFO: [ app_init ] --END-- [ RunTime:0.001000s ]
ERR: 无法加载模块:Attribute

[ 2017-11-09T19:16:07+08:00 ] ::1 /month6/1031/index.php/Attribute/attribute_list/goods_type_id/
INFO: [ app_init ] --START--
INFO: Run Behavior\BuildLiteBehavior [ RunTime:0.000000s ]
INFO: [ app_init ] --END-- [ RunTime:0.001000s ]
ERR: 无法加载模块:Attribute

[ 2017-11-09T19:16:11+08:00 ] ::1 /month6/1031/index.php/Attribute/attribute_list/goods_type_id/
INFO: [ app_init ] --START--
INFO: Run Behavior\BuildLiteBehavior [ RunTime:0.000000s ]
INFO: [ app_init ] --END-- [ RunTime:0.001000s ]
ERR: 无法加载模块:Attribute

[ 2017-11-09T19:27:49+08:00 ] ::1 /month6/1031/index.php/Attribute/attribute_list/goods_type_id/
INFO: [ app_init ] --START--
INFO: Run Behavior\BuildLiteBehavior [ RunTime:0.000000s ]
INFO: [ app_init ] --END-- [ RunTime:0.001000s ]
ERR: 无法加载模块:Attribute

